<?xml version="1.0" encoding="utf-8"?>
<TestRun id="6d9301d2-ad2c-4459-aba7-e3bbd54c8057" name="3AVNN@LEARNPC 2026-09-25 21:39:49" runUser="LEARNPC\3AVNN" xmlns="http://microsoft.com/schemas/VisualStudio/TeamTest/2010">
  <Times creation="2026-09-25T21:39:49.9698725+07:00" queuing="2026-09-25T21:39:49.9698728+07:00" start="2026-09-25T21:39:30.0295889+07:00" finish="2026-09-25T21:40:00.9193936+07:00" />
  <TestSettings name="default" id="26f06aee-e6d8-440e-8180-ac77559a26ff">
    <Deployment runDeploymentRoot="3AVNN_LEARNPC_2026-09-25_21_39_49" />
  </TestSettings>
  <Results>
    <UnitTestResult executionId="8a11bc1c-1719-4e6d-88ef-c9046249865d" testId="aa1f2c84-8f12-be0d-f4e8-75b256267bb8" testName="TagEkyc.IntegrationTests.Tip88C1C1ResolverAssemblyTests.C118_exact_seal_replay_precedes_stale_revision" computerName="LEARNPC" duration="00:00:04.8941407" startTime="2026-09-25T21:39:54.8441667+07:00" endTime="2026-09-25T21:39:54.8441669+07:00" testType="13cdc9d9-ddb5-4fa4-a97d-d965ccfc6d4b" outcome="Passed" testListId="8c84fa94-04c1-424b-9868-57a2d4851a1d" relativeResultsDirectory="8a11bc1c-1719-4e6d-88ef-c9046249865d" />
    <UnitTestResult executionId="b12c7267-f514-4309-bd63-467a0fbff95b" testId="90d64e64-2841-35c2-9480-e2fa4323ad13" testName="TagEkyc.IntegrationTests.Tip88C1C1ResolverAssemblyTests.C121_assembly_sealed_is_a_closed_job_state_and_event" computerName="LEARNPC" duration="00:00:04.8821331" startTime="2026-09-25T21:39:59.7262844+07:00" endTime="2026-09-25T21:39:59.7262845+07:00" testType="13cdc9d9-ddb5-4fa4-a97d-d965ccfc6d4b" outcome="Passed" testListId="8c84fa94-04c1-424b-9868-57a2d4851a1d" relativeResultsDirectory="b12c7267-f514-4309-bd63-467a0fbff95b" />
    <UnitTestResult executionId="3c7c9d53-b1fd-4105-8b5f-06455db9504b" testId="4645fd3c-f690-118f-ac77-602d5e47f8d6" testName="TagEkyc.IntegrationTests.Tip88C1C1ResolverAssemblyTests.C120_seal_commits_preparation_identity_items_head_and_event" computerName="LEARNPC" duration="00:00:06.5180720" startTime="2026-09-25T21:39:49.9493552+07:00" endTime="2026-09-25T21:39:49.9493709+07:00" testType="13cdc9d9-ddb5-4fa4-a97d-d965ccfc6d4b" outcome="Passed" testListId="8c84fa94-04c1-424b-9868-57a2d4851a1d" relativeResultsDirectory="3c7c9d53-b1fd-4105-8b5f-06455db9504b" />
  </Results>
  <TestDefinitions>
    <UnitTest name="TagEkyc.IntegrationTests.Tip88C1C1ResolverAssemblyTests.C120_seal_commits_preparation_identity_items_head_and_event" storage="d:\task\remote signing\tagekyc\tests\tagekyc.integrationtests\bin\debug\net8.0\tagekyc.integrationtests.dll" id="4645fd3c-f690-118f-ac77-602d5e47f8d6">
      <Execution id="3c7c9d53-b1fd-4105-8b5f-06455db9504b" />
      <TestMethod codeBase="D:\Task\Remote Signing\TagEkyc\tests\TagEkyc.IntegrationTests\bin\Debug\net8.0\TagEkyc.IntegrationTests.dll" adapterTypeName="executor://xunit/VsTestRunner2/netcoreapp" className="TagEkyc.IntegrationTests.Tip88C1C1ResolverAssemblyTests" name="C120_seal_commits_preparation_identity_items_head_and_event" />
    </UnitTest>
    <UnitTest name="TagEkyc.IntegrationTests.Tip88C1C1ResolverAssemblyTests.C121_assembly_sealed_is_a_closed_job_state_and_event" storage="d:\task\remote signing\tagekyc\tests\tagekyc.integrationtests\bin\debug\net8.0\tagekyc.integrationtests.dll" id="90d64e64-2841-35c2-9480-e2fa4323ad13">
      <Execution id="b12c7267-f514-4309-bd63-467a0fbff95b" />
      <TestMethod codeBase="D:\Task\Remote Signing\TagEkyc\tests\TagEkyc.IntegrationTests\bin\Debug\net8.0\TagEkyc.IntegrationTests.dll" adapterTypeName="executor://xunit/VsTestRunner2/netcoreapp" className="TagEkyc.IntegrationTests.Tip88C1C1ResolverAssemblyTests" name="C121_assembly_sealed_is_a_closed_job_state_and_event" />
    </UnitTest>
    <UnitTest name="TagEkyc.IntegrationTests.Tip88C1C1ResolverAssemblyTests.C118_exact_seal_replay_precedes_stale_revision" storage="d:\task\remote signing\tagekyc\tests\tagekyc.integrationtests\bin\debug\net8.0\tagekyc.integrationtests.dll" id="aa1f2c84-8f12-be0d-f4e8-75b256267bb8">
      <Execution id="8a11bc1c-1719-4e6d-88ef-c9046249865d" />
      <TestMethod codeBase="D:\Task\Remote Signing\TagEkyc\tests\TagEkyc.IntegrationTests\bin\Debug\net8.0\TagEkyc.IntegrationTests.dll" adapterTypeName="executor://xunit/VsTestRunner2/netcoreapp" className="TagEkyc.IntegrationTests.Tip88C1C1ResolverAssemblyTests" name="C118_exact_seal_replay_precedes_stale_revision" />
    </UnitTest>
  </TestDefinitions>
  <TestEntries>
    <TestEntry testId="aa1f2c84-8f12-be0d-f4e8-75b256267bb8" executionId="8a11bc1c-1719-4e6d-88ef-c9046249865d" testListId="8c84fa94-04c1-424b-9868-57a2d4851a1d" />
    <TestEntry testId="90d64e64-2841-35c2-9480-e2fa4323ad13" executionId="b12c7267-f514-4309-bd63-467a0fbff95b" testListId="8c84fa94-04c1-424b-9868-57a2d4851a1d" />
    <TestEntry testId="4645fd3c-f690-118f-ac77-602d5e47f8d6" executionId="3c7c9d53-b1fd-4105-8b5f-06455db9504b" testListId="8c84fa94-04c1-424b-9868-57a2d4851a1d" />
  </TestEntries>
  <TestLists>
    <TestList name="Results Not in a List" id="8c84fa94-04c1-424b-9868-57a2d4851a1d" />
    <TestList name="All Loaded Results" id="19431567-8539-422a-85d7-44ee4e166bda" />
  </TestLists>
  <ResultSummary outcome="Completed">
    <Counters total="3" executed="3" passed="3" failed="0" error="0" timeout="0" aborted="0" inconclusive="0" passedButRunAborted="0" notRunnable="0" notExecuted="0" disconnected="0" warning="0" completed="0" inProgress="0" pending="0" />
    <Output>
      <StdOut>[xUnit.net 00:00:00.00] xUnit.net VSTest Adapter v2.5.3.1+6b60a9e56a (64-bit .NET 8.0.22)&#xD;
[xUnit.net 00:00:00.66]   Discovering: TagEkyc.IntegrationTests&#xD;
[xUnit.net 00:00:00.84]   Discovered:  TagEkyc.IntegrationTests&#xD;
[xUnit.net 00:00:00.84]   Starting:    TagEkyc.IntegrationTests&#xD;
[xUnit.net 00:00:30.05]   Finished:    TagEkyc.IntegrationTests&#xD;
</StdOut>
    </Output>
  </ResultSummary>
</TestRun>