<?xml version="1.0" encoding="utf-8"?>
<TestRun id="243692cb-bf93-4c45-a76c-c61c7769e963" name="3AVNN@LEARNPC 2026-09-24 19:52:23" runUser="LEARNPC\3AVNN" xmlns="http://microsoft.com/schemas/VisualStudio/TeamTest/2010">
  <Times creation="2026-09-24T19:52:23.0283089+07:00" queuing="2026-09-24T19:52:23.0283091+07:00" start="2026-09-24T19:52:19.1694561+07:00" finish="2026-09-24T19:52:23.0325778+07:00" />
  <TestSettings name="default" id="ddcfe5b3-2dc5-4df4-8e14-7b5b19645b0b">
    <Deployment runDeploymentRoot="3AVNN_LEARNPC_2026-09-24_19_52_23" />
  </TestSettings>
  <Results>
    <UnitTestResult executionId="f8909f99-d3f8-46b4-8810-3afcde75679c" testId="6dd5c85b-ef18-c11b-d05a-d2a271c46384" testName="TagEkyc.IntegrationTests.Tip88C1C6BA3ApiHostGraphTests.ActivatedWithCurrentGeneratedZeroOpenSealBlocksRawIngressAtSiteGate" computerName="LEARNPC" duration="00:00:00.6602312" startTime="2026-09-24T19:52:22.9471470+07:00" endTime="2026-09-24T19:52:22.9471735+07:00" testType="13cdc9d9-ddb5-4fa4-a97d-d965ccfc6d4b" outcome="Passed" testListId="8c84fa94-04c1-424b-9868-57a2d4851a1d" relativeResultsDirectory="f8909f99-d3f8-46b4-8810-3afcde75679c" />
  </Results>
  <TestDefinitions>
    <UnitTest name="TagEkyc.IntegrationTests.Tip88C1C6BA3ApiHostGraphTests.ActivatedWithCurrentGeneratedZeroOpenSealBlocksRawIngressAtSiteGate" storage="d:\task\remote signing\tagekyc\tests\tagekyc.integrationtests\bin\debug\net8.0\tagekyc.integrationtests.dll" id="6dd5c85b-ef18-c11b-d05a-d2a271c46384">
      <Execution id="f8909f99-d3f8-46b4-8810-3afcde75679c" />
      <TestMethod codeBase="D:\Task\Remote Signing\TagEkyc\tests\TagEkyc.IntegrationTests\bin\Debug\net8.0\TagEkyc.IntegrationTests.dll" adapterTypeName="executor://xunit/VsTestRunner2/netcoreapp" className="TagEkyc.IntegrationTests.Tip88C1C6BA3ApiHostGraphTests" name="ActivatedWithCurrentGeneratedZeroOpenSealBlocksRawIngressAtSiteGate" />
    </UnitTest>
  </TestDefinitions>
  <TestEntries>
    <TestEntry testId="6dd5c85b-ef18-c11b-d05a-d2a271c46384" executionId="f8909f99-d3f8-46b4-8810-3afcde75679c" testListId="8c84fa94-04c1-424b-9868-57a2d4851a1d" />
  </TestEntries>
  <TestLists>
    <TestList name="Results Not in a List" id="8c84fa94-04c1-424b-9868-57a2d4851a1d" />
    <TestList name="All Loaded Results" id="19431567-8539-422a-85d7-44ee4e166bda" />
  </TestLists>
  <ResultSummary outcome="Completed">
    <Counters total="1" executed="1" passed="1" failed="0" error="0" timeout="0" aborted="0" inconclusive="0" passedButRunAborted="0" notRunnable="0" notExecuted="0" disconnected="0" warning="0" completed="0" inProgress="0" pending="0" />
    <Output>
      <StdOut>[xUnit.net 00:00:00.00] xUnit.net VSTest Adapter v2.5.3.1+6b60a9e56a (64-bit .NET 8.0.22)&#xD;
[xUnit.net 00:00:01.51]   Discovering: TagEkyc.IntegrationTests&#xD;
[xUnit.net 00:00:01.68]   Discovered:  TagEkyc.IntegrationTests&#xD;
[xUnit.net 00:00:01.69]   Starting:    TagEkyc.IntegrationTests&#xD;
fail: TagEkyc.Api.SiteRawIngressTransportQualificationMonitor[0]&#xD;
      CAPTURE_RUNTIME_SITE_RAW_INGRESS_TRANSPORT_QUALIFICATION_INVALID state=Missing validUntilUtc=(null)&#xD;
warn: Microsoft.AspNetCore.HttpsPolicy.HttpsRedirectionMiddleware[3]&#xD;
      Failed to determine the https port for redirect.&#xD;
[xUnit.net 00:00:02.39]   Finished:    TagEkyc.IntegrationTests&#xD;
</StdOut>
    </Output>
  </ResultSummary>
</TestRun>