<?xml version="1.0" encoding="utf-8"?>
<TestRun id="e2ed4162-b709-4bec-8709-f08d4f5100ca" name="3AVNN@LEARNPC 2026-09-24 16:16:38" runUser="LEARNPC\3AVNN" xmlns="http://microsoft.com/schemas/VisualStudio/TeamTest/2010">
  <Times creation="2026-09-24T16:16:38.0179245+07:00" queuing="2026-09-24T16:16:38.0179248+07:00" start="2026-09-24T16:16:13.3676277+07:00" finish="2026-09-24T16:17:20.6787723+07:00" />
  <TestSettings name="default" id="d07597a9-380d-43c9-946e-e3a3a7f6dfb2">
    <Deployment runDeploymentRoot="3AVNN_LEARNPC_2026-09-24_16_16_38" />
  </TestSettings>
  <Results>
    <UnitTestResult executionId="31c72060-aa33-4c16-9a64-4c9db3531042" testId="0b2aab3c-b6d4-0a94-0977-d700fb770da8" testName="TagEkyc.IntegrationTests.Tip88C1C1ResolverAssemblyTests.C102_missing_duplicate_or_mismatched_source_has_zero_bindings" computerName="LEARNPC" duration="00:00:09.7000981" startTime="2026-09-24T16:17:19.2925776+07:00" endTime="2026-09-24T16:17:19.2925779+07:00" testType="13cdc9d9-ddb5-4fa4-a97d-d965ccfc6d4b" outcome="Passed" testListId="8c84fa94-04c1-424b-9868-57a2d4851a1d" relativeResultsDirectory="31c72060-aa33-4c16-9a64-4c9db3531042" />
    <UnitTestResult executionId="432490c2-3847-4bc9-a647-9cf31bfc6550" testId="40439020-0b9a-5ba1-6bb8-d00b33795342" testName="TagEkyc.IntegrationTests.Tip88C1C1ResolverAssemblyTests.C112_first_fresh_barrier_precedes_source_read" computerName="LEARNPC" duration="00:00:09.9418171" startTime="2026-09-24T16:16:59.4379331+07:00" endTime="2026-09-24T16:16:59.4379335+07:00" testType="13cdc9d9-ddb5-4fa4-a97d-d965ccfc6d4b" outcome="Passed" testListId="8c84fa94-04c1-424b-9868-57a2d4851a1d" relativeResultsDirectory="432490c2-3847-4bc9-a647-9cf31bfc6550" />
    <UnitTestResult executionId="52edf341-c299-4643-baee-87f20416c1f4" testId="d8ea26f4-8314-b487-efcb-53d24b0f547e" testName="TagEkyc.IntegrationTests.Tip88C1C1ResolverAssemblyTests.A3_W2_AssemblyExactOutcomeMatrixUsesOneSharedProviderFixture" computerName="LEARNPC" duration="00:00:11.5088402" startTime="2026-09-24T16:16:49.4960051+07:00" endTime="2026-09-24T16:16:49.4960055+07:00" testType="13cdc9d9-ddb5-4fa4-a97d-d965ccfc6d4b" outcome="Passed" testListId="8c84fa94-04c1-424b-9868-57a2d4851a1d" relativeResultsDirectory="52edf341-c299-4643-baee-87f20416c1f4" />
    <UnitTestResult executionId="81b58d6b-f84c-46cd-98bc-ea23ace82a93" testId="5fba6443-d442-0239-166b-473977c58daa" testName="TagEkyc.IntegrationTests.Tip88C1C1ResolverAssemblyTests.A3_ASSEMBLY_P33_SelectedCommittedSourceIsUnavailableWithoutProviderRead" computerName="LEARNPC" duration="00:00:12.1822582" startTime="2026-09-24T16:16:37.9859247+07:00" endTime="2026-09-24T16:16:37.9859526+07:00" testType="13cdc9d9-ddb5-4fa4-a97d-d965ccfc6d4b" outcome="Passed" testListId="8c84fa94-04c1-424b-9868-57a2d4851a1d" relativeResultsDirectory="81b58d6b-f84c-46cd-98bc-ea23ace82a93" />
    <UnitTestResult executionId="ed7753d0-55da-4cf4-9cf1-d87c067dd471" testId="52ab1157-e8e5-ef13-639a-0e38781cc9e0" testName="TagEkyc.IntegrationTests.Tip88C1C1ResolverAssemblyTests.C113_second_fresh_barrier_immediately_precedes_prepare" computerName="LEARNPC" duration="00:00:10.1541789" startTime="2026-09-24T16:17:09.5923402+07:00" endTime="2026-09-24T16:17:09.5923405+07:00" testType="13cdc9d9-ddb5-4fa4-a97d-d965ccfc6d4b" outcome="Passed" testListId="8c84fa94-04c1-424b-9868-57a2d4851a1d" relativeResultsDirectory="ed7753d0-55da-4cf4-9cf1-d87c067dd471" />
  </Results>
  <TestDefinitions>
    <UnitTest name="TagEkyc.IntegrationTests.Tip88C1C1ResolverAssemblyTests.C102_missing_duplicate_or_mismatched_source_has_zero_bindings" storage="d:\task\remote signing\tagekyc\tests\tagekyc.integrationtests\bin\debug\net8.0\tagekyc.integrationtests.dll" id="0b2aab3c-b6d4-0a94-0977-d700fb770da8">
      <Execution id="31c72060-aa33-4c16-9a64-4c9db3531042" />
      <TestMethod codeBase="D:\Task\Remote Signing\TagEkyc\tests\TagEkyc.IntegrationTests\bin\Debug\net8.0\TagEkyc.IntegrationTests.dll" adapterTypeName="executor://xunit/VsTestRunner2/netcoreapp" className="TagEkyc.IntegrationTests.Tip88C1C1ResolverAssemblyTests" name="C102_missing_duplicate_or_mismatched_source_has_zero_bindings" />
    </UnitTest>
    <UnitTest name="TagEkyc.IntegrationTests.Tip88C1C1ResolverAssemblyTests.C113_second_fresh_barrier_immediately_precedes_prepare" storage="d:\task\remote signing\tagekyc\tests\tagekyc.integrationtests\bin\debug\net8.0\tagekyc.integrationtests.dll" id="52ab1157-e8e5-ef13-639a-0e38781cc9e0">
      <Execution id="ed7753d0-55da-4cf4-9cf1-d87c067dd471" />
      <TestMethod codeBase="D:\Task\Remote Signing\TagEkyc\tests\TagEkyc.IntegrationTests\bin\Debug\net8.0\TagEkyc.IntegrationTests.dll" adapterTypeName="executor://xunit/VsTestRunner2/netcoreapp" className="TagEkyc.IntegrationTests.Tip88C1C1ResolverAssemblyTests" name="C113_second_fresh_barrier_immediately_precedes_prepare" />
    </UnitTest>
    <UnitTest name="TagEkyc.IntegrationTests.Tip88C1C1ResolverAssemblyTests.C112_first_fresh_barrier_precedes_source_read" storage="d:\task\remote signing\tagekyc\tests\tagekyc.integrationtests\bin\debug\net8.0\tagekyc.integrationtests.dll" id="40439020-0b9a-5ba1-6bb8-d00b33795342">
      <Execution id="432490c2-3847-4bc9-a647-9cf31bfc6550" />
      <TestMethod codeBase="D:\Task\Remote Signing\TagEkyc\tests\TagEkyc.IntegrationTests\bin\Debug\net8.0\TagEkyc.IntegrationTests.dll" adapterTypeName="executor://xunit/VsTestRunner2/netcoreapp" className="TagEkyc.IntegrationTests.Tip88C1C1ResolverAssemblyTests" name="C112_first_fresh_barrier_precedes_source_read" />
    </UnitTest>
    <UnitTest name="TagEkyc.IntegrationTests.Tip88C1C1ResolverAssemblyTests.A3_ASSEMBLY_P33_SelectedCommittedSourceIsUnavailableWithoutProviderRead" storage="d:\task\remote signing\tagekyc\tests\tagekyc.integrationtests\bin\debug\net8.0\tagekyc.integrationtests.dll" id="5fba6443-d442-0239-166b-473977c58daa">
      <Execution id="81b58d6b-f84c-46cd-98bc-ea23ace82a93" />
      <TestMethod codeBase="D:\Task\Remote Signing\TagEkyc\tests\TagEkyc.IntegrationTests\bin\Debug\net8.0\TagEkyc.IntegrationTests.dll" adapterTypeName="executor://xunit/VsTestRunner2/netcoreapp" className="TagEkyc.IntegrationTests.Tip88C1C1ResolverAssemblyTests" name="A3_ASSEMBLY_P33_SelectedCommittedSourceIsUnavailableWithoutProviderRead" />
    </UnitTest>
    <UnitTest name="TagEkyc.IntegrationTests.Tip88C1C1ResolverAssemblyTests.A3_W2_AssemblyExactOutcomeMatrixUsesOneSharedProviderFixture" storage="d:\task\remote signing\tagekyc\tests\tagekyc.integrationtests\bin\debug\net8.0\tagekyc.integrationtests.dll" id="d8ea26f4-8314-b487-efcb-53d24b0f547e">
      <Execution id="52edf341-c299-4643-baee-87f20416c1f4" />
      <TestMethod codeBase="D:\Task\Remote Signing\TagEkyc\tests\TagEkyc.IntegrationTests\bin\Debug\net8.0\TagEkyc.IntegrationTests.dll" adapterTypeName="executor://xunit/VsTestRunner2/netcoreapp" className="TagEkyc.IntegrationTests.Tip88C1C1ResolverAssemblyTests" name="A3_W2_AssemblyExactOutcomeMatrixUsesOneSharedProviderFixture" />
    </UnitTest>
  </TestDefinitions>
  <TestEntries>
    <TestEntry testId="0b2aab3c-b6d4-0a94-0977-d700fb770da8" executionId="31c72060-aa33-4c16-9a64-4c9db3531042" testListId="8c84fa94-04c1-424b-9868-57a2d4851a1d" />
    <TestEntry testId="40439020-0b9a-5ba1-6bb8-d00b33795342" executionId="432490c2-3847-4bc9-a647-9cf31bfc6550" testListId="8c84fa94-04c1-424b-9868-57a2d4851a1d" />
    <TestEntry testId="d8ea26f4-8314-b487-efcb-53d24b0f547e" executionId="52edf341-c299-4643-baee-87f20416c1f4" testListId="8c84fa94-04c1-424b-9868-57a2d4851a1d" />
    <TestEntry testId="5fba6443-d442-0239-166b-473977c58daa" executionId="81b58d6b-f84c-46cd-98bc-ea23ace82a93" testListId="8c84fa94-04c1-424b-9868-57a2d4851a1d" />
    <TestEntry testId="52ab1157-e8e5-ef13-639a-0e38781cc9e0" executionId="ed7753d0-55da-4cf4-9cf1-d87c067dd471" testListId="8c84fa94-04c1-424b-9868-57a2d4851a1d" />
  </TestEntries>
  <TestLists>
    <TestList name="Results Not in a List" id="8c84fa94-04c1-424b-9868-57a2d4851a1d" />
    <TestList name="All Loaded Results" id="19431567-8539-422a-85d7-44ee4e166bda" />
  </TestLists>
  <ResultSummary outcome="Completed">
    <Counters total="5" executed="5" passed="5" failed="0" error="0" timeout="0" aborted="0" inconclusive="0" passedButRunAborted="0" notRunnable="0" notExecuted="0" disconnected="0" warning="0" completed="0" inProgress="0" pending="0" />
    <Output>
      <StdOut>[xUnit.net 00:00:00.00] xUnit.net VSTest Adapter v2.5.3.1+6b60a9e56a (64-bit .NET 8.0.22)&#xD;
[xUnit.net 00:00:00.52]   Discovering: TagEkyc.IntegrationTests&#xD;
[xUnit.net 00:00:00.68]   Discovered:  TagEkyc.IntegrationTests&#xD;
[xUnit.net 00:00:00.69]   Starting:    TagEkyc.IntegrationTests&#xD;
[xUnit.net 00:01:06.78]   Finished:    TagEkyc.IntegrationTests&#xD;
</StdOut>
    </Output>
  </ResultSummary>
</TestRun>