<?xml version="1.0" encoding="utf-8"?>
<TestRun id="a3fc807a-6e81-4a69-9580-ca7c63a2fcfe" name="3AVNN@LEARNPC 2026-09-23 23:59:44" runUser="LEARNPC\3AVNN" xmlns="http://microsoft.com/schemas/VisualStudio/TeamTest/2010">
  <Times creation="2026-09-23T23:59:44.3736258+07:00" queuing="2026-09-23T23:59:44.3736261+07:00" start="2026-09-23T23:59:26.1360110+07:00" finish="2026-09-23T23:59:44.3778568+07:00" />
  <TestSettings name="default" id="559a9285-3d98-4059-a85b-4792b585198b">
    <Deployment runDeploymentRoot="3AVNN_LEARNPC_2026-09-23_23_59_44" />
  </TestSettings>
  <Results>
    <UnitTestResult executionId="2bc12eb2-61b0-4cc2-99a7-3ae823a79b60" testId="61105ab0-7c86-24e9-0faf-6bbbd0551ce7" testName="TagEkyc.IntegrationTests.RawExportAssemblyDurableWorkSourceTests.Durable_source_owns_candidate_concurrency_recovery_result_and_acl_contracts" computerName="LEARNPC" duration="00:00:00.6499094" startTime="2026-09-23T23:59:43.1315421+07:00" endTime="2026-09-23T23:59:43.1315845+07:00" testType="13cdc9d9-ddb5-4fa4-a97d-d965ccfc6d4b" outcome="Failed" testListId="8c84fa94-04c1-424b-9868-57a2d4851a1d" relativeResultsDirectory="2bc12eb2-61b0-4cc2-99a7-3ae823a79b60">
      <Output>
        <ErrorInfo>
          <Message>TagEkyc.Domain.RawExportJobException : RAW_EXPORT_JOB_REQUEST_VALIDATION_FAILED</Message>
          <StackTrace>   at TagEkyc.Infrastructure.Persistence.EfRawExportJobRepository.Require(Guid value) in D:\Task\Remote Signing\TagEkyc\src\TagEkyc.Infrastructure\Persistence\EfRawExportJobRepository.cs:line 986&#xD;
   at TagEkyc.Infrastructure.Persistence.EfRawExportJobRepository.ValidateActor(AuthenticatedRawExportActor actor) in D:\Task\Remote Signing\TagEkyc\src\TagEkyc.Infrastructure\Persistence\EfRawExportJobRepository.cs:line 963&#xD;
   at TagEkyc.Infrastructure.Persistence.EfRawExportJobRepository.ValidateLeaseCommand(AuthenticatedRawExportActor actor, Guid job, Int64 revision, Int64 fence, Guid owner) in D:\Task\Remote Signing\TagEkyc\src\TagEkyc.Infrastructure\Persistence\EfRawExportJobRepository.cs:line 969&#xD;
   at TagEkyc.Infrastructure.Persistence.EfRawExportJobRepository.AcquireOrReclaimLeaseAsync(AcquireOrReclaimRawExportJobLeaseCommand command, CancellationToken cancellationToken) in D:\Task\Remote Signing\TagEkyc\src\TagEkyc.Infrastructure\Persistence\EfRawExportJobRepository.cs:line 77&#xD;
   at TagEkyc.Infrastructure.RawExport.DurableRawExportAssemblyWorkSource.TryAcquireAsync(CancellationToken cancellationToken) in D:\Task\Remote Signing\TagEkyc\src\TagEkyc.Infrastructure\RawExport\RawExportAssemblyRuntimeInfrastructure.cs:line 167&#xD;
   at TagEkyc.Infrastructure.RawExport.DurableRawExportAssemblyWorkSource.TryAcquireAsync(CancellationToken cancellationToken) in D:\Task\Remote Signing\TagEkyc\src\TagEkyc.Infrastructure\RawExport\RawExportAssemblyRuntimeInfrastructure.cs:line 177&#xD;
   at TagEkyc.Infrastructure.RawExport.DurableRawExportAssemblyWorkSource.TryAcquireAsync(CancellationToken cancellationToken) in D:\Task\Remote Signing\TagEkyc\src\TagEkyc.Infrastructure\RawExport\RawExportAssemblyRuntimeInfrastructure.cs:line 177&#xD;
   at TagEkyc.Infrastructure.RawExport.DurableRawExportAssemblyWorkSource.TryAcquireAsync(CancellationToken cancellationToken) in D:\Task\Remote Signing\TagEkyc\src\TagEkyc.Infrastructure\RawExport\RawExportAssemblyRuntimeInfrastructure.cs:line 177&#xD;
   at TagEkyc.IntegrationTests.RawExportAssemblyDurableWorkSourceTests.Durable_source_owns_candidate_concurrency_recovery_result_and_acl_contracts() in D:\Task\Remote Signing\TagEkyc\tests\TagEkyc.IntegrationTests\RawExportAssemblyDurableWorkSourceTests.cs:line 39&#xD;
   at TagEkyc.IntegrationTests.RawExportAssemblyDurableWorkSourceTests.Durable_source_owns_candidate_concurrency_recovery_result_and_acl_contracts() in D:\Task\Remote Signing\TagEkyc\tests\TagEkyc.IntegrationTests\RawExportAssemblyDurableWorkSourceTests.cs:line 98&#xD;
   at TagEkyc.IntegrationTests.RawExportAssemblyDurableWorkSourceTests.Durable_source_owns_candidate_concurrency_recovery_result_and_acl_contracts() in D:\Task\Remote Signing\TagEkyc\tests\TagEkyc.IntegrationTests\RawExportAssemblyDurableWorkSourceTests.cs:line 98&#xD;
--- End of stack trace from previous location ---</StackTrace>
        </ErrorInfo>
      </Output>
    </UnitTestResult>
  </Results>
  <TestDefinitions>
    <UnitTest name="TagEkyc.IntegrationTests.RawExportAssemblyDurableWorkSourceTests.Durable_source_owns_candidate_concurrency_recovery_result_and_acl_contracts" storage="d:\task\remote signing\tagekyc\tests\tagekyc.integrationtests\bin\debug\net8.0\tagekyc.integrationtests.dll" id="61105ab0-7c86-24e9-0faf-6bbbd0551ce7">
      <Execution id="2bc12eb2-61b0-4cc2-99a7-3ae823a79b60" />
      <TestMethod codeBase="D:\Task\Remote Signing\TagEkyc\tests\TagEkyc.IntegrationTests\bin\Debug\net8.0\TagEkyc.IntegrationTests.dll" adapterTypeName="executor://xunit/VsTestRunner2/netcoreapp" className="TagEkyc.IntegrationTests.RawExportAssemblyDurableWorkSourceTests" name="Durable_source_owns_candidate_concurrency_recovery_result_and_acl_contracts" />
    </UnitTest>
  </TestDefinitions>
  <TestEntries>
    <TestEntry testId="61105ab0-7c86-24e9-0faf-6bbbd0551ce7" executionId="2bc12eb2-61b0-4cc2-99a7-3ae823a79b60" testListId="8c84fa94-04c1-424b-9868-57a2d4851a1d" />
  </TestEntries>
  <TestLists>
    <TestList name="Results Not in a List" id="8c84fa94-04c1-424b-9868-57a2d4851a1d" />
    <TestList name="All Loaded Results" id="19431567-8539-422a-85d7-44ee4e166bda" />
  </TestLists>
  <ResultSummary outcome="Failed">
    <Counters total="1" executed="1" passed="0" failed="1" error="0" timeout="0" aborted="0" inconclusive="0" passedButRunAborted="0" notRunnable="0" notExecuted="0" disconnected="0" warning="0" completed="0" inProgress="0" pending="0" />
    <Output>
      <StdOut>[xUnit.net 00:00:00.00] xUnit.net VSTest Adapter v2.5.3.1+6b60a9e56a (64-bit .NET 8.0.22)&#xD;
[xUnit.net 00:00:00.53]   Discovering: TagEkyc.IntegrationTests&#xD;
[xUnit.net 00:00:00.68]   Discovered:  TagEkyc.IntegrationTests&#xD;
[xUnit.net 00:00:00.68]   Starting:    TagEkyc.IntegrationTests&#xD;
[xUnit.net 00:00:16.67]       TagEkyc.Domain.RawExportJobException : RAW_EXPORT_JOB_REQUEST_VALIDATION_FAILED&#xD;
[xUnit.net 00:00:16.67]       Stack Trace:&#xD;
[xUnit.net 00:00:16.67]         D:\Task\Remote Signing\TagEkyc\src\TagEkyc.Infrastructure\Persistence\EfRawExportJobRepository.cs(986,0): at TagEkyc.Infrastructure.Persistence.EfRawExportJobRepository.Require(Guid value)&#xD;
[xUnit.net 00:00:16.67]         D:\Task\Remote Signing\TagEkyc\src\TagEkyc.Infrastructure\Persistence\EfRawExportJobRepository.cs(963,0): at TagEkyc.Infrastructure.Persistence.EfRawExportJobRepository.ValidateActor(AuthenticatedRawExportActor actor)&#xD;
[xUnit.net 00:00:16.67]         D:\Task\Remote Signing\TagEkyc\src\TagEkyc.Infrastructure\Persistence\EfRawExportJobRepository.cs(969,0): at TagEkyc.Infrastructure.Persistence.EfRawExportJobRepository.ValidateLeaseCommand(AuthenticatedRawExportActor actor, Guid job, Int64 revision, Int64 fence, Guid owner)&#xD;
[xUnit.net 00:00:16.67]         D:\Task\Remote Signing\TagEkyc\src\TagEkyc.Infrastructure\Persistence\EfRawExportJobRepository.cs(77,0): at TagEkyc.Infrastructure.Persistence.EfRawExportJobRepository.AcquireOrReclaimLeaseAsync(AcquireOrReclaimRawExportJobLeaseCommand command, CancellationToken cancellationToken)&#xD;
[xUnit.net 00:00:16.67]         D:\Task\Remote Signing\TagEkyc\src\TagEkyc.Infrastructure\RawExport\RawExportAssemblyRuntimeInfrastructure.cs(167,0): at TagEkyc.Infrastructure.RawExport.DurableRawExportAssemblyWorkSource.TryAcquireAsync(CancellationToken cancellationToken)&#xD;
[xUnit.net 00:00:16.67]         D:\Task\Remote Signing\TagEkyc\src\TagEkyc.Infrastructure\RawExport\RawExportAssemblyRuntimeInfrastructure.cs(177,0): at TagEkyc.Infrastructure.RawExport.DurableRawExportAssemblyWorkSource.TryAcquireAsync(CancellationToken cancellationToken)&#xD;
[xUnit.net 00:00:16.67]         D:\Task\Remote Signing\TagEkyc\src\TagEkyc.Infrastructure\RawExport\RawExportAssemblyRuntimeInfrastructure.cs(177,0): at TagEkyc.Infrastructure.RawExport.DurableRawExportAssemblyWorkSource.TryAcquireAsync(CancellationToken cancellationToken)&#xD;
[xUnit.net 00:00:16.67]         D:\Task\Remote Signing\TagEkyc\src\TagEkyc.Infrastructure\RawExport\RawExportAssemblyRuntimeInfrastructure.cs(177,0): at TagEkyc.Infrastructure.RawExport.DurableRawExportAssemblyWorkSource.TryAcquireAsync(CancellationToken cancellationToken)&#xD;
[xUnit.net 00:00:16.67]         D:\Task\Remote Signing\TagEkyc\tests\TagEkyc.IntegrationTests\RawExportAssemblyDurableWorkSourceTests.cs(39,0): at TagEkyc.IntegrationTests.RawExportAssemblyDurableWorkSourceTests.Durable_source_owns_candidate_concurrency_recovery_result_and_acl_contracts()&#xD;
[xUnit.net 00:00:16.67]         D:\Task\Remote Signing\TagEkyc\tests\TagEkyc.IntegrationTests\RawExportAssemblyDurableWorkSourceTests.cs(98,0): at TagEkyc.IntegrationTests.RawExportAssemblyDurableWorkSourceTests.Durable_source_owns_candidate_concurrency_recovery_result_and_acl_contracts()&#xD;
[xUnit.net 00:00:16.67]         D:\Task\Remote Signing\TagEkyc\tests\TagEkyc.IntegrationTests\RawExportAssemblyDurableWorkSourceTests.cs(98,0): at TagEkyc.IntegrationTests.RawExportAssemblyDurableWorkSourceTests.Durable_source_owns_candidate_concurrency_recovery_result_and_acl_contracts()&#xD;
[xUnit.net 00:00:16.67]         --- End of stack trace from previous location ---&#xD;
[xUnit.net 00:00:17.75]   Finished:    TagEkyc.IntegrationTests&#xD;
</StdOut>
    </Output>
    <RunInfos>
      <RunInfo computerName="LEARNPC" outcome="Error" timestamp="2026-09-23T23:59:43.1273496+07:00">
        <Text>[xUnit.net 00:00:16.66]     TagEkyc.IntegrationTests.RawExportAssemblyDurableWorkSourceTests.Durable_source_owns_candidate_concurrency_recovery_result_and_acl_contracts [FAIL]</Text>
      </RunInfo>
    </RunInfos>
  </ResultSummary>
</TestRun>