<?xml version="1.0" encoding="utf-8"?>
<TestRun id="3ab86d33-1acd-4a6c-87a6-de5ad9281110" name="3AVNN@LEARNPC 2026-09-24 00:03:51" runUser="LEARNPC\3AVNN" xmlns="http://microsoft.com/schemas/VisualStudio/TeamTest/2010">
  <Times creation="2026-09-24T00:03:51.9380324+07:00" queuing="2026-09-24T00:03:51.9380328+07:00" start="2026-09-24T00:03:33.2669035+07:00" finish="2026-09-24T00:03:52.7049088+07:00" />
  <TestSettings name="default" id="65032d51-2158-4666-b0f2-49c43bbb8ae9">
    <Deployment runDeploymentRoot="3AVNN_LEARNPC_2026-09-24_00_03_51" />
  </TestSettings>
  <Results>
    <UnitTestResult executionId="97e954d3-41b9-4212-a1d1-f645bce52539" testId="61105ab0-7c86-24e9-0faf-6bbbd0551ce7" testName="TagEkyc.IntegrationTests.RawExportAssemblyDurableWorkSourceTests.Durable_source_owns_candidate_concurrency_recovery_result_and_acl_contracts" computerName="LEARNPC" duration="00:00:01.9261239" startTime="2026-09-24T00:03:51.8384797+07:00" endTime="2026-09-24T00:03:51.8385331+07:00" testType="13cdc9d9-ddb5-4fa4-a97d-d965ccfc6d4b" outcome="Passed" testListId="8c84fa94-04c1-424b-9868-57a2d4851a1d" relativeResultsDirectory="97e954d3-41b9-4212-a1d1-f645bce52539" />
  </Results>
  <TestDefinitions>
    <UnitTest name="TagEkyc.IntegrationTests.RawExportAssemblyDurableWorkSourceTests.Durable_source_owns_candidate_concurrency_recovery_result_and_acl_contracts" storage="d:\task\remote signing\tagekyc\tests\tagekyc.integrationtests\bin\debug\net8.0\tagekyc.integrationtests.dll" id="61105ab0-7c86-24e9-0faf-6bbbd0551ce7">
      <Execution id="97e954d3-41b9-4212-a1d1-f645bce52539" />
      <TestMethod codeBase="D:\Task\Remote Signing\TagEkyc\tests\TagEkyc.IntegrationTests\bin\Debug\net8.0\TagEkyc.IntegrationTests.dll" adapterTypeName="executor://xunit/VsTestRunner2/netcoreapp" className="TagEkyc.IntegrationTests.RawExportAssemblyDurableWorkSourceTests" name="Durable_source_owns_candidate_concurrency_recovery_result_and_acl_contracts" />
    </UnitTest>
  </TestDefinitions>
  <TestEntries>
    <TestEntry testId="61105ab0-7c86-24e9-0faf-6bbbd0551ce7" executionId="97e954d3-41b9-4212-a1d1-f645bce52539" testListId="8c84fa94-04c1-424b-9868-57a2d4851a1d" />
  </TestEntries>
  <TestLists>
    <TestList name="Results Not in a List" id="8c84fa94-04c1-424b-9868-57a2d4851a1d" />
    <TestList name="All Loaded Results" id="19431567-8539-422a-85d7-44ee4e166bda" />
  </TestLists>
  <ResultSummary outcome="Completed">
    <Counters total="1" executed="1" passed="1" failed="0" error="0" timeout="0" aborted="0" inconclusive="0" passedButRunAborted="0" notRunnable="0" notExecuted="0" disconnected="0" warning="0" completed="0" inProgress="0" pending="0" />
    <Output>
      <StdOut>[xUnit.net 00:00:00.00] xUnit.net VSTest Adapter v2.5.3.1+6b60a9e56a (64-bit .NET 8.0.22)&#xD;
[xUnit.net 00:00:00.48]   Discovering: TagEkyc.IntegrationTests&#xD;
[xUnit.net 00:00:00.65]   Discovered:  TagEkyc.IntegrationTests&#xD;
[xUnit.net 00:00:00.66]   Starting:    TagEkyc.IntegrationTests&#xD;
[xUnit.net 00:00:18.91]   Finished:    TagEkyc.IntegrationTests&#xD;
</StdOut>
    </Output>
  </ResultSummary>
</TestRun>