<?xml version="1.0" encoding="utf-8"?>
<TestRun id="5f413efa-de47-423a-bebb-96dc693625df" name="3AVNN@LEARNPC 2026-09-24 00:06:59" runUser="LEARNPC\3AVNN" xmlns="http://microsoft.com/schemas/VisualStudio/TeamTest/2010">
  <Times creation="2026-09-24T00:06:59.0737994+07:00" queuing="2026-09-24T00:06:59.0737998+07:00" start="2026-09-24T00:06:40.8058986+07:00" finish="2026-09-24T00:06:59.4759220+07:00" />
  <TestSettings name="default" id="845c9152-e374-45ed-aead-b38a8ba9adbf">
    <Deployment runDeploymentRoot="3AVNN_LEARNPC_2026-09-24_00_06_59" />
  </TestSettings>
  <Results>
    <UnitTestResult executionId="28d4fdfe-e66b-4bf8-a5ff-2c9cb557ba77" testId="61105ab0-7c86-24e9-0faf-6bbbd0551ce7" testName="TagEkyc.IntegrationTests.RawExportAssemblyDurableWorkSourceTests.Durable_source_owns_candidate_concurrency_recovery_result_and_acl_contracts" computerName="LEARNPC" duration="00:00:01.6961385" startTime="2026-09-24T00:06:58.6546441+07:00" endTime="2026-09-24T00:06:58.6546768+07:00" testType="13cdc9d9-ddb5-4fa4-a97d-d965ccfc6d4b" outcome="Passed" testListId="8c84fa94-04c1-424b-9868-57a2d4851a1d" relativeResultsDirectory="28d4fdfe-e66b-4bf8-a5ff-2c9cb557ba77" />
  </Results>
  <TestDefinitions>
    <UnitTest name="TagEkyc.IntegrationTests.RawExportAssemblyDurableWorkSourceTests.Durable_source_owns_candidate_concurrency_recovery_result_and_acl_contracts" storage="d:\task\remote signing\tagekyc\tests\tagekyc.integrationtests\bin\debug\net8.0\tagekyc.integrationtests.dll" id="61105ab0-7c86-24e9-0faf-6bbbd0551ce7">
      <Execution id="28d4fdfe-e66b-4bf8-a5ff-2c9cb557ba77" />
      <TestMethod codeBase="D:\Task\Remote Signing\TagEkyc\tests\TagEkyc.IntegrationTests\bin\Debug\net8.0\TagEkyc.IntegrationTests.dll" adapterTypeName="executor://xunit/VsTestRunner2/netcoreapp" className="TagEkyc.IntegrationTests.RawExportAssemblyDurableWorkSourceTests" name="Durable_source_owns_candidate_concurrency_recovery_result_and_acl_contracts" />
    </UnitTest>
  </TestDefinitions>
  <TestEntries>
    <TestEntry testId="61105ab0-7c86-24e9-0faf-6bbbd0551ce7" executionId="28d4fdfe-e66b-4bf8-a5ff-2c9cb557ba77" testListId="8c84fa94-04c1-424b-9868-57a2d4851a1d" />
  </TestEntries>
  <TestLists>
    <TestList name="Results Not in a List" id="8c84fa94-04c1-424b-9868-57a2d4851a1d" />
    <TestList name="All Loaded Results" id="19431567-8539-422a-85d7-44ee4e166bda" />
  </TestLists>
  <ResultSummary outcome="Completed">
    <Counters total="1" executed="1" passed="1" failed="0" error="0" timeout="0" aborted="0" inconclusive="0" passedButRunAborted="0" notRunnable="0" notExecuted="0" disconnected="0" warning="0" completed="0" inProgress="0" pending="0" />
    <Output>
      <StdOut>[xUnit.net 00:00:00.00] xUnit.net VSTest Adapter v2.5.3.1+6b60a9e56a (64-bit .NET 8.0.22)&#xD;
[xUnit.net 00:00:00.46]   Discovering: TagEkyc.IntegrationTests&#xD;
[xUnit.net 00:00:00.67]   Discovered:  TagEkyc.IntegrationTests&#xD;
[xUnit.net 00:00:00.67]   Starting:    TagEkyc.IntegrationTests&#xD;
[xUnit.net 00:00:18.12]   Finished:    TagEkyc.IntegrationTests&#xD;
</StdOut>
    </Output>
  </ResultSummary>
</TestRun>