<?xml version="1.0" encoding="utf-8"?>
<TestRun id="bed3a8c4-9266-45c4-b12e-731cff769bf7" name="3AVNN@LEARNPC 2026-09-24 00:00:20" runUser="LEARNPC\3AVNN" xmlns="http://microsoft.com/schemas/VisualStudio/TeamTest/2010">
  <Times creation="2026-09-24T00:00:20.4757027+07:00" queuing="2026-09-24T00:00:20.4757030+07:00" start="2026-09-24T00:00:18.7061492+07:00" finish="2026-09-24T00:00:20.4813657+07:00" />
  <TestSettings name="default" id="f3dbe78b-6c90-480d-90da-79a027bbfc84">
    <Deployment runDeploymentRoot="3AVNN_LEARNPC_2026-09-24_00_00_20" />
  </TestSettings>
  <Results>
    <UnitTestResult executionId="ef24f1ff-4b09-4371-9b93-f7b09c93de59" testId="0ca90055-6c6a-ebaf-67d9-5c055cc2cba5" testName="TagEkyc.IntegrationTests.RawExportControlPlaneHttpTests.Raw_export_control_plane_rejects_unauthenticated_request_before_service" computerName="LEARNPC" duration="00:00:00.2731347" startTime="2026-09-24T00:00:20.3495956+07:00" endTime="2026-09-24T00:00:20.3496316+07:00" testType="13cdc9d9-ddb5-4fa4-a97d-d965ccfc6d4b" outcome="Failed" testListId="8c84fa94-04c1-424b-9868-57a2d4851a1d" relativeResultsDirectory="ef24f1ff-4b09-4371-9b93-f7b09c93de59">
      <Output>
        <ErrorInfo>
          <Message>Assert.Equal() Failure: Values differ&#xD;
Expected: Forbidden&#xD;
Actual:   OK</Message>
          <StackTrace>   at TagEkyc.IntegrationTests.RawExportControlPlaneHttpTests.Raw_export_control_plane_rejects_unauthenticated_request_before_service() in D:\Task\Remote Signing\TagEkyc\tests\TagEkyc.IntegrationTests\RawExportControlPlaneHttpTests.cs:line 42&#xD;
   at TagEkyc.IntegrationTests.RawExportControlPlaneHttpTests.Raw_export_control_plane_rejects_unauthenticated_request_before_service() in D:\Task\Remote Signing\TagEkyc\tests\TagEkyc.IntegrationTests\RawExportControlPlaneHttpTests.cs:line 45&#xD;
--- End of stack trace from previous location ---</StackTrace>
        </ErrorInfo>
      </Output>
    </UnitTestResult>
  </Results>
  <TestDefinitions>
    <UnitTest name="TagEkyc.IntegrationTests.RawExportControlPlaneHttpTests.Raw_export_control_plane_rejects_unauthenticated_request_before_service" storage="d:\task\remote signing\tagekyc\tests\tagekyc.integrationtests\bin\debug\net8.0\tagekyc.integrationtests.dll" id="0ca90055-6c6a-ebaf-67d9-5c055cc2cba5">
      <Execution id="ef24f1ff-4b09-4371-9b93-f7b09c93de59" />
      <TestMethod codeBase="D:\Task\Remote Signing\TagEkyc\tests\TagEkyc.IntegrationTests\bin\Debug\net8.0\TagEkyc.IntegrationTests.dll" adapterTypeName="executor://xunit/VsTestRunner2/netcoreapp" className="TagEkyc.IntegrationTests.RawExportControlPlaneHttpTests" name="Raw_export_control_plane_rejects_unauthenticated_request_before_service" />
    </UnitTest>
  </TestDefinitions>
  <TestEntries>
    <TestEntry testId="0ca90055-6c6a-ebaf-67d9-5c055cc2cba5" executionId="ef24f1ff-4b09-4371-9b93-f7b09c93de59" testListId="8c84fa94-04c1-424b-9868-57a2d4851a1d" />
  </TestEntries>
  <TestLists>
    <TestList name="Results Not in a List" id="8c84fa94-04c1-424b-9868-57a2d4851a1d" />
    <TestList name="All Loaded Results" id="19431567-8539-422a-85d7-44ee4e166bda" />
  </TestLists>
  <ResultSummary outcome="Failed">
    <Counters total="1" executed="1" passed="0" failed="1" error="0" timeout="0" aborted="0" inconclusive="0" passedButRunAborted="0" notRunnable="0" notExecuted="0" disconnected="0" warning="0" completed="0" inProgress="0" pending="0" />
    <Output>
      <StdOut>[xUnit.net 00:00:00.00] xUnit.net VSTest Adapter v2.5.3.1+6b60a9e56a (64-bit .NET 8.0.22)&#xD;
[xUnit.net 00:00:00.68]   Discovering: TagEkyc.IntegrationTests&#xD;
[xUnit.net 00:00:00.95]   Discovered:  TagEkyc.IntegrationTests&#xD;
[xUnit.net 00:00:00.96]   Starting:    TagEkyc.IntegrationTests&#xD;
[xUnit.net 00:00:01.32]       Assert.Equal() Failure: Values differ&#xD;
[xUnit.net 00:00:01.32]       Expected: Forbidden&#xD;
[xUnit.net 00:00:01.32]       Actual:   OK&#xD;
[xUnit.net 00:00:01.32]       Stack Trace:&#xD;
[xUnit.net 00:00:01.32]         D:\Task\Remote Signing\TagEkyc\tests\TagEkyc.IntegrationTests\RawExportControlPlaneHttpTests.cs(42,0): at TagEkyc.IntegrationTests.RawExportControlPlaneHttpTests.Raw_export_control_plane_rejects_unauthenticated_request_before_service()&#xD;
[xUnit.net 00:00:01.32]         D:\Task\Remote Signing\TagEkyc\tests\TagEkyc.IntegrationTests\RawExportControlPlaneHttpTests.cs(45,0): at TagEkyc.IntegrationTests.RawExportControlPlaneHttpTests.Raw_export_control_plane_rejects_unauthenticated_request_before_service()&#xD;
[xUnit.net 00:00:01.32]         --- End of stack trace from previous location ---&#xD;
[xUnit.net 00:00:01.32]   Finished:    TagEkyc.IntegrationTests&#xD;
</StdOut>
    </Output>
    <RunInfos>
      <RunInfo computerName="LEARNPC" outcome="Error" timestamp="2026-09-24T00:00:20.3463865+07:00">
        <Text>[xUnit.net 00:00:01.32]     TagEkyc.IntegrationTests.RawExportControlPlaneHttpTests.Raw_export_control_plane_rejects_unauthenticated_request_before_service [FAIL]</Text>
      </RunInfo>
    </RunInfos>
  </ResultSummary>
</TestRun>