<?xml version="1.0" encoding="utf-8"?>
<TestRun id="328c3313-374e-4200-b3fa-2e4e7d5cb33a" name="3AVNN@LEARNPC 2026-09-24 00:10:02" runUser="LEARNPC\3AVNN" xmlns="http://microsoft.com/schemas/VisualStudio/TeamTest/2010">
  <Times creation="2026-09-24T00:10:02.3021113+07:00" queuing="2026-09-24T00:10:02.3021117+07:00" start="2026-09-24T00:10:00.4320453+07:00" finish="2026-09-24T00:10:18.8792060+07:00" />
  <TestSettings name="default" id="8dcb3c9d-fd7f-4d97-9869-d0c920cedb32">
    <Deployment runDeploymentRoot="3AVNN_LEARNPC_2026-09-24_00_10_02" />
  </TestSettings>
  <Results>
    <UnitTestResult executionId="78017049-1f7c-4089-9050-a83893d0c862" testId="61105ab0-7c86-24e9-0faf-6bbbd0551ce7" testName="TagEkyc.IntegrationTests.RawExportAssemblyDurableWorkSourceTests.Durable_source_owns_candidate_concurrency_recovery_result_and_acl_contracts" computerName="LEARNPC" duration="00:00:01.6926056" startTime="2026-09-24T00:10:17.9484607+07:00" endTime="2026-09-24T00:10:17.9484608+07:00" testType="13cdc9d9-ddb5-4fa4-a97d-d965ccfc6d4b" outcome="Passed" testListId="8c84fa94-04c1-424b-9868-57a2d4851a1d" relativeResultsDirectory="78017049-1f7c-4089-9050-a83893d0c862" />
    <UnitTestResult executionId="935d1514-0300-41f4-af8f-8d1e5c14b4f2" testId="0ca90055-6c6a-ebaf-67d9-5c055cc2cba5" testName="TagEkyc.IntegrationTests.RawExportControlPlaneHttpTests.Raw_export_control_plane_rejects_unauthenticated_request_before_service" computerName="LEARNPC" duration="00:00:00.1547386" startTime="2026-09-24T00:10:01.6192839+07:00" endTime="2026-09-24T00:10:01.6193184+07:00" testType="13cdc9d9-ddb5-4fa4-a97d-d965ccfc6d4b" outcome="Passed" testListId="8c84fa94-04c1-424b-9868-57a2d4851a1d" relativeResultsDirectory="935d1514-0300-41f4-af8f-8d1e5c14b4f2" />
  </Results>
  <TestDefinitions>
    <UnitTest name="TagEkyc.IntegrationTests.RawExportAssemblyDurableWorkSourceTests.Durable_source_owns_candidate_concurrency_recovery_result_and_acl_contracts" storage="d:\task\remote signing\tagekyc\tests\tagekyc.integrationtests\bin\debug\net8.0\tagekyc.integrationtests.dll" id="61105ab0-7c86-24e9-0faf-6bbbd0551ce7">
      <Execution id="78017049-1f7c-4089-9050-a83893d0c862" />
      <TestMethod codeBase="D:\Task\Remote Signing\TagEkyc\tests\TagEkyc.IntegrationTests\bin\Debug\net8.0\TagEkyc.IntegrationTests.dll" adapterTypeName="executor://xunit/VsTestRunner2/netcoreapp" className="TagEkyc.IntegrationTests.RawExportAssemblyDurableWorkSourceTests" name="Durable_source_owns_candidate_concurrency_recovery_result_and_acl_contracts" />
    </UnitTest>
    <UnitTest name="TagEkyc.IntegrationTests.RawExportControlPlaneHttpTests.Raw_export_control_plane_rejects_unauthenticated_request_before_service" storage="d:\task\remote signing\tagekyc\tests\tagekyc.integrationtests\bin\debug\net8.0\tagekyc.integrationtests.dll" id="0ca90055-6c6a-ebaf-67d9-5c055cc2cba5">
      <Execution id="935d1514-0300-41f4-af8f-8d1e5c14b4f2" />
      <TestMethod codeBase="D:\Task\Remote Signing\TagEkyc\tests\TagEkyc.IntegrationTests\bin\Debug\net8.0\TagEkyc.IntegrationTests.dll" adapterTypeName="executor://xunit/VsTestRunner2/netcoreapp" className="TagEkyc.IntegrationTests.RawExportControlPlaneHttpTests" name="Raw_export_control_plane_rejects_unauthenticated_request_before_service" />
    </UnitTest>
  </TestDefinitions>
  <TestEntries>
    <TestEntry testId="61105ab0-7c86-24e9-0faf-6bbbd0551ce7" executionId="78017049-1f7c-4089-9050-a83893d0c862" testListId="8c84fa94-04c1-424b-9868-57a2d4851a1d" />
    <TestEntry testId="0ca90055-6c6a-ebaf-67d9-5c055cc2cba5" executionId="935d1514-0300-41f4-af8f-8d1e5c14b4f2" testListId="8c84fa94-04c1-424b-9868-57a2d4851a1d" />
  </TestEntries>
  <TestLists>
    <TestList name="Results Not in a List" id="8c84fa94-04c1-424b-9868-57a2d4851a1d" />
    <TestList name="All Loaded Results" id="19431567-8539-422a-85d7-44ee4e166bda" />
  </TestLists>
  <ResultSummary outcome="Completed">
    <Counters total="2" executed="2" passed="2" failed="0" error="0" timeout="0" aborted="0" inconclusive="0" passedButRunAborted="0" notRunnable="0" notExecuted="0" disconnected="0" warning="0" completed="0" inProgress="0" pending="0" />
    <Output>
      <StdOut>[xUnit.net 00:00:00.00] xUnit.net VSTest Adapter v2.5.3.1+6b60a9e56a (64-bit .NET 8.0.22)&#xD;
[xUnit.net 00:00:00.46]   Discovering: TagEkyc.IntegrationTests&#xD;
[xUnit.net 00:00:00.62]   Discovered:  TagEkyc.IntegrationTests&#xD;
[xUnit.net 00:00:00.63]   Starting:    TagEkyc.IntegrationTests&#xD;
[xUnit.net 00:00:17.94]   Finished:    TagEkyc.IntegrationTests&#xD;
</StdOut>
    </Output>
  </ResultSummary>
</TestRun>