<?xml version="1.0" encoding="utf-8"?>
<TestRun id="647cf44c-8ad0-43ae-a60f-bf8028a9709a" name="3AVNN@LEARNPC 2026-09-25 16:38:55" runUser="LEARNPC\3AVNN" xmlns="http://microsoft.com/schemas/VisualStudio/TeamTest/2010">
  <Times creation="2026-09-25T16:38:55.7639944+07:00" queuing="2026-09-25T16:38:55.7639947+07:00" start="2026-09-25T16:38:47.8092498+07:00" finish="2026-09-25T16:38:55.7678231+07:00" />
  <TestSettings name="default" id="837d0345-dcd6-4ab5-b6bc-d2cc14018123">
    <Deployment runDeploymentRoot="3AVNN_LEARNPC_2026-09-25_16_38_55" />
  </TestSettings>
  <Results>
    <UnitTestResult executionId="ae41c99f-342e-4786-a7ab-124300f950ed" testId="eebf5d4f-f898-b748-2ae2-aaee35fbd686" testName="TagEkyc.IntegrationTests.RawExportAssemblyRetainedModeWorkSourceMigrationTests.Retained_mode_work_source_down_and_reapply_preserve_exact_function_and_security_metadata" computerName="LEARNPC" duration="00:00:07.1967737" startTime="2026-09-25T16:38:55.6761279+07:00" endTime="2026-09-25T16:38:55.6761618+07:00" testType="13cdc9d9-ddb5-4fa4-a97d-d965ccfc6d4b" outcome="Passed" testListId="8c84fa94-04c1-424b-9868-57a2d4851a1d" relativeResultsDirectory="ae41c99f-342e-4786-a7ab-124300f950ed" />
  </Results>
  <TestDefinitions>
    <UnitTest name="TagEkyc.IntegrationTests.RawExportAssemblyRetainedModeWorkSourceMigrationTests.Retained_mode_work_source_down_and_reapply_preserve_exact_function_and_security_metadata" storage="d:\task\remote signing\tagekyc\tests\tagekyc.integrationtests\bin\debug\net8.0\tagekyc.integrationtests.dll" id="eebf5d4f-f898-b748-2ae2-aaee35fbd686">
      <Execution id="ae41c99f-342e-4786-a7ab-124300f950ed" />
      <TestMethod codeBase="D:\Task\Remote Signing\TagEkyc\tests\TagEkyc.IntegrationTests\bin\Debug\net8.0\TagEkyc.IntegrationTests.dll" adapterTypeName="executor://xunit/VsTestRunner2/netcoreapp" className="TagEkyc.IntegrationTests.RawExportAssemblyRetainedModeWorkSourceMigrationTests" name="Retained_mode_work_source_down_and_reapply_preserve_exact_function_and_security_metadata" />
    </UnitTest>
  </TestDefinitions>
  <TestEntries>
    <TestEntry testId="eebf5d4f-f898-b748-2ae2-aaee35fbd686" executionId="ae41c99f-342e-4786-a7ab-124300f950ed" testListId="8c84fa94-04c1-424b-9868-57a2d4851a1d" />
  </TestEntries>
  <TestLists>
    <TestList name="Results Not in a List" id="8c84fa94-04c1-424b-9868-57a2d4851a1d" />
    <TestList name="All Loaded Results" id="19431567-8539-422a-85d7-44ee4e166bda" />
  </TestLists>
  <ResultSummary outcome="Completed">
    <Counters total="1" executed="1" passed="1" failed="0" error="0" timeout="0" aborted="0" inconclusive="0" passedButRunAborted="0" notRunnable="0" notExecuted="0" disconnected="0" warning="0" completed="0" inProgress="0" pending="0" />
    <Output>
      <StdOut>[xUnit.net 00:00:00.00] xUnit.net VSTest Adapter v2.5.3.1+6b60a9e56a (64-bit .NET 8.0.22)&#xD;
[xUnit.net 00:00:00.20]   Discovering: TagEkyc.IntegrationTests&#xD;
[xUnit.net 00:00:00.33]   Discovered:  TagEkyc.IntegrationTests&#xD;
[xUnit.net 00:00:00.33]   Starting:    TagEkyc.IntegrationTests&#xD;
[xUnit.net 00:00:07.57]   Finished:    TagEkyc.IntegrationTests&#xD;
</StdOut>
    </Output>
  </ResultSummary>
</TestRun>