<?xml version="1.0" encoding="utf-8"?>
<TestRun id="2ed78ebb-bbc4-4810-8e65-7e6c1dc4e3ca" name="3AVNN@LEARNPC 2026-09-12 18:13:28" runUser="LEARNPC\3AVNN" xmlns="http://microsoft.com/schemas/VisualStudio/TeamTest/2010">
  <Times creation="2026-09-12T18:13:28.8757116+07:00" queuing="2026-09-12T18:13:28.8757122+07:00" start="2026-09-12T18:13:25.1202632+07:00" finish="2026-09-12T18:13:30.3389666+07:00" />
  <TestSettings name="default" id="0650dccf-311c-4b6d-bcad-7651b66d0847">
    <Deployment runDeploymentRoot="3AVNN_LEARNPC_2026-09-12_18_13_28" />
  </TestSettings>
  <Results>
    <UnitTestResult executionId="e777d58e-071f-4416-9b4d-fddea47d308b" testId="cf43ffb7-76b0-2b2e-4543-c9f820db63fd" testName="TagEkyc.ArchTests.Tip13AuthorizationBoundaryTests.Application_authorization_boundary_does_not_reference_signflow_runtime" computerName="LEARNPC" duration="00:00:00.0004530" startTime="2026-09-12T18:13:29.2997270+07:00" endTime="2026-09-12T18:13:29.2997271+07:00" testType="13cdc9d9-ddb5-4fa4-a97d-d965ccfc6d4b" outcome="Passed" testListId="8c84fa94-04c1-424b-9868-57a2d4851a1d" relativeResultsDirectory="e777d58e-071f-4416-9b4d-fddea47d308b" />
    <UnitTestResult executionId="6c208cb8-6078-4862-b2ba-8df129834de2" testId="4cc78a11-9316-3991-bfb8-be33e498f66d" testName="TagEkyc.ArchTests.Tip88C1C6BA1ArchitectureTests.Crt1_IngressMetadataRejectsIncompleteAmbiguousOrForeignBindingsBeforeConsumption" computerName="LEARNPC" duration="00:00:00.0016440" startTime="2026-09-12T18:13:29.3983443+07:00" endTime="2026-09-12T18:13:29.3983445+07:00" testType="13cdc9d9-ddb5-4fa4-a97d-d965ccfc6d4b" outcome="Passed" testListId="8c84fa94-04c1-424b-9868-57a2d4851a1d" relativeResultsDirectory="6c208cb8-6078-4862-b2ba-8df129834de2" />
    <UnitTestResult executionId="d7058135-01e9-49b6-a0d9-33a68e14d833" testId="58bf3e67-3d0c-f2ec-d172-dd31ad8223e7" testName="TagEkyc.ArchTests.Tip03BoundaryTests.Tip03_does_not_define_dbcontext_or_migration_types" computerName="LEARNPC" duration="00:00:00.1555748" startTime="2026-09-12T18:13:29.2614310+07:00" endTime="2026-09-12T18:13:29.2614312+07:00" testType="13cdc9d9-ddb5-4fa4-a97d-d965ccfc6d4b" outcome="Passed" testListId="8c84fa94-04c1-424b-9868-57a2d4851a1d" relativeResultsDirectory="d7058135-01e9-49b6-a0d9-33a68e14d833" />
    <UnitTestResult executionId="5086f399-1f0a-4e4d-9b93-f2be5cb4cd82" testId="cd2d52cd-3baf-8cb4-31e5-93a546dbd770" testName="TagEkyc.ArchTests.Tip88C1B2DurableKeyProdArchTests.DKPROD_38_Readiness_Topology_FailClosed_NoSilentDurable(configured: &quot;&quot;)" computerName="LEARNPC" duration="00:00:00.0000291" startTime="2026-09-12T18:13:29.3060716+07:00" endTime="2026-09-12T18:13:29.3060717+07:00" testType="13cdc9d9-ddb5-4fa4-a97d-d965ccfc6d4b" outcome="Passed" testListId="8c84fa94-04c1-424b-9868-57a2d4851a1d" relativeResultsDirectory="5086f399-1f0a-4e4d-9b93-f2be5cb4cd82" />
    <UnitTestResult executionId="11bfa1a6-fa22-47ff-9a44-b3c57d3ab122" testId="4cf82ab8-cd17-8fe9-617a-e3d3c4622061" testName="TagEkyc.ArchTests.Tip88C1B2R3VerifiedCiphertextStagingArchTests.R313_R3_transaction_allows_only_PostgreSQL_and_staged_fingerprint_SHA256_edges" computerName="LEARNPC" duration="00:00:00.0020284" startTime="2026-09-12T18:13:29.2720941+07:00" endTime="2026-09-12T18:13:29.2720943+07:00" testType="13cdc9d9-ddb5-4fa4-a97d-d965ccfc6d4b" outcome="Passed" testListId="8c84fa94-04c1-424b-9868-57a2d4851a1d" relativeResultsDirectory="11bfa1a6-fa22-47ff-9a44-b3c57d3ab122" />
    <UnitTestResult executionId="0b13253b-3731-4a73-9762-c502364673a1" testId="40012071-247f-8fa8-5f52-f8e1549c9193" testName="TagEkyc.ArchTests.Tip88B1ControlPlaneBoundaryTests.Raw_export_fulfillment_ref_remains_service_internal_and_is_not_http_or_dto_bound" computerName="LEARNPC" duration="00:00:00.5889555" startTime="2026-09-12T18:13:29.2763664+07:00" endTime="2026-09-12T18:13:29.2763666+07:00" testType="13cdc9d9-ddb5-4fa4-a97d-d965ccfc6d4b" outcome="Passed" testListId="8c84fa94-04c1-424b-9868-57a2d4851a1d" relativeResultsDirectory="0b13253b-3731-4a73-9762-c502364673a1" />
    <UnitTestResult executionId="a45385e4-eda1-421d-86c9-ae12b24a19e1" testId="1a9267b9-3c16-31bb-4790-36c8fe46d057" testName="TagEkyc.ArchTests.Tip17DurableMetadataBoundaryTests.Application_does_not_reference_signflow_runtime" computerName="LEARNPC" duration="00:00:00.0014284" startTime="2026-09-12T18:13:29.2699769+07:00" endTime="2026-09-12T18:13:29.2699770+07:00" testType="13cdc9d9-ddb5-4fa4-a97d-d965ccfc6d4b" outcome="Passed" testListId="8c84fa94-04c1-424b-9868-57a2d4851a1d" relativeResultsDirectory="a45385e4-eda1-421d-86c9-ae12b24a19e1" />
    <UnitTestResult executionId="25122978-c36c-4f3f-bb3b-08fd4589bd6d" testId="579b6190-667e-e009-7f97-5f0c29e7ed78" testName="TagEkyc.ArchTests.Tip88C1Key1ContentCommitmentTests.KEY1_registry_rejects_invalid_scheme_and_dependency_cycle" computerName="LEARNPC" duration="00:00:00.0018284" startTime="2026-09-12T18:13:29.1489918+07:00" endTime="2026-09-12T18:13:29.1489919+07:00" testType="13cdc9d9-ddb5-4fa4-a97d-d965ccfc6d4b" outcome="Passed" testListId="8c84fa94-04c1-424b-9868-57a2d4851a1d" relativeResultsDirectory="25122978-c36c-4f3f-bb3b-08fd4589bd6d" />
    <UnitTestResult executionId="9eac0299-34be-46ae-890f-f9759e40b55f" testId="ae087e37-e3dd-be6e-dd22-141115c4a072" testName="TagEkyc.ArchTests.Tip88C1B2CoreArchitectureTests.C1B2CORE_broker_contract_is_not_an_http_or_signflow_surface" computerName="LEARNPC" duration="00:00:00.0011364" startTime="2026-09-12T18:13:29.1098343+07:00" endTime="2026-09-12T18:13:29.1098345+07:00" testType="13cdc9d9-ddb5-4fa4-a97d-d965ccfc6d4b" outcome="Passed" testListId="8c84fa94-04c1-424b-9868-57a2d4851a1d" relativeResultsDirectory="9eac0299-34be-46ae-890f-f9759e40b55f" />
    <UnitTestResult executionId="badfa1a0-0d4b-41bb-b272-6dc8974fd6ae" testId="d024ff27-53b0-248c-768e-9c30cdb59703" testName="TagEkyc.ArchTests.Tip83E2AuditDurabilityBoundaryTests.Append_only_repository_surfaces_are_exact_allowlists(interfaceTypeName: &quot;TagEkyc.Application.Ports.ICaptureArtifactReposito&quot;···, implementationTypeName: &quot;TagEkyc.Infrastructure.Persistence.EfCaptureArtifa&quot;···, allowedMethods: [&quot;AppendAsync&quot;, &quot;ListBySessionAsync&quot;])" computerName="LEARNPC" duration="00:00:00.0000480" startTime="2026-09-12T18:13:29.2990572+07:00" endTime="2026-09-12T18:13:29.2990573+07:00" testType="13cdc9d9-ddb5-4fa4-a97d-d965ccfc6d4b" outcome="Passed" testListId="8c84fa94-04c1-424b-9868-57a2d4851a1d" relativeResultsDirectory="badfa1a0-0d4b-41bb-b272-6dc8974fd6ae" />
    <UnitTestResult executionId="cbc64108-d9cd-44d6-be1f-f190d111e6f7" testId="de042219-2660-ad40-ce02-ef695c38827a" testName="TagEkyc.ArchTests.Tip88C1C2RecipientPackageArchTests.C203_function_names_are_ten_exact_and_no_reset_surface_exists" computerName="LEARNPC" duration="00:00:00.0061243" startTime="2026-09-12T18:13:29.2832345+07:00" endTime="2026-09-12T18:13:29.2832347+07:00" testType="13cdc9d9-ddb5-4fa4-a97d-d965ccfc6d4b" outcome="Passed" testListId="8c84fa94-04c1-424b-9868-57a2d4851a1d" relativeResultsDirectory="cbc64108-d9cd-44d6-be1f-f190d111e6f7" />
    <UnitTestResult executionId="8fcee633-9910-47ef-b181-49b46a225f8a" testId="53e132a9-8365-03af-bed8-776e7027c032" testName="TagEkyc.ArchTests.Tip88C1B2CustodyProfileTests.C1B2_profiles_each_invalid_time_bound_fails_closed_without_default" computerName="LEARNPC" duration="00:00:00.0019742" startTime="2026-09-12T18:13:29.1010905+07:00" endTime="2026-09-12T18:13:29.1010906+07:00" testType="13cdc9d9-ddb5-4fa4-a97d-d965ccfc6d4b" outcome="Passed" testListId="8c84fa94-04c1-424b-9868-57a2d4851a1d" relativeResultsDirectory="8fcee633-9910-47ef-b181-49b46a225f8a" />
    <UnitTestResult executionId="63d67869-9a54-47ee-8722-37f0732d95b3" testId="141a32b8-1195-c305-299c-75d134308c0c" testName="TagEkyc.ArchTests.Tip88C1C6BA1ArchitectureTests.Architecture_ExcludesAgentBrokerDeploymentAndSdkMutation" computerName="LEARNPC" duration="00:00:00.0023409" startTime="2026-09-12T18:13:29.3966063+07:00" endTime="2026-09-12T18:13:29.3966064+07:00" testType="13cdc9d9-ddb5-4fa4-a97d-d965ccfc6d4b" outcome="Passed" testListId="8c84fa94-04c1-424b-9868-57a2d4851a1d" relativeResultsDirectory="63d67869-9a54-47ee-8722-37f0732d95b3" />
    <UnitTestResult executionId="07bb8634-a691-4674-911b-13376724865b" testId="bb99f55e-ceed-b4b6-0815-b413097d9faf" testName="TagEkyc.ArchTests.Tip88C1AAcceptanceSurfaceArchitectureTests.C1A_all_intended_identifiers_are_at_most_63_utf8_bytes" computerName="LEARNPC" duration="00:00:00.0022548" startTime="2026-09-12T18:13:29.1025884+07:00" endTime="2026-09-12T18:13:29.1025889+07:00" testType="13cdc9d9-ddb5-4fa4-a97d-d965ccfc6d4b" outcome="Passed" testListId="8c84fa94-04c1-424b-9868-57a2d4851a1d" relativeResultsDirectory="07bb8634-a691-4674-911b-13376724865b" />
    <UnitTestResult executionId="1d65dc2d-05f1-4df4-83bb-9be768581253" testId="902767f9-e0dd-4599-95b7-5acaec8ceb91" testName="TagEkyc.ArchTests.Tip88C1B2DurableObjectCustodyArchTests.OA2_runtime_graph_cannot_resolve_s3_or_foreign_object_capabilities" computerName="LEARNPC" duration="00:00:00.0050682" startTime="2026-09-12T18:13:29.4004125+07:00" endTime="2026-09-12T18:13:29.4004128+07:00" testType="13cdc9d9-ddb5-4fa4-a97d-d965ccfc6d4b" outcome="Passed" testListId="8c84fa94-04c1-424b-9868-57a2d4851a1d" relativeResultsDirectory="1d65dc2d-05f1-4df4-83bb-9be768581253" />
    <UnitTestResult executionId="cdda7c3f-ad74-4de9-a26c-3282898dfdd3" testId="3f27a6f4-efba-63b7-cf30-df0ceb02da23" testName="TagEkyc.ArchTests.Tip88C1Key1ContentCommitmentTests.KEY1_missing_fixture_configuration_is_provider_failure" computerName="LEARNPC" duration="00:00:00.0009757" startTime="2026-09-12T18:13:29.1673278+07:00" endTime="2026-09-12T18:13:29.1673280+07:00" testType="13cdc9d9-ddb5-4fa4-a97d-d965ccfc6d4b" outcome="Passed" testListId="8c84fa94-04c1-424b-9868-57a2d4851a1d" relativeResultsDirectory="cdda7c3f-ad74-4de9-a26c-3282898dfdd3" />
    <UnitTestResult executionId="9ff6fdf8-8c2c-43bc-96c3-6fb14174e611" testId="f7f20694-1826-4239-9822-df3ddccc181f" testName="TagEkyc.ArchTests.Tip83E2AuditDurabilityBoundaryTests.Append_only_repository_surfaces_are_exact_allowlists(interfaceTypeName: &quot;TagEkyc.Application.Ports.IVerificationDecisionRep&quot;···, implementationTypeName: &quot;TagEkyc.Infrastructure.Persistence.EfVerificationD&quot;···, allowedMethods: [&quot;AppendAsync&quot;, &quot;ListBySessionAsync&quot;, &quot;GetAsync&quot;])" computerName="LEARNPC" duration="00:00:00.0000552" startTime="2026-09-12T18:13:29.2996002+07:00" endTime="2026-09-12T18:13:29.2996005+07:00" testType="13cdc9d9-ddb5-4fa4-a97d-d965ccfc6d4b" outcome="Passed" testListId="8c84fa94-04c1-424b-9868-57a2d4851a1d" relativeResultsDirectory="9ff6fdf8-8c2c-43bc-96c3-6fb14174e611" />
    <UnitTestResult executionId="7d0522a3-3a18-4254-8975-2664ca85fb0d" testId="0b468ab2-6d52-70d2-455b-959d4fe5ba88" testName="TagEkyc.ArchTests.Tip88C1C5RecipientManagementArchTests.C527_snapshot_pin_normalizes_only_line_endings_not_model_content_or_bom" computerName="LEARNPC" duration="00:00:00.0028800" startTime="2026-09-12T18:13:29.2258999+07:00" endTime="2026-09-12T18:13:29.2259001+07:00" testType="13cdc9d9-ddb5-4fa4-a97d-d965ccfc6d4b" outcome="Passed" testListId="8c84fa94-04c1-424b-9868-57a2d4851a1d" relativeResultsDirectory="7d0522a3-3a18-4254-8975-2664ca85fb0d" />
    <UnitTestResult executionId="3cf0f0d8-0417-4d21-8eb8-0ff1aefd4f26" testId="2e43c28d-6d31-04e6-5c16-9be461cc84fd" testName="TagEkyc.ArchTests.Tip88C1B2AttemptKeyProviderTests.DEKKEK_readiness_fails_closed_with_pinned_codes(profile: &quot;Fixture&quot;, production: True, expected: &quot;PROD_RAW_EXPORT_ATTEMPT_KEY_FIXTURE_ACTIVE&quot;)" computerName="LEARNPC" duration="00:00:00.0000485" startTime="2026-09-12T18:13:29.2840424+07:00" endTime="2026-09-12T18:13:29.2840425+07:00" testType="13cdc9d9-ddb5-4fa4-a97d-d965ccfc6d4b" outcome="Passed" testListId="8c84fa94-04c1-424b-9868-57a2d4851a1d" relativeResultsDirectory="3cf0f0d8-0417-4d21-8eb8-0ff1aefd4f26" />
    <UnitTestResult executionId="49fdbd6e-2af9-4736-8e65-cac5d455f67c" testId="eca1ee5b-1617-3714-e4d5-10772f5a6c8f" testName="TagEkyc.ArchTests.Tip04BoundaryTests.Tip04_api_keeps_existing_dependency_direction" computerName="LEARNPC" duration="00:00:00.0005661" startTime="2026-09-12T18:13:29.2975723+07:00" endTime="2026-09-12T18:13:29.2975724+07:00" testType="13cdc9d9-ddb5-4fa4-a97d-d965ccfc6d4b" outcome="Passed" testListId="8c84fa94-04c1-424b-9868-57a2d4851a1d" relativeResultsDirectory="49fdbd6e-2af9-4736-8e65-cac5d455f67c" />
    <UnitTestResult executionId="d3644d60-03be-4077-b865-c73c94bbc08c" testId="405c5f45-e91f-b2b9-5cd3-b06b3cfdaeb8" testName="TagEkyc.ArchTests.Tip88C1B2DurableObjectCustodyArchTests.OA5_object_handles_credentials_and_receipts_are_redacted" computerName="LEARNPC" duration="00:00:00.0016535" startTime="2026-09-12T18:13:29.4031855+07:00" endTime="2026-09-12T18:13:29.4031856+07:00" testType="13cdc9d9-ddb5-4fa4-a97d-d965ccfc6d4b" outcome="Passed" testListId="8c84fa94-04c1-424b-9868-57a2d4851a1d" relativeResultsDirectory="d3644d60-03be-4077-b865-c73c94bbc08c" />
    <UnitTestResult executionId="9c832648-a0a4-4e0a-9706-24cd7df496ab" testId="6fc9352f-f784-ac26-ccdf-a94e35d2388c" testName="TagEkyc.ArchTests.Tip88C1Key1ContentCommitmentTests.KEY1_resolver_rejects_material_over_the_size_cap" computerName="LEARNPC" duration="00:00:00.0075695" startTime="2026-09-12T18:13:29.1470814+07:00" endTime="2026-09-12T18:13:29.1470817+07:00" testType="13cdc9d9-ddb5-4fa4-a97d-d965ccfc6d4b" outcome="Passed" testListId="8c84fa94-04c1-424b-9868-57a2d4851a1d" relativeResultsDirectory="9c832648-a0a4-4e0a-9706-24cd7df496ab" />
    <UnitTestResult executionId="34b03a02-c93d-429d-924e-136343265e97" testId="26c0e8e7-9047-24fc-4ec5-8fec7c06b482" testName="TagEkyc.ArchTests.Tip88B4RawExportJobBoundaryTests.B4_all_six_methods_final_admission_is_adjacent_to_each_open_or_begin(methodName: &quot;AcquireOrReclaimLeaseAsync&quot;)" computerName="LEARNPC" duration="00:00:00.0002025" startTime="2026-09-12T18:13:29.1702677+07:00" endTime="2026-09-12T18:13:29.1702678+07:00" testType="13cdc9d9-ddb5-4fa4-a97d-d965ccfc6d4b" outcome="Passed" testListId="8c84fa94-04c1-424b-9868-57a2d4851a1d" relativeResultsDirectory="34b03a02-c93d-429d-924e-136343265e97" />
    <UnitTestResult executionId="8ff46fa4-c569-49ef-b1cd-64d4eb467647" testId="7c9782df-5fff-22d1-b59e-68c701253d5b" testName="TagEkyc.ArchTests.Tip88B4RawExportJobBoundaryTests.B4_does_not_assign_or_normalize_connection_string" computerName="LEARNPC" duration="00:00:00.0610166" startTime="2026-09-12T18:13:29.2397436+07:00" endTime="2026-09-12T18:13:29.2397444+07:00" testType="13cdc9d9-ddb5-4fa4-a97d-d965ccfc6d4b" outcome="Passed" testListId="8c84fa94-04c1-424b-9868-57a2d4851a1d" relativeResultsDirectory="8ff46fa4-c569-49ef-b1cd-64d4eb467647" />
    <UnitTestResult executionId="aaa172c6-8bb7-403b-aa8c-c11b73a1fae6" testId="83f36bc7-2a65-31e6-b8a7-cdc2d1f88f20" testName="TagEkyc.ArchTests.Tip60LocalDevMetadataReferenceRegistryBoundaryTests.LocalDev_registry_names_do_not_drift_into_readiness_or_capability_claims" computerName="LEARNPC" duration="00:00:00.0017349" startTime="2026-09-12T18:13:29.3122730+07:00" endTime="2026-09-12T18:13:29.3122732+07:00" testType="13cdc9d9-ddb5-4fa4-a97d-d965ccfc6d4b" outcome="Passed" testListId="8c84fa94-04c1-424b-9868-57a2d4851a1d" relativeResultsDirectory="aaa172c6-8bb7-403b-aa8c-c11b73a1fae6" />
    <UnitTestResult executionId="a730de9c-682e-4d2a-89aa-b5e9a1cf615d" testId="3958a628-a6f4-5a75-0c99-399b70ed7d88" testName="TagEkyc.ArchTests.Tip55MetadataReferenceBoundaryTests.Metadata_reference_foundation_stays_in_domain_and_application_ports" computerName="LEARNPC" duration="00:00:00.0002775" startTime="2026-09-12T18:13:29.0779470+07:00" endTime="2026-09-12T18:13:29.0779472+07:00" testType="13cdc9d9-ddb5-4fa4-a97d-d965ccfc6d4b" outcome="Passed" testListId="8c84fa94-04c1-424b-9868-57a2d4851a1d" relativeResultsDirectory="a730de9c-682e-4d2a-89aa-b5e9a1cf615d" />
    <UnitTestResult executionId="40ec18e2-0757-4d9a-941f-61560cf0804b" testId="3289b0b8-ca42-38a8-1e17-a3b69cf97a36" testName="TagEkyc.ArchTests.Tip83E2AuditDurabilityBoundaryTests.Append_only_repository_surfaces_are_exact_allowlists(interfaceTypeName: &quot;TagEkyc.Application.Ports.IEvidenceResultRepositor&quot;···, implementationTypeName: &quot;TagEkyc.Infrastructure.Persistence.EfEvidenceResul&quot;···, allowedMethods: [&quot;AppendAsync&quot;, &quot;ListBySessionAsync&quot;])" computerName="LEARNPC" duration="00:00:00.0000581" startTime="2026-09-12T18:13:29.2988501+07:00" endTime="2026-09-12T18:13:29.2988502+07:00" testType="13cdc9d9-ddb5-4fa4-a97d-d965ccfc6d4b" outcome="Passed" testListId="8c84fa94-04c1-424b-9868-57a2d4851a1d" relativeResultsDirectory="40ec18e2-0757-4d9a-941f-61560cf0804b" />
    <UnitTestResult executionId="41fbc3a2-064c-44ce-b098-2875fd35e6b4" testId="90a18e30-94ed-fdf3-774f-7f5521423b01" testName="TagEkyc.ArchTests.Tip88C1C4RecipientPackageReferenceArchTests.C421_cursor_key_lease_is_disposable_and_redacted" computerName="LEARNPC" duration="00:00:00.0077393" startTime="2026-09-12T18:13:29.2680742+07:00" endTime="2026-09-12T18:13:29.2680745+07:00" testType="13cdc9d9-ddb5-4fa4-a97d-d965ccfc6d4b" outcome="Passed" testListId="8c84fa94-04c1-424b-9868-57a2d4851a1d" relativeResultsDirectory="41fbc3a2-064c-44ce-b098-2875fd35e6b4" />
    <UnitTestResult executionId="4ea3ed29-a231-4f42-a51c-22b0bae9e97c" testId="3f05c0e0-f71f-0a20-441a-68ec3064793d" testName="TagEkyc.ArchTests.Tip88C1B2DurableObjectCustodyArchTests.OA1_object_capability_interfaces_are_non_assignable" computerName="LEARNPC" duration="00:00:00.0008529" startTime="2026-09-12T18:13:29.2741362+07:00" endTime="2026-09-12T18:13:29.2741363+07:00" testType="13cdc9d9-ddb5-4fa4-a97d-d965ccfc6d4b" outcome="Passed" testListId="8c84fa94-04c1-424b-9868-57a2d4851a1d" relativeResultsDirectory="4ea3ed29-a231-4f42-a51c-22b0bae9e97c" />
    <UnitTestResult executionId="2e491c45-baed-42c6-afef-64a6fff37fbf" testId="452c6800-a7df-b6ed-6aa1-a0e7654a6c03" testName="TagEkyc.ArchTests.Tip88C1B2DurableKeyProdArchTests.DKPROD_39_Readiness_QualifiedDurable_NotHitByFixtureCodes" computerName="LEARNPC" duration="00:00:00.0037378" startTime="2026-09-12T18:13:29.3140277+07:00" endTime="2026-09-12T18:13:29.3140281+07:00" testType="13cdc9d9-ddb5-4fa4-a97d-d965ccfc6d4b" outcome="Passed" testListId="8c84fa94-04c1-424b-9868-57a2d4851a1d" relativeResultsDirectory="2e491c45-baed-42c6-afef-64a6fff37fbf" />
    <UnitTestResult executionId="f3ff639a-4d89-42a5-9b71-a2e2a38eee06" testId="e6d50b91-7940-1c11-9f58-34a3a11dd435" testName="TagEkyc.ArchTests.Tip60LocalDevMetadataReferenceRegistryBoundaryTests.Exactly_one_localdev_metadata_reference_registry_implementation_is_allowed" computerName="LEARNPC" duration="00:00:00.0039843" startTime="2026-09-12T18:13:29.3103635+07:00" endTime="2026-09-12T18:13:29.3103636+07:00" testType="13cdc9d9-ddb5-4fa4-a97d-d965ccfc6d4b" outcome="Passed" testListId="8c84fa94-04c1-424b-9868-57a2d4851a1d" relativeResultsDirectory="f3ff639a-4d89-42a5-9b71-a2e2a38eee06" />
    <UnitTestResult executionId="28632221-bdba-4fc0-b8dc-b708cc614484" testId="35ea1a24-5d39-9007-5b08-1b3665a573fd" testName="TagEkyc.ArchTests.Tip88C1B2AttemptKeyProviderTests.DEKKEK_same_reservation_with_different_context_is_conflict" computerName="LEARNPC" duration="00:00:00.0009891" startTime="2026-09-12T18:13:29.2979910+07:00" endTime="2026-09-12T18:13:29.2979912+07:00" testType="13cdc9d9-ddb5-4fa4-a97d-d965ccfc6d4b" outcome="Passed" testListId="8c84fa94-04c1-424b-9868-57a2d4851a1d" relativeResultsDirectory="28632221-bdba-4fc0-b8dc-b708cc614484" />
    <UnitTestResult executionId="e052c3ef-44f8-4884-9b49-5aedadffec9b" testId="bc788789-0f9f-8ed6-1b3d-ffc49dc9871b" testName="TagEkyc.ArchTests.Tip88C1B2CustodyProfileTests.C1B2_profiles_provider_returns_exact_nonproduction_fixture_bundles" computerName="LEARNPC" duration="00:00:00.0297621" startTime="2026-09-12T18:13:29.0925512+07:00" endTime="2026-09-12T18:13:29.0925516+07:00" testType="13cdc9d9-ddb5-4fa4-a97d-d965ccfc6d4b" outcome="Passed" testListId="8c84fa94-04c1-424b-9868-57a2d4851a1d" relativeResultsDirectory="e052c3ef-44f8-4884-9b49-5aedadffec9b" />
    <UnitTestResult executionId="c829f5c9-501e-420c-889a-177cb11a883f" testId="0b82f667-7f75-a9a1-4f5e-9ce06ece0320" testName="TagEkyc.ArchTests.Tip88C1B2CustodyProfileTests.C1B2_profiles_each_time_bound_accepts_exact_minimum_and_maximum" computerName="LEARNPC" duration="00:00:00.2112339" startTime="2026-09-12T18:13:29.0626069+07:00" endTime="2026-09-12T18:13:29.0626073+07:00" testType="13cdc9d9-ddb5-4fa4-a97d-d965ccfc6d4b" outcome="Passed" testListId="8c84fa94-04c1-424b-9868-57a2d4851a1d" relativeResultsDirectory="c829f5c9-501e-420c-889a-177cb11a883f" />
    <UnitTestResult executionId="1c72ca9a-73fa-4bb4-bf22-3ffc8b891790" testId="57fa5bda-738c-bc40-9b73-e90bf748e1b9" testName="TagEkyc.ArchTests.Tip88C1Key2SubjectRefTokenTests.KEY2_fixture_matches_independent_hmac_golden_vector" computerName="LEARNPC" duration="00:00:00.0013459" startTime="2026-09-12T18:13:29.1474950+07:00" endTime="2026-09-12T18:13:29.1474953+07:00" testType="13cdc9d9-ddb5-4fa4-a97d-d965ccfc6d4b" outcome="Passed" testListId="8c84fa94-04c1-424b-9868-57a2d4851a1d" relativeResultsDirectory="1c72ca9a-73fa-4bb4-bf22-3ffc8b891790" />
    <UnitTestResult executionId="ab7621a6-1238-414e-8be1-2b00c9b2721e" testId="9f31e557-a421-a1d9-c08c-28cb7bc76fbe" testName="TagEkyc.ArchTests.Tip88B4RawExportJobBoundaryTests.B4_does_not_reference_enlist_or_npgsql_connection_string_builder" computerName="LEARNPC" duration="00:00:00.0029191" startTime="2026-09-12T18:13:29.1763446+07:00" endTime="2026-09-12T18:13:29.1763450+07:00" testType="13cdc9d9-ddb5-4fa4-a97d-d965ccfc6d4b" outcome="Passed" testListId="8c84fa94-04c1-424b-9868-57a2d4851a1d" relativeResultsDirectory="ab7621a6-1238-414e-8be1-2b00c9b2721e" />
    <UnitTestResult executionId="564f427d-c4cc-40b4-b7e1-0b682c58c7a4" testId="f683b2c6-9689-248a-785b-d226726d13d7" testName="TagEkyc.ArchTests.Tip88C1Key2SubjectRefTokenTests.KEY2_compute_disposes_and_zeroes_material_lease" computerName="LEARNPC" duration="00:00:00.0008378" startTime="2026-09-12T18:13:29.2225195+07:00" endTime="2026-09-12T18:13:29.2225198+07:00" testType="13cdc9d9-ddb5-4fa4-a97d-d965ccfc6d4b" outcome="Passed" testListId="8c84fa94-04c1-424b-9868-57a2d4851a1d" relativeResultsDirectory="564f427d-c4cc-40b4-b7e1-0b682c58c7a4" />
    <UnitTestResult executionId="ee347417-169f-4ea2-b5fe-7e294eecec61" testId="38704ee0-4f77-3275-f678-81b8571f3ce8" testName="TagEkyc.ArchTests.ProjectDependencyTests.Project_references_stay_within_tip01_boundary(assembly: TagEkyc.Adapters, Version=1.0.0.0, Culture=neutral, PublicKeyToken=null, allowedAssemblyNames: [&quot;TagEkyc.Application&quot;, &quot;TagEkyc.Contracts&quot;, &quot;TagEkyc.Domain&quot;])" computerName="LEARNPC" duration="00:00:00.0000371" startTime="2026-09-12T18:13:29.2771293+07:00" endTime="2026-09-12T18:13:29.2771294+07:00" testType="13cdc9d9-ddb5-4fa4-a97d-d965ccfc6d4b" outcome="Passed" testListId="8c84fa94-04c1-424b-9868-57a2d4851a1d" relativeResultsDirectory="ee347417-169f-4ea2-b5fe-7e294eecec61" />
    <UnitTestResult executionId="c77274a9-3f9d-4cca-b1c7-cc955c48c3c6" testId="38704ee0-4f77-3275-f678-81b8571f3ce8" testName="TagEkyc.ArchTests.ProjectDependencyTests.Project_references_stay_within_tip01_boundary(assembly: TagEkyc.Application, Version=1.0.0.0, Culture=neutral, PublicKeyToken=null, allowedAssemblyNames: [&quot;TagEkyc.Contracts&quot;, &quot;TagEkyc.Domain&quot;])" computerName="LEARNPC" duration="00:00:00.0004206" startTime="2026-09-12T18:13:29.2770737+07:00" endTime="2026-09-12T18:13:29.2770738+07:00" testType="13cdc9d9-ddb5-4fa4-a97d-d965ccfc6d4b" outcome="Passed" testListId="8c84fa94-04c1-424b-9868-57a2d4851a1d" relativeResultsDirectory="c77274a9-3f9d-4cca-b1c7-cc955c48c3c6" />
    <UnitTestResult executionId="a8f31a08-c9b2-457b-aa35-e53366aed130" testId="3b2e50b4-939f-1dc0-2aad-9759b5d72bd6" testName="TagEkyc.ArchTests.Tip88C1Key1ContentCommitmentTests.KEY1_fixture_selector_matches_independent_hmac_golden_vector" computerName="LEARNPC" duration="00:00:00.5736628" startTime="2026-09-12T18:13:29.1394013+07:00" endTime="2026-09-12T18:13:29.1394016+07:00" testType="13cdc9d9-ddb5-4fa4-a97d-d965ccfc6d4b" outcome="Passed" testListId="8c84fa94-04c1-424b-9868-57a2d4851a1d" relativeResultsDirectory="a8f31a08-c9b2-457b-aa35-e53366aed130" />
    <UnitTestResult executionId="dfd42397-32c1-4c94-8610-9e420ad7d28b" testId="86041562-e986-8791-c6e2-83a48cc75445" testName="TagEkyc.ArchTests.Tip72LivenessBoundaryTests.Tip72_server_build_does_not_take_liveness_engine_or_decode_dependencies" computerName="LEARNPC" duration="00:00:00.7011246" startTime="2026-09-12T18:13:29.2669392+07:00" endTime="2026-09-12T18:13:29.2669395+07:00" testType="13cdc9d9-ddb5-4fa4-a97d-d965ccfc6d4b" outcome="Passed" testListId="8c84fa94-04c1-424b-9868-57a2d4851a1d" relativeResultsDirectory="dfd42397-32c1-4c94-8610-9e420ad7d28b" />
    <UnitTestResult executionId="7a8598cd-0994-412f-b0bd-92351fa276e1" testId="b811440e-cedd-e6fd-a296-2bbf5a79ee74" testName="TagEkyc.ArchTests.Tip88C1Key1ContentCommitmentTests.KEY1_application_and_broker_surface_cannot_expose_protected_values" computerName="LEARNPC" duration="00:00:00.0125191" startTime="2026-09-12T18:13:29.1662841+07:00" endTime="2026-09-12T18:13:29.1662844+07:00" testType="13cdc9d9-ddb5-4fa4-a97d-d965ccfc6d4b" outcome="Passed" testListId="8c84fa94-04c1-424b-9868-57a2d4851a1d" relativeResultsDirectory="7a8598cd-0994-412f-b0bd-92351fa276e1" />
    <UnitTestResult executionId="d33623eb-0400-4b3f-9c4e-816b6c48a42f" testId="73791b5d-582c-e886-315b-9662a6ccb4ba" testName="TagEkyc.ArchTests.Tip17DurableMetadataBoundaryTests.Business_consumer_contracts_do_not_expose_tip17_durable_metadata" computerName="LEARNPC" duration="00:00:00.0007912" startTime="2026-09-12T18:13:29.2708772+07:00" endTime="2026-09-12T18:13:29.2708772+07:00" testType="13cdc9d9-ddb5-4fa4-a97d-d965ccfc6d4b" outcome="Passed" testListId="8c84fa94-04c1-424b-9868-57a2d4851a1d" relativeResultsDirectory="d33623eb-0400-4b3f-9c4e-816b6c48a42f" />
    <UnitTestResult executionId="d6ae59b2-512d-45fc-8f3e-6e241b90fe17" testId="293813d0-0131-5187-0403-3b21daca8aa4" testName="TagEkyc.ArchTests.Tip88C1C1ResolverAssemblyArchTests.C1_resolver_and_framed_verifier_are_internal_and_share_one_parser" computerName="LEARNPC" duration="00:00:00.0007776" startTime="2026-09-12T18:13:29.2967220+07:00" endTime="2026-09-12T18:13:29.2967221+07:00" testType="13cdc9d9-ddb5-4fa4-a97d-d965ccfc6d4b" outcome="Passed" testListId="8c84fa94-04c1-424b-9868-57a2d4851a1d" relativeResultsDirectory="d6ae59b2-512d-45fc-8f3e-6e241b90fe17" />
    <UnitTestResult executionId="2f504be6-1464-4aff-879c-3bdc485122e6" testId="94583add-5c2f-18e4-3d50-72d3ba6875ab" testName="TagEkyc.ArchTests.Tip88C1B2R2DurableCustodyEncryptionArchTests.R2A2_writer_and_verifier_use_only_non_assignable_operation_scoped_capabilities" computerName="LEARNPC" duration="00:00:00.0165656" startTime="2026-09-12T18:13:29.2895217+07:00" endTime="2026-09-12T18:13:29.2895218+07:00" testType="13cdc9d9-ddb5-4fa4-a97d-d965ccfc6d4b" outcome="Passed" testListId="8c84fa94-04c1-424b-9868-57a2d4851a1d" relativeResultsDirectory="2f504be6-1464-4aff-879c-3bdc485122e6" />
    <UnitTestResult executionId="7ccb35ad-2334-4c30-9fc0-cd89c806eadb" testId="3fe738d8-41af-3809-34b7-036a221de7b8" testName="TagEkyc.ArchTests.Tip57MetadataReferenceQuerySemanticsBoundaryTests.Metadata_reference_query_semantics_remain_unexposed_from_api_and_contracts" computerName="LEARNPC" duration="00:00:00.0118745" startTime="2026-09-12T18:13:29.2670048+07:00" endTime="2026-09-12T18:13:29.2670049+07:00" testType="13cdc9d9-ddb5-4fa4-a97d-d965ccfc6d4b" outcome="Passed" testListId="8c84fa94-04c1-424b-9868-57a2d4851a1d" relativeResultsDirectory="7ccb35ad-2334-4c30-9fc0-cd89c806eadb" />
    <UnitTestResult executionId="2a221f75-7ac9-4de6-b06e-c61dbf235f59" testId="593fdfcb-36cd-b214-7d5a-dd8b90d15739" testName="TagEkyc.ArchTests.Tip06BoundaryTests.Tip06_does_not_add_persistence_or_webhook_framework_references" computerName="LEARNPC" duration="00:00:00.1189949" startTime="2026-09-12T18:13:28.6877529+07:00" endTime="2026-09-12T18:13:28.6877719+07:00" testType="13cdc9d9-ddb5-4fa4-a97d-d965ccfc6d4b" outcome="Passed" testListId="8c84fa94-04c1-424b-9868-57a2d4851a1d" relativeResultsDirectory="2a221f75-7ac9-4de6-b06e-c61dbf235f59" />
    <UnitTestResult executionId="cc079954-d9df-4c99-a199-0c120d874fa9" testId="75a1805d-7a28-7da6-7117-d8b4d578eca5" testName="TagEkyc.ArchTests.Tip88C1C3RecipientPackageDeliveryArchTests.C323_delivery_assembly_has_no_private_key_unwrap_or_plaintext_contract" computerName="LEARNPC" duration="00:00:00.6938668" startTime="2026-09-12T18:13:29.2599269+07:00" endTime="2026-09-12T18:13:29.2599273+07:00" testType="13cdc9d9-ddb5-4fa4-a97d-d965ccfc6d4b" outcome="Passed" testListId="8c84fa94-04c1-424b-9868-57a2d4851a1d" relativeResultsDirectory="cc079954-d9df-4c99-a199-0c120d874fa9" />
    <UnitTestResult executionId="01e5e846-70e6-43ca-add9-5230b4864aa0" testId="62fc0389-5eb9-a345-6a66-25139b6ee642" testName="TagEkyc.ArchTests.Tip60LocalDevMetadataReferenceRegistryBoundaryTests.Metadata_reference_registry_has_no_non_localdev_or_public_surface_implementation" computerName="LEARNPC" duration="00:00:00.0030760" startTime="2026-09-12T18:13:29.3067081+07:00" endTime="2026-09-12T18:13:29.3067082+07:00" testType="13cdc9d9-ddb5-4fa4-a97d-d965ccfc6d4b" outcome="Passed" testListId="8c84fa94-04c1-424b-9868-57a2d4851a1d" relativeResultsDirectory="01e5e846-70e6-43ca-add9-5230b4864aa0" />
    <UnitTestResult executionId="f5ca8e74-e71f-480c-a07c-e36a68e1c290" testId="150248a2-31cb-30ed-3ae7-1407639fd86f" testName="TagEkyc.ArchTests.Tip88C1B2DurableKeyFixtureProofArchTests.ProductionCompositionAndRoles_CannotSelectOrExecuteFixtureProvider" computerName="LEARNPC" duration="00:00:00.6006148" startTime="2026-09-12T18:13:29.1663556+07:00" endTime="2026-09-12T18:13:29.1663557+07:00" testType="13cdc9d9-ddb5-4fa4-a97d-d965ccfc6d4b" outcome="Passed" testListId="8c84fa94-04c1-424b-9868-57a2d4851a1d" relativeResultsDirectory="f5ca8e74-e71f-480c-a07c-e36a68e1c290" />
    <UnitTestResult executionId="9af312a0-f731-458a-824c-c89bfd1ee2a5" testId="73d67c3e-fddf-2a2e-a04f-8cdf323b8019" testName="TagEkyc.ArchTests.Tip17DurableMetadataBoundaryTests.Durable_metadata_repository_contract_stays_in_application_ports" computerName="LEARNPC" duration="00:00:00.0005670" startTime="2026-09-12T18:13:29.2707097+07:00" endTime="2026-09-12T18:13:29.2707098+07:00" testType="13cdc9d9-ddb5-4fa4-a97d-d965ccfc6d4b" outcome="Passed" testListId="8c84fa94-04c1-424b-9868-57a2d4851a1d" relativeResultsDirectory="9af312a0-f731-458a-824c-c89bfd1ee2a5" />
    <UnitTestResult executionId="d3aae0ef-234e-4c89-b8d5-9f024e730567" testId="16486766-af58-2d0b-a7de-9cc3a30b9ba6" testName="TagEkyc.ArchTests.Tip88C1C4RecipientPackageReferenceArchTests.C423_c4_has_no_raw_bio_cek_private_key_or_c2_c3_mutation_dependency" computerName="LEARNPC" duration="00:00:00.6941472" startTime="2026-09-12T18:13:29.2599841+07:00" endTime="2026-09-12T18:13:29.2599842+07:00" testType="13cdc9d9-ddb5-4fa4-a97d-d965ccfc6d4b" outcome="Passed" testListId="8c84fa94-04c1-424b-9868-57a2d4851a1d" relativeResultsDirectory="d3aae0ef-234e-4c89-b8d5-9f024e730567" />
    <UnitTestResult executionId="e496b930-efb5-40f0-89e7-0e1d9177c4d8" testId="152fed9f-a609-cf70-5813-c2a7275da0f8" testName="TagEkyc.ArchTests.Tip88C1B2DurableKeyProdArchTests.DKPROD_48_RetryConfig_FixedProfileConformance" computerName="LEARNPC" duration="00:00:00.0213397" startTime="2026-09-12T18:13:29.3032348+07:00" endTime="2026-09-12T18:13:29.3032349+07:00" testType="13cdc9d9-ddb5-4fa4-a97d-d965ccfc6d4b" outcome="Passed" testListId="8c84fa94-04c1-424b-9868-57a2d4851a1d" relativeResultsDirectory="e496b930-efb5-40f0-89e7-0e1d9177c4d8" />
    <UnitTestResult executionId="fe88b446-6dbe-4dfb-b0c3-4ed31d19b381" testId="6ba0acd3-247f-e9a7-bc41-81bba8c5506e" testName="TagEkyc.ArchTests.DockerTestResourceLifecycleTests.PostgreSql_test_harnesses_do_not_leave_anonymous_data_volumes" computerName="LEARNPC" duration="00:00:00.9977195" startTime="2026-09-12T18:13:30.2736716+07:00" endTime="2026-09-12T18:13:30.2736723+07:00" testType="13cdc9d9-ddb5-4fa4-a97d-d965ccfc6d4b" outcome="Passed" testListId="8c84fa94-04c1-424b-9868-57a2d4851a1d" relativeResultsDirectory="fe88b446-6dbe-4dfb-b0c3-4ed31d19b381" />
    <UnitTestResult executionId="d8cda03d-480a-4149-892e-8e0d261bb92f" testId="8e7d2aac-5a24-56e7-e7dc-9eb783e8df2d" testName="TagEkyc.ArchTests.Tip83E2AuditDurabilityBoundaryTests.Append_only_repository_surfaces_are_exact_allowlists(interfaceTypeName: &quot;TagEkyc.Application.Ports.IEvidencePackageReposito&quot;···, implementationTypeName: &quot;TagEkyc.Infrastructure.Persistence.EfEvidencePacka&quot;···, allowedMethods: [&quot;AppendAsync&quot;, &quot;GetAsync&quot;, &quot;GetBySessionAsync&quot;])" computerName="LEARNPC" duration="00:00:00.0000433" startTime="2026-09-12T18:13:29.2987548+07:00" endTime="2026-09-12T18:13:29.2987549+07:00" testType="13cdc9d9-ddb5-4fa4-a97d-d965ccfc6d4b" outcome="Passed" testListId="8c84fa94-04c1-424b-9868-57a2d4851a1d" relativeResultsDirectory="d8cda03d-480a-4149-892e-8e0d261bb92f" />
    <UnitTestResult executionId="edb53703-cd6a-4e70-8aa7-6741d3e4a22f" testId="a8d13a35-0c37-8e4b-88e2-f816c2d346c5" testName="TagEkyc.ArchTests.Tip55MetadataReferenceBoundaryTests.Metadata_reference_contracts_are_not_exposed_through_public_api_or_external_contracts" computerName="LEARNPC" duration="00:00:00.2300828" startTime="2026-09-12T18:13:29.0778189+07:00" endTime="2026-09-12T18:13:29.0778191+07:00" testType="13cdc9d9-ddb5-4fa4-a97d-d965ccfc6d4b" outcome="Passed" testListId="8c84fa94-04c1-424b-9868-57a2d4851a1d" relativeResultsDirectory="edb53703-cd6a-4e70-8aa7-6741d3e4a22f" />
    <UnitTestResult executionId="7b203d95-c764-4c55-829b-4b45688faaac" testId="4b619bd4-19d6-6319-e473-15a92d338c0e" testName="TagEkyc.ArchTests.Tip17DurableMetadataBoundaryTests.Tip17_does_not_add_forbidden_persistence_or_provider_dependencies" computerName="LEARNPC" duration="00:00:00.0004447" startTime="2026-09-12T18:13:29.2707640+07:00" endTime="2026-09-12T18:13:29.2707641+07:00" testType="13cdc9d9-ddb5-4fa4-a97d-d965ccfc6d4b" outcome="Passed" testListId="8c84fa94-04c1-424b-9868-57a2d4851a1d" relativeResultsDirectory="7b203d95-c764-4c55-829b-4b45688faaac" />
    <UnitTestResult executionId="159f934d-c5f7-4143-877f-bcd74b86bfa5" testId="389acc7a-e480-3d94-f846-bbb7b8dd5049" testName="TagEkyc.ArchTests.Tip88C1C1ResolverAssemblyArchTests.C1_source_contains_no_complete_plaintext_buffer_temp_file_or_raw_logging_edge" computerName="LEARNPC" duration="00:00:00.0012903" startTime="2026-09-12T18:13:29.2708387+07:00" endTime="2026-09-12T18:13:29.2708387+07:00" testType="13cdc9d9-ddb5-4fa4-a97d-d965ccfc6d4b" outcome="Passed" testListId="8c84fa94-04c1-424b-9868-57a2d4851a1d" relativeResultsDirectory="159f934d-c5f7-4143-877f-bcd74b86bfa5" />
    <UnitTestResult executionId="0b6a52c4-0726-4b80-95f3-697e027e66cd" testId="914a89c0-516e-a63f-23f6-ae88dd4cf800" testName="TagEkyc.ArchTests.Tip88C1B2CustodyProfileTests.C1B2_profiles_readiness_precedence_and_fixture_gate_are_exact" computerName="LEARNPC" duration="00:00:00.0053548" startTime="2026-09-12T18:13:29.0979854+07:00" endTime="2026-09-12T18:13:29.0979859+07:00" testType="13cdc9d9-ddb5-4fa4-a97d-d965ccfc6d4b" outcome="Passed" testListId="8c84fa94-04c1-424b-9868-57a2d4851a1d" relativeResultsDirectory="0b6a52c4-0726-4b80-95f3-697e027e66cd" />
    <UnitTestResult executionId="50b2a05a-b4ce-44ad-ad99-2018b201d469" testId="101aadfd-8cbf-533b-3f8f-eb3cb75d1f6d" testName="TagEkyc.ArchTests.Tip88B4RawExportJobBoundaryTests.B4_all_six_methods_final_admission_is_adjacent_to_each_open_or_begin(methodName: &quot;RecordAttemptFailureAsync&quot;)" computerName="LEARNPC" duration="00:00:00.0002304" startTime="2026-09-12T18:13:29.1705603+07:00" endTime="2026-09-12T18:13:29.1705604+07:00" testType="13cdc9d9-ddb5-4fa4-a97d-d965ccfc6d4b" outcome="Passed" testListId="8c84fa94-04c1-424b-9868-57a2d4851a1d" relativeResultsDirectory="50b2a05a-b4ce-44ad-ad99-2018b201d469" />
    <UnitTestResult executionId="025f8d47-4c0a-4d00-9146-8fd9d3d2fd83" testId="38704ee0-4f77-3275-f678-81b8571f3ce8" testName="TagEkyc.ArchTests.ProjectDependencyTests.Project_references_stay_within_tip01_boundary(assembly: TagEkyc.Domain, Version=1.0.0.0, Culture=neutral, PublicKeyToken=null, allowedAssemblyNames: [])" computerName="LEARNPC" duration="00:00:00.0000106" startTime="2026-09-12T18:13:29.2814809+07:00" endTime="2026-09-12T18:13:29.2814809+07:00" testType="13cdc9d9-ddb5-4fa4-a97d-d965ccfc6d4b" outcome="Passed" testListId="8c84fa94-04c1-424b-9868-57a2d4851a1d" relativeResultsDirectory="025f8d47-4c0a-4d00-9146-8fd9d3d2fd83" />
    <UnitTestResult executionId="19bc1eec-bd2b-4e47-a76e-cb6f38e37342" testId="a3c0648c-84e2-b05f-1aee-24865d87d72c" testName="TagEkyc.ArchTests.Tip88C1C5RecipientManagementArchTests.C530_debts_nonclaims_and_product_ready_gates_remain_open" computerName="LEARNPC" duration="00:00:00.0233371" startTime="2026-09-12T18:13:29.2493380+07:00" endTime="2026-09-12T18:13:29.2493383+07:00" testType="13cdc9d9-ddb5-4fa4-a97d-d965ccfc6d4b" outcome="Passed" testListId="8c84fa94-04c1-424b-9868-57a2d4851a1d" relativeResultsDirectory="19bc1eec-bd2b-4e47-a76e-cb6f38e37342" />
    <UnitTestResult executionId="691ff0bd-8ac4-430a-9592-490e78765736" testId="a746b745-9e1e-078c-69a7-595cef0f9ab9" testName="TagEkyc.ArchTests.Tip88C1C6BA1DispatchCatalogueTests.DispatchCatalogue_IsClosedAndBidirectionallyJoined" computerName="LEARNPC" duration="00:00:00.9735395" startTime="2026-09-12T18:13:29.5392664+07:00" endTime="2026-09-12T18:13:29.5392667+07:00" testType="13cdc9d9-ddb5-4fa4-a97d-d965ccfc6d4b" outcome="Passed" testListId="8c84fa94-04c1-424b-9868-57a2d4851a1d" relativeResultsDirectory="691ff0bd-8ac4-430a-9592-490e78765736" />
    <UnitTestResult executionId="dfc39ecb-348f-4ace-b7a6-c4be6e1bc228" testId="711e8c0a-5b25-d3df-61b9-7a7dab3b5f8e" testName="TagEkyc.ArchTests.Tip88C1B2DurableKeyFixtureProofArchTests.FixtureProvider_InternalSurface_DoesNotExposeDekOrHandles" computerName="LEARNPC" duration="00:00:00.1449643" startTime="2026-09-12T18:13:29.3113768+07:00" endTime="2026-09-12T18:13:29.3113771+07:00" testType="13cdc9d9-ddb5-4fa4-a97d-d965ccfc6d4b" outcome="Passed" testListId="8c84fa94-04c1-424b-9868-57a2d4851a1d" relativeResultsDirectory="dfc39ecb-348f-4ace-b7a6-c4be6e1bc228" />
    <UnitTestResult executionId="65ab468f-12d8-4972-89a1-d170f91b271c" testId="3b64587f-8917-3c41-71ad-a967af74f078" testName="TagEkyc.ArchTests.Tip88B4RawExportJobBoundaryTests.B4_all_six_methods_final_admission_is_adjacent_to_each_open_or_begin(methodName: &quot;TerminalizeAsync&quot;)" computerName="LEARNPC" duration="00:00:00.0002058" startTime="2026-09-12T18:13:29.1700137+07:00" endTime="2026-09-12T18:13:29.1700138+07:00" testType="13cdc9d9-ddb5-4fa4-a97d-d965ccfc6d4b" outcome="Passed" testListId="8c84fa94-04c1-424b-9868-57a2d4851a1d" relativeResultsDirectory="65ab468f-12d8-4972-89a1-d170f91b271c" />
    <UnitTestResult executionId="2acaecfc-b679-47b0-8954-6e15aeaa96a1" testId="89c6db39-5cd1-6210-8528-fa37e21ae1df" testName="TagEkyc.ArchTests.Tip88C1Key1ContentCommitmentTests.KEY1_compute_disposes_and_zeroes_material_lease" computerName="LEARNPC" duration="00:00:00.0033923" startTime="2026-09-12T18:13:29.1524531+07:00" endTime="2026-09-12T18:13:29.1524533+07:00" testType="13cdc9d9-ddb5-4fa4-a97d-d965ccfc6d4b" outcome="Passed" testListId="8c84fa94-04c1-424b-9868-57a2d4851a1d" relativeResultsDirectory="2acaecfc-b679-47b0-8954-6e15aeaa96a1" />
    <UnitTestResult executionId="6bd06a2f-a24d-44e8-a072-7322ab466cf1" testId="a1da7e67-4616-554d-a224-3ba2bfcb4974" testName="TagEkyc.ArchTests.Tip88C1Key2SubjectRefTokenTests.KEY2_unknown_selector_is_typed_provider_failure_not_throw" computerName="LEARNPC" duration="00:00:00.0011815" startTime="2026-09-12T18:13:29.1522313+07:00" endTime="2026-09-12T18:13:29.1522315+07:00" testType="13cdc9d9-ddb5-4fa4-a97d-d965ccfc6d4b" outcome="Passed" testListId="8c84fa94-04c1-424b-9868-57a2d4851a1d" relativeResultsDirectory="6bd06a2f-a24d-44e8-a072-7322ab466cf1" />
    <UnitTestResult executionId="1eba4bf0-636d-466a-87bc-263cd968e821" testId="454964b8-7ae9-199b-56c7-f67aee093e74" testName="TagEkyc.ArchTests.Tip88C1Key2SubjectRefTokenTests.KEY2_and_KEY1_are_capability_separated_in_both_DI_orders(commitmentFirst: True)" computerName="LEARNPC" duration="00:00:00.0012151" startTime="2026-09-12T18:13:29.1460562+07:00" endTime="2026-09-12T18:13:29.1460565+07:00" testType="13cdc9d9-ddb5-4fa4-a97d-d965ccfc6d4b" outcome="Passed" testListId="8c84fa94-04c1-424b-9868-57a2d4851a1d" relativeResultsDirectory="1eba4bf0-636d-466a-87bc-263cd968e821" />
    <UnitTestResult executionId="18845964-3017-4d5a-a7b3-256bc0191dd0" testId="c33ae22e-5e66-e8a9-dd75-12484da3c016" testName="TagEkyc.ArchTests.Tip88C1Key2SubjectRefTokenTests.KEY2_and_KEY1_are_capability_separated_in_both_DI_orders(commitmentFirst: False)" computerName="LEARNPC" duration="00:00:00.5789733" startTime="2026-09-12T18:13:29.1447234+07:00" endTime="2026-09-12T18:13:29.1447235+07:00" testType="13cdc9d9-ddb5-4fa4-a97d-d965ccfc6d4b" outcome="Passed" testListId="8c84fa94-04c1-424b-9868-57a2d4851a1d" relativeResultsDirectory="18845964-3017-4d5a-a7b3-256bc0191dd0" />
    <UnitTestResult executionId="2b9d0639-701b-4c1f-a884-b6ff74995b8c" testId="c27e1ca6-88c8-5175-6fbf-b461b964d33c" testName="TagEkyc.ArchTests.Tip88B4RawExportJobBoundaryTests.M3_production_bind_and_direct_claim_share_session_then_permit_order" computerName="LEARNPC" duration="00:00:00.0007373" startTime="2026-09-12T18:13:29.1713627+07:00" endTime="2026-09-12T18:13:29.1713628+07:00" testType="13cdc9d9-ddb5-4fa4-a97d-d965ccfc6d4b" outcome="Passed" testListId="8c84fa94-04c1-424b-9868-57a2d4851a1d" relativeResultsDirectory="2b9d0639-701b-4c1f-a884-b6ff74995b8c" />
    <UnitTestResult executionId="585917ba-64b9-4dcf-b63e-53d019b24a80" testId="2819f094-d1ac-8d79-e1a8-e5165270dcff" testName="TagEkyc.ArchTests.Tip88C1B2SourceFinalizationArchTests.Finalization_surface_is_metadata_only_and_capability_separated" computerName="LEARNPC" duration="00:00:00.2474916" startTime="2026-09-12T18:13:29.1062056+07:00" endTime="2026-09-12T18:13:29.1062058+07:00" testType="13cdc9d9-ddb5-4fa4-a97d-d965ccfc6d4b" outcome="Passed" testListId="8c84fa94-04c1-424b-9868-57a2d4851a1d" relativeResultsDirectory="585917ba-64b9-4dcf-b63e-53d019b24a80" />
    <UnitTestResult executionId="32f2b611-d8fc-4461-be3f-78354da39946" testId="74ae4f20-9128-ac6f-c9c6-cd948010eaca" testName="TagEkyc.ArchTests.Tip88B4RawExportJobBoundaryTests.B4_all_six_methods_own_fresh_read_committed_transactions(methodName: &quot;ReadAsync&quot;)" computerName="LEARNPC" duration="00:00:00.0004116" startTime="2026-09-12T18:13:29.1725617+07:00" endTime="2026-09-12T18:13:29.1725618+07:00" testType="13cdc9d9-ddb5-4fa4-a97d-d965ccfc6d4b" outcome="Passed" testListId="8c84fa94-04c1-424b-9868-57a2d4851a1d" relativeResultsDirectory="32f2b611-d8fc-4461-be3f-78354da39946" />
    <UnitTestResult executionId="fa3435b0-90c8-40ca-b243-b96ea9b2217f" testId="c84966ac-83e9-04ed-eae3-1b651ef83c2d" testName="TagEkyc.ArchTests.Tip88C1C2RecipientPackageArchTests.C226_exact_36_path_census_has_no_program_project_or_public_delivery_surface" computerName="LEARNPC" duration="00:00:00.0050417" startTime="2026-09-12T18:13:29.6256361+07:00" endTime="2026-09-12T18:13:29.6256366+07:00" testType="13cdc9d9-ddb5-4fa4-a97d-d965ccfc6d4b" outcome="Passed" testListId="8c84fa94-04c1-424b-9868-57a2d4851a1d" relativeResultsDirectory="fa3435b0-90c8-40ca-b243-b96ea9b2217f" />
    <UnitTestResult executionId="1051ab5b-a1da-4a06-9019-d606df1c3380" testId="0ebb914d-77ea-49ea-79b3-56b10a9bf036" testName="TagEkyc.ArchTests.Tip03BoundaryTests.Append_only_repository_ports_do_not_expose_update_or_delete" computerName="LEARNPC" duration="00:00:00.0006061" startTime="2026-09-12T18:13:29.1046963+07:00" endTime="2026-09-12T18:13:29.1046965+07:00" testType="13cdc9d9-ddb5-4fa4-a97d-d965ccfc6d4b" outcome="Passed" testListId="8c84fa94-04c1-424b-9868-57a2d4851a1d" relativeResultsDirectory="1051ab5b-a1da-4a06-9019-d606df1c3380" />
    <UnitTestResult executionId="ef329d9e-4f7b-47b6-8700-24e8f13bc503" testId="a171f81a-8b70-b9d0-3666-147509ac1622" testName="TagEkyc.ArchTests.Tip88C1C5RecipientManagementArchTests.C527_model_snapshot_tripwires_are_platform_independent_and_lockstep" computerName="LEARNPC" duration="00:00:00.1607633" startTime="2026-09-12T18:13:29.4102276+07:00" endTime="2026-09-12T18:13:29.4102282+07:00" testType="13cdc9d9-ddb5-4fa4-a97d-d965ccfc6d4b" outcome="Passed" testListId="8c84fa94-04c1-424b-9868-57a2d4851a1d" relativeResultsDirectory="ef329d9e-4f7b-47b6-8700-24e8f13bc503" />
    <UnitTestResult executionId="8d061970-d7e3-416a-b4e8-ffd18adfe2b5" testId="d6709eb7-357b-84d2-3785-b4ea939cae50" testName="TagEkyc.ArchTests.Tip88C1B2AttemptKeyProviderTests.DEKKEK_reference_binding_rejects_unknown_fixture_reference" computerName="LEARNPC" duration="00:00:00.0024382" startTime="2026-09-12T18:13:29.2866223+07:00" endTime="2026-09-12T18:13:29.2866225+07:00" testType="13cdc9d9-ddb5-4fa4-a97d-d965ccfc6d4b" outcome="Passed" testListId="8c84fa94-04c1-424b-9868-57a2d4851a1d" relativeResultsDirectory="8d061970-d7e3-416a-b4e8-ffd18adfe2b5" />
    <UnitTestResult executionId="10182cfe-3bf5-4b05-9b58-2e9842e4cdf7" testId="e1bb586f-428b-3836-43bc-9f507233b462" testName="TagEkyc.ArchTests.Tip88C1C2RecipientPackageArchTests.C218_provider_has_no_multipart_list_copy_presign_or_batch_delete_member" computerName="LEARNPC" duration="00:00:00.0003582" startTime="2026-09-12T18:13:29.6266150+07:00" endTime="2026-09-12T18:13:29.6266151+07:00" testType="13cdc9d9-ddb5-4fa4-a97d-d965ccfc6d4b" outcome="Passed" testListId="8c84fa94-04c1-424b-9868-57a2d4851a1d" relativeResultsDirectory="10182cfe-3bf5-4b05-9b58-2e9842e4cdf7" />
    <UnitTestResult executionId="e715dc12-874c-41bd-bfeb-4e6a5144f74a" testId="1dd8e9b8-8782-bb01-8daf-d6b932f0d29d" testName="TagEkyc.ArchTests.Tip83E2AuditDurabilityBoundaryTests.Append_only_repository_surfaces_are_exact_allowlists(interfaceTypeName: &quot;TagEkyc.Application.Ports.IAuditEventRepository&quot;, implementationTypeName: &quot;TagEkyc.Infrastructure.Persistence.EfAuditEventRep&quot;···, allowedMethods: [&quot;AppendAsync&quot;, &quot;ListBySessionAsync&quot;])" computerName="LEARNPC" duration="00:00:00.0009381" startTime="2026-09-12T18:13:29.2985869+07:00" endTime="2026-09-12T18:13:29.2985869+07:00" testType="13cdc9d9-ddb5-4fa4-a97d-d965ccfc6d4b" outcome="Passed" testListId="8c84fa94-04c1-424b-9868-57a2d4851a1d" relativeResultsDirectory="e715dc12-874c-41bd-bfeb-4e6a5144f74a" />
    <UnitTestResult executionId="be0927bf-9101-4a99-a4a6-7b963b99e083" testId="d9da2299-fcd6-89b8-a0a3-00b9fae41e04" testName="TagEkyc.ArchTests.Tip88C1B2AttemptKeyProviderTests.DEKKEK_readiness_fails_closed_with_pinned_codes(profile: &quot;Unknown&quot;, production: False, expected: &quot;PROD_RAW_EXPORT_ATTEMPT_KEY_PROFILE_INVALID&quot;)" computerName="LEARNPC" duration="00:00:00.0007567" startTime="2026-09-12T18:13:29.2834552+07:00" endTime="2026-09-12T18:13:29.2834554+07:00" testType="13cdc9d9-ddb5-4fa4-a97d-d965ccfc6d4b" outcome="Passed" testListId="8c84fa94-04c1-424b-9868-57a2d4851a1d" relativeResultsDirectory="be0927bf-9101-4a99-a4a6-7b963b99e083" />
    <UnitTestResult executionId="205537fc-150d-4019-bf72-d9dbd4a027ea" testId="db321661-2a6d-d5cb-a896-d7f878e90fc5" testName="TagEkyc.ArchTests.Tip04BoundaryTests.Tip06_api_does_not_define_deferred_runtime_surfaces" computerName="LEARNPC" duration="00:00:00.0005817" startTime="2026-09-12T18:13:29.2989138+07:00" endTime="2026-09-12T18:13:29.2989138+07:00" testType="13cdc9d9-ddb5-4fa4-a97d-d965ccfc6d4b" outcome="Passed" testListId="8c84fa94-04c1-424b-9868-57a2d4851a1d" relativeResultsDirectory="205537fc-150d-4019-bf72-d9dbd4a027ea" />
    <UnitTestResult executionId="1458417d-4eba-4bdb-858a-85c52f8a8983" testId="eb84bd4d-7cc3-25f6-e652-52caeaf4cec7" testName="TagEkyc.ArchTests.Tip03BoundaryTests.Tip03_does_not_reference_persistence_frameworks" computerName="LEARNPC" duration="00:00:00.0008975" startTime="2026-09-12T18:13:29.1039985+07:00" endTime="2026-09-12T18:13:29.1039989+07:00" testType="13cdc9d9-ddb5-4fa4-a97d-d965ccfc6d4b" outcome="Passed" testListId="8c84fa94-04c1-424b-9868-57a2d4851a1d" relativeResultsDirectory="1458417d-4eba-4bdb-858a-85c52f8a8983" />
    <UnitTestResult executionId="13052438-47b4-4831-bd18-715cd4827f14" testId="f8ba4c19-6922-7163-fb4f-4f2f08672592" testName="TagEkyc.ArchTests.Tip88B1ControlPlaneBoundaryTests.Raw_export_control_plane_port_does_not_expose_b2_surfaces" computerName="LEARNPC" duration="00:00:00.1190038" startTime="2026-09-12T18:13:28.6903332+07:00" endTime="2026-09-12T18:13:28.6903332+07:00" testType="13cdc9d9-ddb5-4fa4-a97d-d965ccfc6d4b" outcome="Passed" testListId="8c84fa94-04c1-424b-9868-57a2d4851a1d" relativeResultsDirectory="13052438-47b4-4831-bd18-715cd4827f14" />
    <UnitTestResult executionId="c348fe37-59da-4645-b0a8-d6859ded709a" testId="2b3d8127-f314-cdb5-3de9-dcbf4f0ad003" testName="TagEkyc.ArchTests.Tip11BoundaryTests.Business_consumer_contracts_do_not_expose_tip11_metadata" computerName="LEARNPC" duration="00:00:00.0047311" startTime="2026-09-12T18:13:29.2970520+07:00" endTime="2026-09-12T18:13:29.2970521+07:00" testType="13cdc9d9-ddb5-4fa4-a97d-d965ccfc6d4b" outcome="Passed" testListId="8c84fa94-04c1-424b-9868-57a2d4851a1d" relativeResultsDirectory="c348fe37-59da-4645-b0a8-d6859ded709a" />
    <UnitTestResult executionId="e90c7d39-bf81-4db8-96e3-fd92459a79a5" testId="6ed07697-6ade-c564-fc34-a6e8ab4a8d22" testName="TagEkyc.ArchTests.Tip88B4RawExportJobBoundaryTests.B4_explicit_open_adjacency_cells_are_not_applicable" computerName="LEARNPC" duration="00:00:00.0005090" startTime="2026-09-12T18:13:29.1786041+07:00" endTime="2026-09-12T18:13:29.1786042+07:00" testType="13cdc9d9-ddb5-4fa4-a97d-d965ccfc6d4b" outcome="Passed" testListId="8c84fa94-04c1-424b-9868-57a2d4851a1d" relativeResultsDirectory="e90c7d39-bf81-4db8-96e3-fd92459a79a5" />
    <UnitTestResult executionId="e9690fdd-2d8a-4c04-b985-0fcd876a7304" testId="75d08fad-49e8-c593-36eb-9ae30ad366c0" testName="TagEkyc.ArchTests.Tip88C1B2AttemptKeyProviderTests.DEKKEK_fixture_profile_is_usable_only_outside_production" computerName="LEARNPC" duration="00:00:00.0081575" startTime="2026-09-12T18:13:29.2700376+07:00" endTime="2026-09-12T18:13:29.2700377+07:00" testType="13cdc9d9-ddb5-4fa4-a97d-d965ccfc6d4b" outcome="Passed" testListId="8c84fa94-04c1-424b-9868-57a2d4851a1d" relativeResultsDirectory="e9690fdd-2d8a-4c04-b985-0fcd876a7304" />
    <UnitTestResult executionId="e280acd9-395f-45c2-87ef-5adad8de93d5" testId="45d65e16-c875-b8a9-c4ea-243173ba7551" testName="TagEkyc.ArchTests.Tip60LocalDevMetadataReferenceRegistryBoundaryTests.LocalDev_registry_does_not_reference_persistence_provider_raw_or_artifact_storage_dependencies" computerName="LEARNPC" duration="00:00:00.0019159" startTime="2026-09-12T18:13:29.3000669+07:00" endTime="2026-09-12T18:13:29.3000670+07:00" testType="13cdc9d9-ddb5-4fa4-a97d-d965ccfc6d4b" outcome="Passed" testListId="8c84fa94-04c1-424b-9868-57a2d4851a1d" relativeResultsDirectory="e280acd9-395f-45c2-87ef-5adad8de93d5" />
    <UnitTestResult executionId="54d18248-ca41-46ab-a04f-2715edb8dbbd" testId="759e8117-f329-4a71-c815-84bd4122cf1e" testName="TagEkyc.ArchTests.Tip88C1C6BA1ArchitectureTests.Crt1_NoncanonicalTimestampOrNonceLexemeIsRejected(timestamp: &quot;2026-09-10T01:02:03.4567890Z&quot;, nonce: &quot;AAECAwQFBgcICQoLDA0ODxAREhMUFRYXGBkaGxwdHh-&quot;)" computerName="LEARNPC" duration="00:00:00.0000408" startTime="2026-09-12T18:13:29.3941942+07:00" endTime="2026-09-12T18:13:29.3941943+07:00" testType="13cdc9d9-ddb5-4fa4-a97d-d965ccfc6d4b" outcome="Passed" testListId="8c84fa94-04c1-424b-9868-57a2d4851a1d" relativeResultsDirectory="54d18248-ca41-46ab-a04f-2715edb8dbbd" />
    <UnitTestResult executionId="822c9cfd-5a52-4620-a6eb-ca374a0a1549" testId="257103a5-a0a8-2714-bef8-5e645336cb3a" testName="TagEkyc.ArchTests.Tip88C1B2DurableObjectCustodyArchTests.OA3_multipart_batch_delete_version_copy_list_presign_and_transfer_utility_are_forbidden" computerName="LEARNPC" duration="00:00:00.0004986" startTime="2026-09-12T18:13:29.4014721+07:00" endTime="2026-09-12T18:13:29.4014723+07:00" testType="13cdc9d9-ddb5-4fa4-a97d-d965ccfc6d4b" outcome="Passed" testListId="8c84fa94-04c1-424b-9868-57a2d4851a1d" relativeResultsDirectory="822c9cfd-5a52-4620-a6eb-ca374a0a1549" />
    <UnitTestResult executionId="daf2bbc4-9dd7-4978-a5e0-e612ec9eeb1a" testId="7633ec74-1a23-4994-0303-164f2d2bca7d" testName="TagEkyc.ArchTests.Tip83E2AuditDurabilityBoundaryTests.Append_only_repository_surfaces_are_exact_allowlists(interfaceTypeName: &quot;TagEkyc.Application.Ports.IInternalEvidenceManifes&quot;···, implementationTypeName: &quot;TagEkyc.Infrastructure.Persistence.EfEvidenceManif&quot;···, allowedMethods: [&quot;AppendAsync&quot;, &quot;GetByPackageAsync&quot;])" computerName="LEARNPC" duration="00:00:00.0000469" startTime="2026-09-12T18:13:29.2986941+07:00" endTime="2026-09-12T18:13:29.2986941+07:00" testType="13cdc9d9-ddb5-4fa4-a97d-d965ccfc6d4b" outcome="Passed" testListId="8c84fa94-04c1-424b-9868-57a2d4851a1d" relativeResultsDirectory="daf2bbc4-9dd7-4978-a5e0-e612ec9eeb1a" />
    <UnitTestResult executionId="117ffd83-4966-4073-8607-2bb1290ac37c" testId="c3297c91-f6bc-0cde-3043-d58feabaeba1" testName="TagEkyc.ArchTests.Tip88C1B2DurableKeyProdArchTests.DKPROD_38_Readiness_Topology_FailClosed_NoSilentDurable(configured: null)" computerName="LEARNPC" duration="00:00:00.0002853" startTime="2026-09-12T18:13:29.3059879+07:00" endTime="2026-09-12T18:13:29.3059881+07:00" testType="13cdc9d9-ddb5-4fa4-a97d-d965ccfc6d4b" outcome="Passed" testListId="8c84fa94-04c1-424b-9868-57a2d4851a1d" relativeResultsDirectory="117ffd83-4966-4073-8607-2bb1290ac37c" />
    <UnitTestResult executionId="14123a1f-cd81-4e11-814f-d782eb5ba570" testId="9ca21c3f-f3b9-ca9d-61af-6f22fb97101e" testName="TagEkyc.ArchTests.Tip88C1C6BA1ArchitectureTests.A1_28_CaptureRuntimeVerifier_HasNoClientApiKeyPepperDependency" computerName="LEARNPC" duration="00:00:00.0033756" startTime="2026-09-12T18:13:29.4065399+07:00" endTime="2026-09-12T18:13:29.4065405+07:00" testType="13cdc9d9-ddb5-4fa4-a97d-d965ccfc6d4b" outcome="Passed" testListId="8c84fa94-04c1-424b-9868-57a2d4851a1d" relativeResultsDirectory="14123a1f-cd81-4e11-814f-d782eb5ba570" />
    <UnitTestResult executionId="92c16ac9-1698-4b90-bf07-29302c1472a0" testId="a72f5eba-c627-b224-5522-2973a7d35024" testName="TagEkyc.ArchTests.Tip11BoundaryTests.Tip11_does_not_add_forbidden_runtime_dependencies" computerName="LEARNPC" duration="00:00:00.0007110" startTime="2026-09-12T18:13:29.2922574+07:00" endTime="2026-09-12T18:13:29.2922575+07:00" testType="13cdc9d9-ddb5-4fa4-a97d-d965ccfc6d4b" outcome="Passed" testListId="8c84fa94-04c1-424b-9868-57a2d4851a1d" relativeResultsDirectory="92c16ac9-1698-4b90-bf07-29302c1472a0" />
    <UnitTestResult executionId="1c7586d5-4d62-41f1-a6d7-d3d9f45bc462" testId="f7c1417e-d7c9-d1a3-6c20-db23a73737ba" testName="TagEkyc.ArchTests.Tip88C1B2R2DurableCustodyEncryptionArchTests.R2A1_r2_has_no_key_object_role_readiness_or_multipart_implementation" computerName="LEARNPC" duration="00:00:00.0015617" startTime="2026-09-12T18:13:29.2911674+07:00" endTime="2026-09-12T18:13:29.2911676+07:00" testType="13cdc9d9-ddb5-4fa4-a97d-d965ccfc6d4b" outcome="Passed" testListId="8c84fa94-04c1-424b-9868-57a2d4851a1d" relativeResultsDirectory="1c7586d5-4d62-41f1-a6d7-d3d9f45bc462" />
    <UnitTestResult executionId="de97bee3-fecb-4826-a616-61ce5d799d25" testId="76db1a62-61c5-8f17-67e5-e20f9e1afe10" testName="TagEkyc.ArchTests.Tip88C1B2AttemptKeyProviderTests.DEKKEK_kek_is_confined_and_fixture_capabilities_are_distinct" computerName="LEARNPC" duration="00:00:00.0035898" startTime="2026-09-12T18:13:29.2904025+07:00" endTime="2026-09-12T18:13:29.2904034+07:00" testType="13cdc9d9-ddb5-4fa4-a97d-d965ccfc6d4b" outcome="Passed" testListId="8c84fa94-04c1-424b-9868-57a2d4851a1d" relativeResultsDirectory="de97bee3-fecb-4826-a616-61ce5d799d25" />
    <UnitTestResult executionId="5fbb0ffd-8973-4b14-a7c1-9b3281b557c1" testId="4150f52c-7a59-04b1-46b4-c1309d56a6ae" testName="TagEkyc.ArchTests.Tip88C1Key2SubjectRefTokenTests.KEY2_missing_fixture_configuration_is_provider_failure" computerName="LEARNPC" duration="00:00:00.0033753" startTime="2026-09-12T18:13:29.1509592+07:00" endTime="2026-09-12T18:13:29.1509596+07:00" testType="13cdc9d9-ddb5-4fa4-a97d-d965ccfc6d4b" outcome="Passed" testListId="8c84fa94-04c1-424b-9868-57a2d4851a1d" relativeResultsDirectory="5fbb0ffd-8973-4b14-a7c1-9b3281b557c1" />
    <UnitTestResult executionId="12d38752-fe82-4c0c-b818-8a1435caed77" testId="a6d019f7-24c7-9455-d064-17101450c07a" testName="TagEkyc.ArchTests.Tip88C1C6BA1ArchitectureTests.Crt1_NoncanonicalTimestampOrNonceLexemeIsRejected(timestamp: &quot;2026-09-10T01:02:03.4567890+00:00&quot;, nonce: &quot;AAECAwQFBgcICQoLDA0ODxAREhMUFRYXGBkaGxwdHh8&quot;)" computerName="LEARNPC" duration="00:00:00.0000488" startTime="2026-09-12T18:13:29.3940556+07:00" endTime="2026-09-12T18:13:29.3940557+07:00" testType="13cdc9d9-ddb5-4fa4-a97d-d965ccfc6d4b" outcome="Passed" testListId="8c84fa94-04c1-424b-9868-57a2d4851a1d" relativeResultsDirectory="12d38752-fe82-4c0c-b818-8a1435caed77" />
    <UnitTestResult executionId="bdc80dbb-10d7-4c02-afec-89e983d5ee4c" testId="6dd93ece-b2d9-c047-1701-5125caafc93c" testName="TagEkyc.ArchTests.Tip55MetadataReferenceBoundaryTests.Metadata_reference_registry_allows_only_tip60_localdev_runtime_implementation" computerName="LEARNPC" duration="00:00:00.2806418" startTime="2026-09-12T18:13:28.8463825+07:00" endTime="2026-09-12T18:13:28.8463828+07:00" testType="13cdc9d9-ddb5-4fa4-a97d-d965ccfc6d4b" outcome="Passed" testListId="8c84fa94-04c1-424b-9868-57a2d4851a1d" relativeResultsDirectory="bdc80dbb-10d7-4c02-afec-89e983d5ee4c" />
    <UnitTestResult executionId="7931408e-94d4-4e19-8735-9dc3fb110efe" testId="4fcbdfc2-9fa1-b348-7007-fd0de9123730" testName="TagEkyc.ArchTests.Tip88B4RawExportJobBoundaryTests.B4_all_six_methods_own_fresh_read_committed_transactions(methodName: &quot;RenewLeaseAsync&quot;)" computerName="LEARNPC" duration="00:00:00.0001947" startTime="2026-09-12T18:13:29.1730844+07:00" endTime="2026-09-12T18:13:29.1730846+07:00" testType="13cdc9d9-ddb5-4fa4-a97d-d965ccfc6d4b" outcome="Passed" testListId="8c84fa94-04c1-424b-9868-57a2d4851a1d" relativeResultsDirectory="7931408e-94d4-4e19-8735-9dc3fb110efe" />
    <UnitTestResult executionId="89de6711-bf0d-4ac5-b8ae-d57f3353b5e8" testId="81762df0-ea5d-8a09-41f4-7253efdc1ea7" testName="TagEkyc.ArchTests.Tip57MetadataReferenceQuerySemanticsBoundaryTests.Metadata_reference_query_semantics_do_not_introduce_forbidden_result_names" computerName="LEARNPC" duration="00:00:00.0015328" startTime="2026-09-12T18:13:29.1125203+07:00" endTime="2026-09-12T18:13:29.1125205+07:00" testType="13cdc9d9-ddb5-4fa4-a97d-d965ccfc6d4b" outcome="Passed" testListId="8c84fa94-04c1-424b-9868-57a2d4851a1d" relativeResultsDirectory="89de6711-bf0d-4ac5-b8ae-d57f3353b5e8" />
    <UnitTestResult executionId="b9cf273a-d84e-4d15-90dc-10dd819823f8" testId="5f306aa7-f8ea-98e0-e93e-737dc496db06" testName="TagEkyc.ArchTests.Tip88B4RawExportJobBoundaryTests.B4_all_six_methods_own_fresh_read_committed_transactions(methodName: &quot;RecordAttemptFailureAsync&quot;)" computerName="LEARNPC" duration="00:00:00.0004332" startTime="2026-09-12T18:13:29.1718761+07:00" endTime="2026-09-12T18:13:29.1718763+07:00" testType="13cdc9d9-ddb5-4fa4-a97d-d965ccfc6d4b" outcome="Passed" testListId="8c84fa94-04c1-424b-9868-57a2d4851a1d" relativeResultsDirectory="b9cf273a-d84e-4d15-90dc-10dd819823f8" />
    <UnitTestResult executionId="b7b2064c-bed7-4167-b7a6-2532618cc881" testId="7de3c5dc-a0b8-e687-ccbe-af54688c561e" testName="TagEkyc.ArchTests.Tip88C1B1IngressClaimArchitectureTests.C1B1_all_intended_identifiers_are_at_most_63_utf8_bytes" computerName="LEARNPC" duration="00:00:00.0006194" startTime="2026-09-12T18:13:29.1107584+07:00" endTime="2026-09-12T18:13:29.1107592+07:00" testType="13cdc9d9-ddb5-4fa4-a97d-d965ccfc6d4b" outcome="Passed" testListId="8c84fa94-04c1-424b-9868-57a2d4851a1d" relativeResultsDirectory="b7b2064c-bed7-4167-b7a6-2532618cc881" />
    <UnitTestResult executionId="f549cfea-4fd5-4e0a-872d-907c780659e4" testId="0409ac48-65c2-41d0-3e25-fe8c71e85530" testName="TagEkyc.ArchTests.Tip88C1C6BA1ArchitectureTests.Foundation_migration_and_model_are_registered_as_the_latest_EF_boundary" computerName="LEARNPC" duration="00:00:00.0040196" startTime="2026-09-12T18:13:29.4025063+07:00" endTime="2026-09-12T18:13:29.4025065+07:00" testType="13cdc9d9-ddb5-4fa4-a97d-d965ccfc6d4b" outcome="Passed" testListId="8c84fa94-04c1-424b-9868-57a2d4851a1d" relativeResultsDirectory="f549cfea-4fd5-4e0a-872d-907c780659e4" />
    <UnitTestResult executionId="b45e9e34-e4c6-43d2-b417-91faaefb2a88" testId="c408eea6-9ce2-c59e-37c4-046cf1688a06" testName="TagEkyc.ArchTests.Tip88B4RawExportJobBoundaryTests.B4_all_six_methods_own_fresh_read_committed_transactions(methodName: &quot;AcquireOrReclaimLeaseAsync&quot;)" computerName="LEARNPC" duration="00:00:00.0002236" startTime="2026-09-12T18:13:29.1733447+07:00" endTime="2026-09-12T18:13:29.1733449+07:00" testType="13cdc9d9-ddb5-4fa4-a97d-d965ccfc6d4b" outcome="Passed" testListId="8c84fa94-04c1-424b-9868-57a2d4851a1d" relativeResultsDirectory="b45e9e34-e4c6-43d2-b417-91faaefb2a88" />
    <UnitTestResult executionId="1ad0ea8c-dac2-4c48-adb3-2871512b2bec" testId="c2b9c844-993a-befd-2b4b-b05d7b4c1d01" testName="TagEkyc.ArchTests.Tip88C1C2RecipientPackageArchTests.C219_public_contract_and_configuration_redact_token_key_and_credentials" computerName="LEARNPC" duration="00:00:00.0039205" startTime="2026-09-12T18:13:29.2873091+07:00" endTime="2026-09-12T18:13:29.2873091+07:00" testType="13cdc9d9-ddb5-4fa4-a97d-d965ccfc6d4b" outcome="Passed" testListId="8c84fa94-04c1-424b-9868-57a2d4851a1d" relativeResultsDirectory="1ad0ea8c-dac2-4c48-adb3-2871512b2bec" />
    <UnitTestResult executionId="a2ec21cb-0525-4375-8450-ec633eb8470d" testId="66ab6f01-66c5-6430-ca58-08541b367951" testName="TagEkyc.ArchTests.Tip88B4RawExportJobBoundaryTests.B4_all_six_methods_final_admission_is_adjacent_to_each_open_or_begin(methodName: &quot;RenewLeaseAsync&quot;)" computerName="LEARNPC" duration="00:00:00.0004590" startTime="2026-09-12T18:13:29.1694789+07:00" endTime="2026-09-12T18:13:29.1694791+07:00" testType="13cdc9d9-ddb5-4fa4-a97d-d965ccfc6d4b" outcome="Passed" testListId="8c84fa94-04c1-424b-9868-57a2d4851a1d" relativeResultsDirectory="a2ec21cb-0525-4375-8450-ec633eb8470d" />
    <UnitTestResult executionId="1d4d8518-ff28-4ded-ac0e-5e56e4ff54d7" testId="c2b4fbbd-c872-2494-54e1-9f2642320947" testName="TagEkyc.ArchTests.Tip88C1B2DurableObjectCustodyArchTests.OA6_s3_sdk_version_and_every_single_put_request_property_are_pinned" computerName="LEARNPC" duration="00:00:00.1212471" startTime="2026-09-12T18:13:29.3952138+07:00" endTime="2026-09-12T18:13:29.3952140+07:00" testType="13cdc9d9-ddb5-4fa4-a97d-d965ccfc6d4b" outcome="Passed" testListId="8c84fa94-04c1-424b-9868-57a2d4851a1d" relativeResultsDirectory="1d4d8518-ff28-4ded-ac0e-5e56e4ff54d7" />
    <UnitTestResult executionId="a97b9cb8-6833-4837-9e7f-7aa5cec5fea6" testId="dcf81384-afb3-09f6-b0c5-cb7ade4b34d5" testName="TagEkyc.ArchTests.Tip04BoundaryTests.Tip04_local_development_components_are_named_as_localdev" computerName="LEARNPC" duration="00:00:00.0006595" startTime="2026-09-12T18:13:29.2986262+07:00" endTime="2026-09-12T18:13:29.2986263+07:00" testType="13cdc9d9-ddb5-4fa4-a97d-d965ccfc6d4b" outcome="Passed" testListId="8c84fa94-04c1-424b-9868-57a2d4851a1d" relativeResultsDirectory="a97b9cb8-6833-4837-9e7f-7aa5cec5fea6" />
    <UnitTestResult executionId="b648cd8b-4061-4743-8f5f-ce35886173da" testId="ae7df8cc-7153-ba30-2d73-4dab13b157df" testName="TagEkyc.ArchTests.Tip88C1C6BA1ArchitectureTests.Crt1_GoldenVectorsMatchClientAndServer" computerName="LEARNPC" duration="00:00:00.0940528" startTime="2026-09-12T18:13:29.3932295+07:00" endTime="2026-09-12T18:13:29.3932302+07:00" testType="13cdc9d9-ddb5-4fa4-a97d-d965ccfc6d4b" outcome="Passed" testListId="8c84fa94-04c1-424b-9868-57a2d4851a1d" relativeResultsDirectory="b648cd8b-4061-4743-8f5f-ce35886173da" />
    <UnitTestResult executionId="9cb58410-68ee-4781-84eb-a531875ea7bd" testId="45a857f7-a88b-8e43-3a08-c31dcaffb2fb" testName="TagEkyc.ArchTests.Tip88B4RawExportJobBoundaryTests.B4_global_persistence_options_remain_unchanged" computerName="LEARNPC" duration="00:00:00.0006215" startTime="2026-09-12T18:13:29.2410502+07:00" endTime="2026-09-12T18:13:29.2410504+07:00" testType="13cdc9d9-ddb5-4fa4-a97d-d965ccfc6d4b" outcome="Passed" testListId="8c84fa94-04c1-424b-9868-57a2d4851a1d" relativeResultsDirectory="9cb58410-68ee-4781-84eb-a531875ea7bd" />
    <UnitTestResult executionId="a70b3125-46ee-4e27-b993-c601092a5ee8" testId="38704ee0-4f77-3275-f678-81b8571f3ce8" testName="TagEkyc.ArchTests.ProjectDependencyTests.Project_references_stay_within_tip01_boundary(assembly: TagEkyc.SignFlow, Version=1.0.0.0, Culture=neutral, PublicKeyToken=null, allowedAssemblyNames: [&quot;TagEkyc.Contracts&quot;])" computerName="LEARNPC" duration="00:00:00.0000388" startTime="2026-09-12T18:13:29.2814295+07:00" endTime="2026-09-12T18:13:29.2814295+07:00" testType="13cdc9d9-ddb5-4fa4-a97d-d965ccfc6d4b" outcome="Passed" testListId="8c84fa94-04c1-424b-9868-57a2d4851a1d" relativeResultsDirectory="a70b3125-46ee-4e27-b993-c601092a5ee8" />
    <UnitTestResult executionId="0e31e92d-94ea-48f9-8956-a37faaa1bd38" testId="4721722f-6517-c5a0-4ecf-92e289581183" testName="TagEkyc.ArchTests.Tip88B34AuthorizationBoundaryTests.L10_authorization_records_are_public_but_not_http_or_dto_bound" computerName="LEARNPC" duration="00:00:00.2292786" startTime="2026-09-12T18:13:29.3084807+07:00" endTime="2026-09-12T18:13:29.3084810+07:00" testType="13cdc9d9-ddb5-4fa4-a97d-d965ccfc6d4b" outcome="Passed" testListId="8c84fa94-04c1-424b-9868-57a2d4851a1d" relativeResultsDirectory="0e31e92d-94ea-48f9-8956-a37faaa1bd38" />
    <UnitTestResult executionId="f5f4ff31-9e59-4349-a302-83db472af54b" testId="3714961f-f777-ed4d-e847-092d6512d577" testName="TagEkyc.ArchTests.Tip88C1B2R3VerifiedCiphertextStagingArchTests.R315_Staged_has_no_locator_resolver_Available_R4_R5_or_delivery_surface" computerName="LEARNPC" duration="00:00:00.0019619" startTime="2026-09-12T18:13:29.2707797+07:00" endTime="2026-09-12T18:13:29.2707798+07:00" testType="13cdc9d9-ddb5-4fa4-a97d-d965ccfc6d4b" outcome="Passed" testListId="8c84fa94-04c1-424b-9868-57a2d4851a1d" relativeResultsDirectory="f5f4ff31-9e59-4349-a302-83db472af54b" />
    <UnitTestResult executionId="f834997a-9b27-4200-8138-0b1200c03b81" testId="f21b2be1-a630-0869-c71c-6c252df579c9" testName="TagEkyc.ArchTests.Tip88C1B2CustodyProfileTests.C1B2_profiles_contract_is_opaque_and_has_no_key_operation_surface" computerName="LEARNPC" duration="00:00:00.0037028" startTime="2026-09-12T18:13:28.8512112+07:00" endTime="2026-09-12T18:13:28.8512115+07:00" testType="13cdc9d9-ddb5-4fa4-a97d-d965ccfc6d4b" outcome="Passed" testListId="8c84fa94-04c1-424b-9868-57a2d4851a1d" relativeResultsDirectory="f834997a-9b27-4200-8138-0b1200c03b81" />
    <UnitTestResult executionId="cf0bdcc0-0deb-444f-91e3-6fb731067236" testId="6f3f58ad-f73d-99c5-e7ee-9f3fbb9dffbf" testName="TagEkyc.ArchTests.Tip88C1C6BA1ArchitectureTests.Crt1_PreimageHasOneApiBuilderAndAuthenticatorConsumesExactBytes" computerName="LEARNPC" duration="00:00:00.0956786" startTime="2026-09-12T18:13:29.5023821+07:00" endTime="2026-09-12T18:13:29.5023825+07:00" testType="13cdc9d9-ddb5-4fa4-a97d-d965ccfc6d4b" outcome="Passed" testListId="8c84fa94-04c1-424b-9868-57a2d4851a1d" relativeResultsDirectory="cf0bdcc0-0deb-444f-91e3-6fb731067236" />
    <UnitTestResult executionId="8995552e-effa-4eb5-8dba-657c45a1b28f" testId="f56b38c4-a0f8-7f05-0c92-6f1d5841fff0" testName="TagEkyc.ArchTests.Tip88C1B2AttemptKeyProviderTests.DEKKEK_lease_dispose_zeroizes_and_revokes_access" computerName="LEARNPC" duration="00:00:00.0064587" startTime="2026-09-12T18:13:29.2969192+07:00" endTime="2026-09-12T18:13:29.2969193+07:00" testType="13cdc9d9-ddb5-4fa4-a97d-d965ccfc6d4b" outcome="Passed" testListId="8c84fa94-04c1-424b-9868-57a2d4851a1d" relativeResultsDirectory="8995552e-effa-4eb5-8dba-657c45a1b28f" />
    <UnitTestResult executionId="719da4df-589a-4e66-a30a-8ee668c3500a" testId="e666c8e8-6238-573c-a0a6-69d5b94cbdbb" testName="TagEkyc.ArchTests.Tip55MetadataReferenceBoundaryTests.Metadata_reference_contracts_do_not_define_raw_artifact_access_properties" computerName="LEARNPC" duration="00:00:00.0009899" startTime="2026-09-12T18:13:29.0793711+07:00" endTime="2026-09-12T18:13:29.0793713+07:00" testType="13cdc9d9-ddb5-4fa4-a97d-d965ccfc6d4b" outcome="Passed" testListId="8c84fa94-04c1-424b-9868-57a2d4851a1d" relativeResultsDirectory="719da4df-589a-4e66-a30a-8ee668c3500a" />
    <UnitTestResult executionId="a05052e9-ae9e-4841-9f8d-85769badd57e" testId="553908a0-8ec2-3ad2-257f-51a26d553603" testName="TagEkyc.ArchTests.Tip88C1C6BA1ArchitectureTests.Crt1_NoncanonicalTimestampOrNonceLexemeIsRejected(timestamp: &quot;2026-09-10T01:02:03.4567890Z&quot;, nonce: &quot;AAECAwQFBgcICQoLDA0ODxAREhMUFRYXGBkaGxwdHh_&quot;)" computerName="LEARNPC" duration="00:00:00.0002891" startTime="2026-09-12T18:13:29.3939672+07:00" endTime="2026-09-12T18:13:29.3939674+07:00" testType="13cdc9d9-ddb5-4fa4-a97d-d965ccfc6d4b" outcome="Passed" testListId="8c84fa94-04c1-424b-9868-57a2d4851a1d" relativeResultsDirectory="a05052e9-ae9e-4841-9f8d-85769badd57e" />
    <UnitTestResult executionId="8052788b-b5af-4f04-8027-1ffd0caa6268" testId="a237961b-42c6-0edf-26cb-74442cce3fcf" testName="TagEkyc.ArchTests.Tip88C1C6BA1ArchitectureTests.Crt1_NoncanonicalTimestampOrNonceLexemeIsRejected(timestamp: &quot;2026-09-10T01:02:03Z&quot;, nonce: &quot;AAECAwQFBgcICQoLDA0ODxAREhMUFRYXGBkaGxwdHh8&quot;)" computerName="LEARNPC" duration="00:00:00.0000384" startTime="2026-09-12T18:13:29.3941252+07:00" endTime="2026-09-12T18:13:29.3941253+07:00" testType="13cdc9d9-ddb5-4fa4-a97d-d965ccfc6d4b" outcome="Passed" testListId="8c84fa94-04c1-424b-9868-57a2d4851a1d" relativeResultsDirectory="8052788b-b5af-4f04-8027-1ffd0caa6268" />
    <UnitTestResult executionId="9f685053-e248-464f-b0bb-5bac18a884aa" testId="3d1573fd-9042-19f9-1833-0de4c6c590f5" testName="TagEkyc.ArchTests.Tip88B4RawExportJobBoundaryTests.B4_uses_same_scoped_dbcontext_connection_and_transaction_for_B1_B2" computerName="LEARNPC" duration="00:00:00.0005143" startTime="2026-09-12T18:13:29.2403370+07:00" endTime="2026-09-12T18:13:29.2403372+07:00" testType="13cdc9d9-ddb5-4fa4-a97d-d965ccfc6d4b" outcome="Passed" testListId="8c84fa94-04c1-424b-9868-57a2d4851a1d" relativeResultsDirectory="9f685053-e248-464f-b0bb-5bac18a884aa" />
    <UnitTestResult executionId="b4840d35-9409-413f-8428-c9eb6099be60" testId="7cb1ed27-53c5-9af9-b003-0b1c4751cf43" testName="TagEkyc.ArchTests.Tip88C1C1ResolverAssemblyArchTests.C1_orchestrator_uses_resolver_authenticator_and_c2_capability_without_writer_or_lifecycle" computerName="LEARNPC" duration="00:00:00.0167935" startTime="2026-09-12T18:13:29.2872186+07:00" endTime="2026-09-12T18:13:29.2872187+07:00" testType="13cdc9d9-ddb5-4fa4-a97d-d965ccfc6d4b" outcome="Passed" testListId="8c84fa94-04c1-424b-9868-57a2d4851a1d" relativeResultsDirectory="b4840d35-9409-413f-8428-c9eb6099be60" />
    <UnitTestResult executionId="0aa013ad-f857-42b2-9ffc-b4e97806e918" testId="f804886e-16cd-4fd4-73ce-8404e2d482db" testName="TagEkyc.ArchTests.Tip88C1B2DurableObjectCustodyArchTests.OA4_object_provider_contract_has_no_arbitrary_bucket_or_key_input" computerName="LEARNPC" duration="00:00:00.0004104" startTime="2026-09-12T18:13:29.4009007+07:00" endTime="2026-09-12T18:13:29.4009009+07:00" testType="13cdc9d9-ddb5-4fa4-a97d-d965ccfc6d4b" outcome="Passed" testListId="8c84fa94-04c1-424b-9868-57a2d4851a1d" relativeResultsDirectory="0aa013ad-f857-42b2-9ffc-b4e97806e918" />
    <UnitTestResult executionId="b7b9595c-ff24-438f-9cb6-5f7b8018f305" testId="38704ee0-4f77-3275-f678-81b8571f3ce8" testName="TagEkyc.ArchTests.ProjectDependencyTests.Project_references_stay_within_tip01_boundary(assembly: TagEkyc.Infrastructure, Version=1.0.0.0, Culture=neutral, PublicKeyToken=null, allowedAssemblyNames: [&quot;TagEkyc.Application&quot;, &quot;TagEkyc.Contracts&quot;, &quot;TagEkyc.Domain&quot;])" computerName="LEARNPC" duration="00:00:00.0001455" startTime="2026-09-12T18:13:29.2813827+07:00" endTime="2026-09-12T18:13:29.2813828+07:00" testType="13cdc9d9-ddb5-4fa4-a97d-d965ccfc6d4b" outcome="Passed" testListId="8c84fa94-04c1-424b-9868-57a2d4851a1d" relativeResultsDirectory="b7b9595c-ff24-438f-9cb6-5f7b8018f305" />
    <UnitTestResult executionId="582228b5-cc66-47f0-9d8f-adc0ad4ef4b7" testId="ee541165-7450-5cd1-e735-f57f4597a3ba" testName="TagEkyc.ArchTests.Tip57MetadataReferenceQuerySemanticsBoundaryTests.Metadata_reference_registry_allows_only_tip60_localdev_runtime_implementation" computerName="LEARNPC" duration="00:00:00.1423142" startTime="2026-09-12T18:13:29.2585461+07:00" endTime="2026-09-12T18:13:29.2585468+07:00" testType="13cdc9d9-ddb5-4fa4-a97d-d965ccfc6d4b" outcome="Passed" testListId="8c84fa94-04c1-424b-9868-57a2d4851a1d" relativeResultsDirectory="582228b5-cc66-47f0-9d8f-adc0ad4ef4b7" />
    <UnitTestResult executionId="b5119874-6c3c-4f9f-8727-021646945a46" testId="36407cff-78ee-af82-1b25-c92000f3aef6" testName="TagEkyc.ArchTests.Tip88C1C2RecipientPackageArchTests.C208_real_recipient_unwraps_while_production_has_no_private_key_or_unwrap_capability" computerName="LEARNPC" duration="00:00:00.3329217" startTime="2026-09-12T18:13:29.6204385+07:00" endTime="2026-09-12T18:13:29.6204391+07:00" testType="13cdc9d9-ddb5-4fa4-a97d-d965ccfc6d4b" outcome="Passed" testListId="8c84fa94-04c1-424b-9868-57a2d4851a1d" relativeResultsDirectory="b5119874-6c3c-4f9f-8727-021646945a46" />
    <UnitTestResult executionId="499582a7-8814-4d73-a836-36d315654464" testId="76708af8-37a2-33dd-a9d9-afdd7f14a8e7" testName="TagEkyc.ArchTests.Tip88C1B2AttemptKeyProviderTests.DEKKEK_readiness_fails_closed_with_pinned_codes(profile: null, production: False, expected: &quot;PROD_RAW_EXPORT_ATTEMPT_KEY_PROFILE_MISSING&quot;)" computerName="LEARNPC" duration="00:00:00.0003572" startTime="2026-09-12T18:13:29.2839430+07:00" endTime="2026-09-12T18:13:29.2839431+07:00" testType="13cdc9d9-ddb5-4fa4-a97d-d965ccfc6d4b" outcome="Passed" testListId="8c84fa94-04c1-424b-9868-57a2d4851a1d" relativeResultsDirectory="499582a7-8814-4d73-a836-36d315654464" />
    <UnitTestResult executionId="fc522da8-e38f-4d21-9ac8-757044e32677" testId="dc66f261-82fb-20f6-e4c6-4795ebffaa80" testName="TagEkyc.ArchTests.Tip83E2AuditDurabilityBoundaryTests.Append_only_repository_surfaces_are_exact_allowlists(interfaceTypeName: &quot;TagEkyc.Application.Ports.IRawExportPolicyReposito&quot;···, implementationTypeName: &quot;TagEkyc.Infrastructure.Persistence.EfRawExportPoli&quot;···, allowedMethods: [&quot;AbandonDraftAsync&quot;, &quot;AddVersionAsync&quot;, &quot;CatalogApproveAsync&quot;, &quot;GetLatestCatalogApprovedVersionAsync&quot;, &quot;GetLatestVersionAsync&quot;, ···])" computerName="LEARNPC" duration="00:00:00.0003485" startTime="2026-09-12T18:13:29.2986640+07:00" endTime="2026-09-12T18:13:29.2986640+07:00" testType="13cdc9d9-ddb5-4fa4-a97d-d965ccfc6d4b" outcome="Passed" testListId="8c84fa94-04c1-424b-9868-57a2d4851a1d" relativeResultsDirectory="fc522da8-e38f-4d21-9ac8-757044e32677" />
    <UnitTestResult executionId="54c1c11a-375d-46df-892a-0c857e5243aa" testId="e7c6b140-c720-4eb0-2ebc-e3ca37eac5d3" testName="TagEkyc.ArchTests.Tip88B4RawExportJobBoundaryTests.M13_b4_contains_no_raw_byte_package_or_delivery_surface" computerName="LEARNPC" duration="00:00:00.0904387" startTime="2026-09-12T18:13:29.3321077+07:00" endTime="2026-09-12T18:13:29.3321082+07:00" testType="13cdc9d9-ddb5-4fa4-a97d-d965ccfc6d4b" outcome="Passed" testListId="8c84fa94-04c1-424b-9868-57a2d4851a1d" relativeResultsDirectory="54c1c11a-375d-46df-892a-0c857e5243aa" />
    <UnitTestResult executionId="06e2645a-0aa3-4b1d-9462-6d8494e0009f" testId="2f562687-65e1-118b-8d41-a3be6c064062" testName="TagEkyc.ArchTests.Tip06BoundaryTests.Tip06_completion_uses_visible_localdev_finalization_boundary" computerName="LEARNPC" duration="00:00:00.0004082" startTime="2026-09-12T18:13:28.6911181+07:00" endTime="2026-09-12T18:13:28.6911182+07:00" testType="13cdc9d9-ddb5-4fa4-a97d-d965ccfc6d4b" outcome="Passed" testListId="8c84fa94-04c1-424b-9868-57a2d4851a1d" relativeResultsDirectory="06e2645a-0aa3-4b1d-9462-6d8494e0009f" />
    <UnitTestResult executionId="d49cdf8f-26b8-4147-ac0f-2c38cd7095ec" testId="f201bf65-a508-ee87-b171-cd35d7d42803" testName="TagEkyc.ArchTests.Tip88B4RawExportJobBoundaryTests.B4_all_six_methods_final_admission_is_adjacent_to_each_open_or_begin(methodName: &quot;BindAsync&quot;)" computerName="LEARNPC" duration="00:00:00.0002236" startTime="2026-09-12T18:13:29.1697504+07:00" endTime="2026-09-12T18:13:29.1697506+07:00" testType="13cdc9d9-ddb5-4fa4-a97d-d965ccfc6d4b" outcome="Passed" testListId="8c84fa94-04c1-424b-9868-57a2d4851a1d" relativeResultsDirectory="d49cdf8f-26b8-4147-ac0f-2c38cd7095ec" />
    <UnitTestResult executionId="7248081b-9102-4281-a20c-ee9488c06032" testId="38324a58-c9e4-fbf6-bc71-0a5c0617514e" testName="TagEkyc.ArchTests.Tip88B4RawExportJobBoundaryTests.B4_all_six_methods_own_fresh_read_committed_transactions(methodName: &quot;BindAsync&quot;)" computerName="LEARNPC" duration="00:00:00.0002148" startTime="2026-09-12T18:13:29.1726027+07:00" endTime="2026-09-12T18:13:29.1726028+07:00" testType="13cdc9d9-ddb5-4fa4-a97d-d965ccfc6d4b" outcome="Passed" testListId="8c84fa94-04c1-424b-9868-57a2d4851a1d" relativeResultsDirectory="7248081b-9102-4281-a20c-ee9488c06032" />
    <UnitTestResult executionId="7b1efa39-efa3-4c40-89fb-072de1a202ca" testId="d780ab63-eae1-8d83-d0fd-fbaf0472b84b" testName="TagEkyc.ArchTests.Tip88C1C2RecipientPackageArchTests.C225_slice_claims_reference_fixture_evidence_only" computerName="LEARNPC" duration="00:00:00.0004867" startTime="2026-09-12T18:13:29.6262008+07:00" endTime="2026-09-12T18:13:29.6262010+07:00" testType="13cdc9d9-ddb5-4fa4-a97d-d965ccfc6d4b" outcome="Passed" testListId="8c84fa94-04c1-424b-9868-57a2d4851a1d" relativeResultsDirectory="7b1efa39-efa3-4c40-89fb-072de1a202ca" />
    <UnitTestResult executionId="70f2a8ca-d191-4c74-8087-587f031bf209" testId="0b276519-8f0b-ed9e-5607-19e55f30b7a6" testName="TagEkyc.ArchTests.Tip88C1Key1ContentCommitmentTests.KEY1_unknown_selector_is_typed_provider_failure_not_throw" computerName="LEARNPC" duration="00:00:00.0011042" startTime="2026-09-12T18:13:29.1536323+07:00" endTime="2026-09-12T18:13:29.1536324+07:00" testType="13cdc9d9-ddb5-4fa4-a97d-d965ccfc6d4b" outcome="Passed" testListId="8c84fa94-04c1-424b-9868-57a2d4851a1d" relativeResultsDirectory="70f2a8ca-d191-4c74-8087-587f031bf209" />
    <UnitTestResult executionId="d69a516d-750b-4b80-8881-65d93c745d55" testId="bcbdec92-9b32-e355-a350-ee032488e89c" testName="TagEkyc.ArchTests.Tip88C1B2R2DurableCustodyEncryptionArchTests.R2A4_no_production_raw_source_registration_or_runtime_activation_is_added" computerName="LEARNPC" duration="00:00:00.0041837" startTime="2026-09-12T18:13:29.2728858+07:00" endTime="2026-09-12T18:13:29.2728859+07:00" testType="13cdc9d9-ddb5-4fa4-a97d-d965ccfc6d4b" outcome="Passed" testListId="8c84fa94-04c1-424b-9868-57a2d4851a1d" relativeResultsDirectory="d69a516d-750b-4b80-8881-65d93c745d55" />
[...]
    <TestEntry testId="3b2e50b4-939f-1dc0-2aad-9759b5d72bd6" executionId="a8f31a08-c9b2-457b-aa35-e53366aed130" testListId="8c84fa94-04c1-424b-9868-57a2d4851a1d" />
    <TestEntry testId="86041562-e986-8791-c6e2-83a48cc75445" executionId="dfd42397-32c1-4c94-8610-9e420ad7d28b" testListId="8c84fa94-04c1-424b-9868-57a2d4851a1d" />
    <TestEntry testId="b811440e-cedd-e6fd-a296-2bbf5a79ee74" executionId="7a8598cd-0994-412f-b0bd-92351fa276e1" testListId="8c84fa94-04c1-424b-9868-57a2d4851a1d" />
    <TestEntry testId="73791b5d-582c-e886-315b-9662a6ccb4ba" executionId="d33623eb-0400-4b3f-9c4e-816b6c48a42f" testListId="8c84fa94-04c1-424b-9868-57a2d4851a1d" />
    <TestEntry testId="293813d0-0131-5187-0403-3b21daca8aa4" executionId="d6ae59b2-512d-45fc-8f3e-6e241b90fe17" testListId="8c84fa94-04c1-424b-9868-57a2d4851a1d" />
    <TestEntry testId="94583add-5c2f-18e4-3d50-72d3ba6875ab" executionId="2f504be6-1464-4aff-879c-3bdc485122e6" testListId="8c84fa94-04c1-424b-9868-57a2d4851a1d" />
    <TestEntry testId="3fe738d8-41af-3809-34b7-036a221de7b8" executionId="7ccb35ad-2334-4c30-9fc0-cd89c806eadb" testListId="8c84fa94-04c1-424b-9868-57a2d4851a1d" />
    <TestEntry testId="593fdfcb-36cd-b214-7d5a-dd8b90d15739" executionId="2a221f75-7ac9-4de6-b06e-c61dbf235f59" testListId="8c84fa94-04c1-424b-9868-57a2d4851a1d" />
    <TestEntry testId="75a1805d-7a28-7da6-7117-d8b4d578eca5" executionId="cc079954-d9df-4c99-a199-0c120d874fa9" testListId="8c84fa94-04c1-424b-9868-57a2d4851a1d" />
    <TestEntry testId="62fc0389-5eb9-a345-6a66-25139b6ee642" executionId="01e5e846-70e6-43ca-add9-5230b4864aa0" testListId="8c84fa94-04c1-424b-9868-57a2d4851a1d" />
    <TestEntry testId="150248a2-31cb-30ed-3ae7-1407639fd86f" executionId="f5ca8e74-e71f-480c-a07c-e36a68e1c290" testListId="8c84fa94-04c1-424b-9868-57a2d4851a1d" />
    <TestEntry testId="73d67c3e-fddf-2a2e-a04f-8cdf323b8019" executionId="9af312a0-f731-458a-824c-c89bfd1ee2a5" testListId="8c84fa94-04c1-424b-9868-57a2d4851a1d" />
    <TestEntry testId="16486766-af58-2d0b-a7de-9cc3a30b9ba6" executionId="d3aae0ef-234e-4c89-b8d5-9f024e730567" testListId="8c84fa94-04c1-424b-9868-57a2d4851a1d" />
    <TestEntry testId="152fed9f-a609-cf70-5813-c2a7275da0f8" executionId="e496b930-efb5-40f0-89e7-0e1d9177c4d8" testListId="8c84fa94-04c1-424b-9868-57a2d4851a1d" />
    <TestEntry testId="6ba0acd3-247f-e9a7-bc41-81bba8c5506e" executionId="fe88b446-6dbe-4dfb-b0c3-4ed31d19b381" testListId="8c84fa94-04c1-424b-9868-57a2d4851a1d" />
    <TestEntry testId="8e7d2aac-5a24-56e7-e7dc-9eb783e8df2d" executionId="d8cda03d-480a-4149-892e-8e0d261bb92f" testListId="8c84fa94-04c1-424b-9868-57a2d4851a1d" />
    <TestEntry testId="a8d13a35-0c37-8e4b-88e2-f816c2d346c5" executionId="edb53703-cd6a-4e70-8aa7-6741d3e4a22f" testListId="8c84fa94-04c1-424b-9868-57a2d4851a1d" />
    <TestEntry testId="4b619bd4-19d6-6319-e473-15a92d338c0e" executionId="7b203d95-c764-4c55-829b-4b45688faaac" testListId="8c84fa94-04c1-424b-9868-57a2d4851a1d" />
    <TestEntry testId="389acc7a-e480-3d94-f846-bbb7b8dd5049" executionId="159f934d-c5f7-4143-877f-bcd74b86bfa5" testListId="8c84fa94-04c1-424b-9868-57a2d4851a1d" />
    <TestEntry testId="914a89c0-516e-a63f-23f6-ae88dd4cf800" executionId="0b6a52c4-0726-4b80-95f3-697e027e66cd" testListId="8c84fa94-04c1-424b-9868-57a2d4851a1d" />
    <TestEntry testId="101aadfd-8cbf-533b-3f8f-eb3cb75d1f6d" executionId="50b2a05a-b4ce-44ad-ad99-2018b201d469" testListId="8c84fa94-04c1-424b-9868-57a2d4851a1d" />
    <TestEntry testId="38704ee0-4f77-3275-f678-81b8571f3ce8" executionId="025f8d47-4c0a-4d00-9146-8fd9d3d2fd83" testListId="8c84fa94-04c1-424b-9868-57a2d4851a1d" />
    <TestEntry testId="a3c0648c-84e2-b05f-1aee-24865d87d72c" executionId="19bc1eec-bd2b-4e47-a76e-cb6f38e37342" testListId="8c84fa94-04c1-424b-9868-57a2d4851a1d" />
    <TestEntry testId="a746b745-9e1e-078c-69a7-595cef0f9ab9" executionId="691ff0bd-8ac4-430a-9592-490e78765736" testListId="8c84fa94-04c1-424b-9868-57a2d4851a1d" />
    <TestEntry testId="711e8c0a-5b25-d3df-61b9-7a7dab3b5f8e" executionId="dfc39ecb-348f-4ace-b7a6-c4be6e1bc228" testListId="8c84fa94-04c1-424b-9868-57a2d4851a1d" />
    <TestEntry testId="3b64587f-8917-3c41-71ad-a967af74f078" executionId="65ab468f-12d8-4972-89a1-d170f91b271c" testListId="8c84fa94-04c1-424b-9868-57a2d4851a1d" />
    <TestEntry testId="89c6db39-5cd1-6210-8528-fa37e21ae1df" executionId="2acaecfc-b679-47b0-8954-6e15aeaa96a1" testListId="8c84fa94-04c1-424b-9868-57a2d4851a1d" />
    <TestEntry testId="a1da7e67-4616-554d-a224-3ba2bfcb4974" executionId="6bd06a2f-a24d-44e8-a072-7322ab466cf1" testListId="8c84fa94-04c1-424b-9868-57a2d4851a1d" />
    <TestEntry testId="454964b8-7ae9-199b-56c7-f67aee093e74" executionId="1eba4bf0-636d-466a-87bc-263cd968e821" testListId="8c84fa94-04c1-424b-9868-57a2d4851a1d" />
    <TestEntry testId="c33ae22e-5e66-e8a9-dd75-12484da3c016" executionId="18845964-3017-4d5a-a7b3-256bc0191dd0" testListId="8c84fa94-04c1-424b-9868-57a2d4851a1d" />
    <TestEntry testId="c27e1ca6-88c8-5175-6fbf-b461b964d33c" executionId="2b9d0639-701b-4c1f-a884-b6ff74995b8c" testListId="8c84fa94-04c1-424b-9868-57a2d4851a1d" />
    <TestEntry testId="2819f094-d1ac-8d79-e1a8-e5165270dcff" executionId="585917ba-64b9-4dcf-b63e-53d019b24a80" testListId="8c84fa94-04c1-424b-9868-57a2d4851a1d" />
    <TestEntry testId="74ae4f20-9128-ac6f-c9c6-cd948010eaca" executionId="32f2b611-d8fc-4461-be3f-78354da39946" testListId="8c84fa94-04c1-424b-9868-57a2d4851a1d" />
    <TestEntry testId="c84966ac-83e9-04ed-eae3-1b651ef83c2d" executionId="fa3435b0-90c8-40ca-b243-b96ea9b2217f" testListId="8c84fa94-04c1-424b-9868-57a2d4851a1d" />
    <TestEntry testId="0ebb914d-77ea-49ea-79b3-56b10a9bf036" executionId="1051ab5b-a1da-4a06-9019-d606df1c3380" testListId="8c84fa94-04c1-424b-9868-57a2d4851a1d" />
    <TestEntry testId="a171f81a-8b70-b9d0-3666-147509ac1622" executionId="ef329d9e-4f7b-47b6-8700-24e8f13bc503" testListId="8c84fa94-04c1-424b-9868-57a2d4851a1d" />
    <TestEntry testId="d6709eb7-357b-84d2-3785-b4ea939cae50" executionId="8d061970-d7e3-416a-b4e8-ffd18adfe2b5" testListId="8c84fa94-04c1-424b-9868-57a2d4851a1d" />
    <TestEntry testId="e1bb586f-428b-3836-43bc-9f507233b462" executionId="10182cfe-3bf5-4b05-9b58-2e9842e4cdf7" testListId="8c84fa94-04c1-424b-9868-57a2d4851a1d" />
    <TestEntry testId="1dd8e9b8-8782-bb01-8daf-d6b932f0d29d" executionId="e715dc12-874c-41bd-bfeb-4e6a5144f74a" testListId="8c84fa94-04c1-424b-9868-57a2d4851a1d" />
    <TestEntry testId="d9da2299-fcd6-89b8-a0a3-00b9fae41e04" executionId="be0927bf-9101-4a99-a4a6-7b963b99e083" testListId="8c84fa94-04c1-424b-9868-57a2d4851a1d" />
    <TestEntry testId="db321661-2a6d-d5cb-a896-d7f878e90fc5" executionId="205537fc-150d-4019-bf72-d9dbd4a027ea" testListId="8c84fa94-04c1-424b-9868-57a2d4851a1d" />
    <TestEntry testId="eb84bd4d-7cc3-25f6-e652-52caeaf4cec7" executionId="1458417d-4eba-4bdb-858a-85c52f8a8983" testListId="8c84fa94-04c1-424b-9868-57a2d4851a1d" />
    <TestEntry testId="f8ba4c19-6922-7163-fb4f-4f2f08672592" executionId="13052438-47b4-4831-bd18-715cd4827f14" testListId="8c84fa94-04c1-424b-9868-57a2d4851a1d" />
    <TestEntry testId="2b3d8127-f314-cdb5-3de9-dcbf4f0ad003" executionId="c348fe37-59da-4645-b0a8-d6859ded709a" testListId="8c84fa94-04c1-424b-9868-57a2d4851a1d" />
    <TestEntry testId="6ed07697-6ade-c564-fc34-a6e8ab4a8d22" executionId="e90c7d39-bf81-4db8-96e3-fd92459a79a5" testListId="8c84fa94-04c1-424b-9868-57a2d4851a1d" />
    <TestEntry testId="75d08fad-49e8-c593-36eb-9ae30ad366c0" executionId="e9690fdd-2d8a-4c04-b985-0fcd876a7304" testListId="8c84fa94-04c1-424b-9868-57a2d4851a1d" />
    <TestEntry testId="45d65e16-c875-b8a9-c4ea-243173ba7551" executionId="e280acd9-395f-45c2-87ef-5adad8de93d5" testListId="8c84fa94-04c1-424b-9868-57a2d4851a1d" />
    <TestEntry testId="759e8117-f329-4a71-c815-84bd4122cf1e" executionId="54d18248-ca41-46ab-a04f-2715edb8dbbd" testListId="8c84fa94-04c1-424b-9868-57a2d4851a1d" />
    <TestEntry testId="257103a5-a0a8-2714-bef8-5e645336cb3a" executionId="822c9cfd-5a52-4620-a6eb-ca374a0a1549" testListId="8c84fa94-04c1-424b-9868-57a2d4851a1d" />
    <TestEntry testId="7633ec74-1a23-4994-0303-164f2d2bca7d" executionId="daf2bbc4-9dd7-4978-a5e0-e612ec9eeb1a" testListId="8c84fa94-04c1-424b-9868-57a2d4851a1d" />
    <TestEntry testId="c3297c91-f6bc-0cde-3043-d58feabaeba1" executionId="117ffd83-4966-4073-8607-2bb1290ac37c" testListId="8c84fa94-04c1-424b-9868-57a2d4851a1d" />
    <TestEntry testId="9ca21c3f-f3b9-ca9d-61af-6f22fb97101e" executionId="14123a1f-cd81-4e11-814f-d782eb5ba570" testListId="8c84fa94-04c1-424b-9868-57a2d4851a1d" />
    <TestEntry testId="a72f5eba-c627-b224-5522-2973a7d35024" executionId="92c16ac9-1698-4b90-bf07-29302c1472a0" testListId="8c84fa94-04c1-424b-9868-57a2d4851a1d" />
    <TestEntry testId="f7c1417e-d7c9-d1a3-6c20-db23a73737ba" executionId="1c7586d5-4d62-41f1-a6d7-d3d9f45bc462" testListId="8c84fa94-04c1-424b-9868-57a2d4851a1d" />
    <TestEntry testId="76db1a62-61c5-8f17-67e5-e20f9e1afe10" executionId="de97bee3-fecb-4826-a616-61ce5d799d25" testListId="8c84fa94-04c1-424b-9868-57a2d4851a1d" />
    <TestEntry testId="4150f52c-7a59-04b1-46b4-c1309d56a6ae" executionId="5fbb0ffd-8973-4b14-a7c1-9b3281b557c1" testListId="8c84fa94-04c1-424b-9868-57a2d4851a1d" />
    <TestEntry testId="a6d019f7-24c7-9455-d064-17101450c07a" executionId="12d38752-fe82-4c0c-b818-8a1435caed77" testListId="8c84fa94-04c1-424b-9868-57a2d4851a1d" />
    <TestEntry testId="6dd93ece-b2d9-c047-1701-5125caafc93c" executionId="bdc80dbb-10d7-4c02-afec-89e983d5ee4c" testListId="8c84fa94-04c1-424b-9868-57a2d4851a1d" />
    <TestEntry testId="4fcbdfc2-9fa1-b348-7007-fd0de9123730" executionId="7931408e-94d4-4e19-8735-9dc3fb110efe" testListId="8c84fa94-04c1-424b-9868-57a2d4851a1d" />
    <TestEntry testId="81762df0-ea5d-8a09-41f4-7253efdc1ea7" executionId="89de6711-bf0d-4ac5-b8ae-d57f3353b5e8" testListId="8c84fa94-04c1-424b-9868-57a2d4851a1d" />
    <TestEntry testId="5f306aa7-f8ea-98e0-e93e-737dc496db06" executionId="b9cf273a-d84e-4d15-90dc-10dd819823f8" testListId="8c84fa94-04c1-424b-9868-57a2d4851a1d" />
    <TestEntry testId="7de3c5dc-a0b8-e687-ccbe-af54688c561e" executionId="b7b2064c-bed7-4167-b7a6-2532618cc881" testListId="8c84fa94-04c1-424b-9868-57a2d4851a1d" />
    <TestEntry testId="0409ac48-65c2-41d0-3e25-fe8c71e85530" executionId="f549cfea-4fd5-4e0a-872d-907c780659e4" testListId="8c84fa94-04c1-424b-9868-57a2d4851a1d" />
    <TestEntry testId="c408eea6-9ce2-c59e-37c4-046cf1688a06" executionId="b45e9e34-e4c6-43d2-b417-91faaefb2a88" testListId="8c84fa94-04c1-424b-9868-57a2d4851a1d" />
    <TestEntry testId="c2b9c844-993a-befd-2b4b-b05d7b4c1d01" executionId="1ad0ea8c-dac2-4c48-adb3-2871512b2bec" testListId="8c84fa94-04c1-424b-9868-57a2d4851a1d" />
    <TestEntry testId="66ab6f01-66c5-6430-ca58-08541b367951" executionId="a2ec21cb-0525-4375-8450-ec633eb8470d" testListId="8c84fa94-04c1-424b-9868-57a2d4851a1d" />
    <TestEntry testId="c2b4fbbd-c872-2494-54e1-9f2642320947" executionId="1d4d8518-ff28-4ded-ac0e-5e56e4ff54d7" testListId="8c84fa94-04c1-424b-9868-57a2d4851a1d" />
    <TestEntry testId="dcf81384-afb3-09f6-b0c5-cb7ade4b34d5" executionId="a97b9cb8-6833-4837-9e7f-7aa5cec5fea6" testListId="8c84fa94-04c1-424b-9868-57a2d4851a1d" />
    <TestEntry testId="ae7df8cc-7153-ba30-2d73-4dab13b157df" executionId="b648cd8b-4061-4743-8f5f-ce35886173da" testListId="8c84fa94-04c1-424b-9868-57a2d4851a1d" />
    <TestEntry testId="45a857f7-a88b-8e43-3a08-c31dcaffb2fb" executionId="9cb58410-68ee-4781-84eb-a531875ea7bd" testListId="8c84fa94-04c1-424b-9868-57a2d4851a1d" />
    <TestEntry testId="38704ee0-4f77-3275-f678-81b8571f3ce8" executionId="a70b3125-46ee-4e27-b993-c601092a5ee8" testListId="8c84fa94-04c1-424b-9868-57a2d4851a1d" />
    <TestEntry testId="4721722f-6517-c5a0-4ecf-92e289581183" executionId="0e31e92d-94ea-48f9-8956-a37faaa1bd38" testListId="8c84fa94-04c1-424b-9868-57a2d4851a1d" />
    <TestEntry testId="3714961f-f777-ed4d-e847-092d6512d577" executionId="f5f4ff31-9e59-4349-a302-83db472af54b" testListId="8c84fa94-04c1-424b-9868-57a2d4851a1d" />
    <TestEntry testId="f21b2be1-a630-0869-c71c-6c252df579c9" executionId="f834997a-9b27-4200-8138-0b1200c03b81" testListId="8c84fa94-04c1-424b-9868-57a2d4851a1d" />
    <TestEntry testId="6f3f58ad-f73d-99c5-e7ee-9f3fbb9dffbf" executionId="cf0bdcc0-0deb-444f-91e3-6fb731067236" testListId="8c84fa94-04c1-424b-9868-57a2d4851a1d" />
    <TestEntry testId="f56b38c4-a0f8-7f05-0c92-6f1d5841fff0" executionId="8995552e-effa-4eb5-8dba-657c45a1b28f" testListId="8c84fa94-04c1-424b-9868-57a2d4851a1d" />
    <TestEntry testId="e666c8e8-6238-573c-a0a6-69d5b94cbdbb" executionId="719da4df-589a-4e66-a30a-8ee668c3500a" testListId="8c84fa94-04c1-424b-9868-57a2d4851a1d" />
    <TestEntry testId="553908a0-8ec2-3ad2-257f-51a26d553603" executionId="a05052e9-ae9e-4841-9f8d-85769badd57e" testListId="8c84fa94-04c1-424b-9868-57a2d4851a1d" />
    <TestEntry testId="a237961b-42c6-0edf-26cb-74442cce3fcf" executionId="8052788b-b5af-4f04-8027-1ffd0caa6268" testListId="8c84fa94-04c1-424b-9868-57a2d4851a1d" />
    <TestEntry testId="3d1573fd-9042-19f9-1833-0de4c6c590f5" executionId="9f685053-e248-464f-b0bb-5bac18a884aa" testListId="8c84fa94-04c1-424b-9868-57a2d4851a1d" />
    <TestEntry testId="7cb1ed27-53c5-9af9-b003-0b1c4751cf43" executionId="b4840d35-9409-413f-8428-c9eb6099be60" testListId="8c84fa94-04c1-424b-9868-57a2d4851a1d" />
    <TestEntry testId="f804886e-16cd-4fd4-73ce-8404e2d482db" executionId="0aa013ad-f857-42b2-9ffc-b4e97806e918" testListId="8c84fa94-04c1-424b-9868-57a2d4851a1d" />
    <TestEntry testId="38704ee0-4f77-3275-f678-81b8571f3ce8" executionId="b7b9595c-ff24-438f-9cb6-5f7b8018f305" testListId="8c84fa94-04c1-424b-9868-57a2d4851a1d" />
    <TestEntry testId="ee541165-7450-5cd1-e735-f57f4597a3ba" executionId="582228b5-cc66-47f0-9d8f-adc0ad4ef4b7" testListId="8c84fa94-04c1-424b-9868-57a2d4851a1d" />
    <TestEntry testId="36407cff-78ee-af82-1b25-c92000f3aef6" executionId="b5119874-6c3c-4f9f-8727-021646945a46" testListId="8c84fa94-04c1-424b-9868-57a2d4851a1d" />
    <TestEntry testId="76708af8-37a2-33dd-a9d9-afdd7f14a8e7" executionId="499582a7-8814-4d73-a836-36d315654464" testListId="8c84fa94-04c1-424b-9868-57a2d4851a1d" />
    <TestEntry testId="dc66f261-82fb-20f6-e4c6-4795ebffaa80" executionId="fc522da8-e38f-4d21-9ac8-757044e32677" testListId="8c84fa94-04c1-424b-9868-57a2d4851a1d" />
    <TestEntry testId="e7c6b140-c720-4eb0-2ebc-e3ca37eac5d3" executionId="54c1c11a-375d-46df-892a-0c857e5243aa" testListId="8c84fa94-04c1-424b-9868-57a2d4851a1d" />
    <TestEntry testId="2f562687-65e1-118b-8d41-a3be6c064062" executionId="06e2645a-0aa3-4b1d-9462-6d8494e0009f" testListId="8c84fa94-04c1-424b-9868-57a2d4851a1d" />
    <TestEntry testId="f201bf65-a508-ee87-b171-cd35d7d42803" executionId="d49cdf8f-26b8-4147-ac0f-2c38cd7095ec" testListId="8c84fa94-04c1-424b-9868-57a2d4851a1d" />
    <TestEntry testId="38324a58-c9e4-fbf6-bc71-0a5c0617514e" executionId="7248081b-9102-4281-a20c-ee9488c06032" testListId="8c84fa94-04c1-424b-9868-57a2d4851a1d" />
    <TestEntry testId="d780ab63-eae1-8d83-d0fd-fbaf0472b84b" executionId="7b1efa39-efa3-4c40-89fb-072de1a202ca" testListId="8c84fa94-04c1-424b-9868-57a2d4851a1d" />
    <TestEntry testId="0b276519-8f0b-ed9e-5607-19e55f30b7a6" executionId="70f2a8ca-d191-4c74-8087-587f031bf209" testListId="8c84fa94-04c1-424b-9868-57a2d4851a1d" />
    <TestEntry testId="bcbdec92-9b32-e355-a350-ee032488e89c" executionId="d69a516d-750b-4b80-8881-65d93c745d55" testListId="8c84fa94-04c1-424b-9868-57a2d4851a1d" />
    <TestEntry testId="00451fc5-95e2-1c83-07b2-654987b3b9db" executionId="c60dfbac-5250-40d3-b975-fbf77fc439ae" testListId="8c84fa94-04c1-424b-9868-57a2d4851a1d" />
    <TestEntry testId="94ffc3a7-7236-b7a4-5df6-318e23f5a08d" executionId="87cd5dea-b3cd-407e-ba23-0442721dce10" testListId="8c84fa94-04c1-424b-9868-57a2d4851a1d" />
    <TestEntry testId="ac93d838-4f7e-1aa2-0ef9-84f25ddf69cf" executionId="315f1b1a-71d9-4c90-818f-ca3062384646" testListId="8c84fa94-04c1-424b-9868-57a2d4851a1d" />
    <TestEntry testId="4dd3adc9-62c5-306c-d052-f0647115dc36" executionId="fe2002af-a215-499a-8209-5dd3eb34765b" testListId="8c84fa94-04c1-424b-9868-57a2d4851a1d" />
    <TestEntry testId="4b3f7bd5-6aa1-c39e-a4d5-e408a8999744" executionId="eca804b3-b5a6-4375-add4-ffa00a3cc9c9" testListId="8c84fa94-04c1-424b-9868-57a2d4851a1d" />
    <TestEntry testId="76e62b16-cb6d-8209-d5e7-e81e1ba96e20" executionId="6e18adfb-bed1-43bf-a2f8-4724953d89a1" testListId="8c84fa94-04c1-424b-9868-57a2d4851a1d" />
    <TestEntry testId="c4b8ad06-524a-6b1d-2476-260c5993bfde" executionId="a3031413-0052-491f-8b31-9227aee7fa40" testListId="8c84fa94-04c1-424b-9868-57a2d4851a1d" />
    <TestEntry testId="275ce3d8-6ab5-43da-9ca3-7ebd99340f3d" executionId="f1f61d20-83e0-41a8-97ca-0e6c46bf834b" testListId="8c84fa94-04c1-424b-9868-57a2d4851a1d" />
    <TestEntry testId="bf21c7f9-f896-643d-af43-736b95e7e964" executionId="639b58cf-0d1c-4142-9ae0-b34639eb48e5" testListId="8c84fa94-04c1-424b-9868-57a2d4851a1d" />
    <TestEntry testId="c32d9fe6-7ad4-1943-120a-d6cca97efbb7" executionId="0a967cc0-2fe3-4e92-bdde-38b642785711" testListId="8c84fa94-04c1-424b-9868-57a2d4851a1d" />
    <TestEntry testId="38704ee0-4f77-3275-f678-81b8571f3ce8" executionId="0da7c732-f7b9-4108-8867-9b088b17b651" testListId="8c84fa94-04c1-424b-9868-57a2d4851a1d" />
    <TestEntry testId="38704ee0-4f77-3275-f678-81b8571f3ce8" executionId="22a4a675-f0bc-44fe-b057-cc43c92ae537" testListId="8c84fa94-04c1-424b-9868-57a2d4851a1d" />
    <TestEntry testId="c9cf3833-0155-d86c-5055-2a45fea6e776" executionId="fa8d2ff6-4908-429c-9292-29423f8dad28" testListId="8c84fa94-04c1-424b-9868-57a2d4851a1d" />
    <TestEntry testId="c8472c3f-b10e-00f3-d302-c98d4758bb93" executionId="c3e4fc33-6027-4929-b58c-235326761006" testListId="8c84fa94-04c1-424b-9868-57a2d4851a1d" />
    <TestEntry testId="17b66e86-75c4-d72d-5ceb-23304c70b731" executionId="0c58f3c3-05a7-4260-8fc3-49f9a36a0933" testListId="8c84fa94-04c1-424b-9868-57a2d4851a1d" />
    <TestEntry testId="9f1ef3ef-0c6e-acad-4047-7b2c55ab055c" executionId="7ecdcf0d-1473-4ba0-b854-48c3da0a9ce0" testListId="8c84fa94-04c1-424b-9868-57a2d4851a1d" />
    <TestEntry testId="69fc7dd3-b894-0ac8-ac09-6d3702ef9b60" executionId="fb247188-d7b3-4764-a197-9c6deaeb943d" testListId="8c84fa94-04c1-424b-9868-57a2d4851a1d" />
    <TestEntry testId="c2d4ebde-e980-0e54-8fae-b7072f81bdfb" executionId="3d557125-87ee-4bf8-a8aa-41a7ecee2449" testListId="8c84fa94-04c1-424b-9868-57a2d4851a1d" />
    <TestEntry testId="24c8247a-616e-02e6-be7d-8d04fb29e5cf" executionId="9b8e2172-236f-4265-8bf4-d754f892f10c" testListId="8c84fa94-04c1-424b-9868-57a2d4851a1d" />
    <TestEntry testId="8905751b-4ec2-45cc-0965-d24ee965033e" executionId="e7e458fe-74ed-4596-b465-46ea3a0170b7" testListId="8c84fa94-04c1-424b-9868-57a2d4851a1d" />
  </TestEntries>
  <TestLists>
    <TestList name="Results Not in a List" id="8c84fa94-04c1-424b-9868-57a2d4851a1d" />
    <TestList name="All Loaded Results" id="19431567-8539-422a-85d7-44ee4e166bda" />
  </TestLists>
  <ResultSummary outcome="Completed">
    <Counters total="153" executed="153" passed="153" failed="0" error="0" timeout="0" aborted="0" inconclusive="0" passedButRunAborted="0" notRunnable="0" notExecuted="0" disconnected="0" warning="0" completed="0" inProgress="0" pending="0" />
    <Output>
      <StdOut>[xUnit.net 00:00:00.00] xUnit.net VSTest Adapter v2.5.3.1+6b60a9e56a (64-bit .NET 8.0.22)&#xD;
[xUnit.net 00:00:01.04]   Discovering: TagEkyc.ArchTests&#xD;
[xUnit.net 00:00:01.45]   Discovered:  TagEkyc.ArchTests&#xD;
[xUnit.net 00:00:01.45]   Starting:    TagEkyc.ArchTests&#xD;
[xUnit.net 00:00:03.20]   Finished:    TagEkyc.ArchTests&#xD;
</StdOut>
    </Output>
  </ResultSummary>
</TestRun>