<?xml version="1.0" encoding="utf-8"?>
<TestRun id="f1160d5f-9e99-460b-a56a-e21bc39d4412" name="3AVNN@LEARNPC 2026-09-26 08:16:05" runUser="LEARNPC\3AVNN" xmlns="http://microsoft.com/schemas/VisualStudio/TeamTest/2010">
  <Times creation="2026-09-26T08:16:05.8772305+07:00" queuing="2026-09-26T08:16:05.8772309+07:00" start="2026-09-26T08:15:42.9250037+07:00" finish="2026-09-26T08:16:06.2091812+07:00" />
  <TestSettings name="default" id="d6202227-8ab4-4499-90f5-f89fb1aa934e">
    <Deployment runDeploymentRoot="3AVNN_LEARNPC_2026-09-26_08_16_05" />
  </TestSettings>
  <Results>
    <UnitTestResult executionId="4bc2513e-b691-4641-911e-2a3bf488a0ee" testId="0bf0734e-add8-f192-7e48-4a921b7e4e63" testName="TagEkyc.IntegrationTests.Tip88C1C1ResolverAssemblyTests.PostSealRecovery_F1_fresh_work_source_cannot_discover_seal_committed_obligation" computerName="LEARNPC" duration="00:00:09.7791146" startTime="2026-09-26T08:16:05.1250718+07:00" endTime="2026-09-26T08:16:05.1250871+07:00" testType="13cdc9d9-ddb5-4fa4-a97d-d965ccfc6d4b" outcome="Failed" testListId="8c84fa94-04c1-424b-9868-57a2d4851a1d" relativeResultsDirectory="4bc2513e-b691-4641-911e-2a3bf488a0ee">
      <Output>
        <ErrorInfo>
          <Message>Assert.Equal() Failure: Values differ&#xD;
Expected: ProviderUnavailable&#xD;
Actual:   StateConflict</Message>
          <StackTrace>   at TagEkyc.IntegrationTests.Tip88C1C1ResolverAssemblyTests.PostSealRecovery_F1_fresh_work_source_cannot_discover_seal_committed_obligation() in D:\Task\Remote Signing\TagEkyc\tests\TagEkyc.IntegrationTests\Tip88C1C1ResolverAssemblyTests.cs:line 1380&#xD;
   at TagEkyc.IntegrationTests.Tip88C1C1ResolverAssemblyTests.PostSealRecovery_F1_fresh_work_source_cannot_discover_seal_committed_obligation() in D:\Task\Remote Signing\TagEkyc\tests\TagEkyc.IntegrationTests\Tip88C1C1ResolverAssemblyTests.cs:line 1414&#xD;
--- End of stack trace from previous location ---</StackTrace>
        </ErrorInfo>
      </Output>
    </UnitTestResult>
  </Results>
  <TestDefinitions>
    <UnitTest name="TagEkyc.IntegrationTests.Tip88C1C1ResolverAssemblyTests.PostSealRecovery_F1_fresh_work_source_cannot_discover_seal_committed_obligation" storage="d:\task\remote signing\tagekyc\tests\tagekyc.integrationtests\bin\release\net8.0\tagekyc.integrationtests.dll" id="0bf0734e-add8-f192-7e48-4a921b7e4e63">
      <Execution id="4bc2513e-b691-4641-911e-2a3bf488a0ee" />
      <TestMethod codeBase="D:\Task\Remote Signing\TagEkyc\tests\TagEkyc.IntegrationTests\bin\Release\net8.0\TagEkyc.IntegrationTests.dll" adapterTypeName="executor://xunit/VsTestRunner2/netcoreapp" className="TagEkyc.IntegrationTests.Tip88C1C1ResolverAssemblyTests" name="PostSealRecovery_F1_fresh_work_source_cannot_discover_seal_committed_obligation" />
    </UnitTest>
  </TestDefinitions>
  <TestEntries>
    <TestEntry testId="0bf0734e-add8-f192-7e48-4a921b7e4e63" executionId="4bc2513e-b691-4641-911e-2a3bf488a0ee" testListId="8c84fa94-04c1-424b-9868-57a2d4851a1d" />
  </TestEntries>
  <TestLists>
    <TestList name="Results Not in a List" id="8c84fa94-04c1-424b-9868-57a2d4851a1d" />
    <TestList name="All Loaded Results" id="19431567-8539-422a-85d7-44ee4e166bda" />
  </TestLists>
  <ResultSummary outcome="Failed">
    <Counters total="1" executed="1" passed="0" failed="1" error="0" timeout="0" aborted="0" inconclusive="0" passedButRunAborted="0" notRunnable="0" notExecuted="0" disconnected="0" warning="0" completed="0" inProgress="0" pending="0" />
    <Output>
      <StdOut>[xUnit.net 00:00:00.00] xUnit.net VSTest Adapter v2.5.3.1+6b60a9e56a (64-bit .NET 8.0.22)&#xD;
[xUnit.net 00:00:00.73]   Discovering: TagEkyc.IntegrationTests&#xD;
[xUnit.net 00:00:00.88]   Discovered:  TagEkyc.IntegrationTests&#xD;
[xUnit.net 00:00:00.88]   Starting:    TagEkyc.IntegrationTests&#xD;
[xUnit.net 00:00:21.79]       Assert.Equal() Failure: Values differ&#xD;
[xUnit.net 00:00:21.79]       Expected: ProviderUnavailable&#xD;
[xUnit.net 00:00:21.79]       Actual:   StateConflict&#xD;
[xUnit.net 00:00:21.79]       Stack Trace:&#xD;
[xUnit.net 00:00:21.79]         D:\Task\Remote Signing\TagEkyc\tests\TagEkyc.IntegrationTests\Tip88C1C1ResolverAssemblyTests.cs(1380,0): at TagEkyc.IntegrationTests.Tip88C1C1ResolverAssemblyTests.PostSealRecovery_F1_fresh_work_source_cannot_discover_seal_committed_obligation()&#xD;
[xUnit.net 00:00:21.79]         D:\Task\Remote Signing\TagEkyc\tests\TagEkyc.IntegrationTests\Tip88C1C1ResolverAssemblyTests.cs(1414,0): at TagEkyc.IntegrationTests.Tip88C1C1ResolverAssemblyTests.PostSealRecovery_F1_fresh_work_source_cannot_discover_seal_committed_obligation()&#xD;
[xUnit.net 00:00:21.79]         --- End of stack trace from previous location ---&#xD;
[xUnit.net 00:00:22.82]   Finished:    TagEkyc.IntegrationTests&#xD;
</StdOut>
    </Output>
    <RunInfos>
      <RunInfo computerName="LEARNPC" outcome="Error" timestamp="2026-09-26T08:16:05.1232427+07:00">
        <Text>[xUnit.net 00:00:21.79]     TagEkyc.IntegrationTests.Tip88C1C1ResolverAssemblyTests.PostSealRecovery_F1_fresh_work_source_cannot_discover_seal_committed_obligation [FAIL]</Text>
      </RunInfo>
    </RunInfos>
  </ResultSummary>
</TestRun>