<?xml version="1.0" encoding="utf-8"?>
<TestRun id="684fcdb2-1974-475c-b22b-21fb5f4564d7" name="3AVNN@LEARNPC 2026-09-26 16:00:44" runUser="LEARNPC\3AVNN" xmlns="http://microsoft.com/schemas/VisualStudio/TeamTest/2010">
  <Times creation="2026-09-26T16:00:44.8817918+07:00" queuing="2026-09-26T16:00:44.8817922+07:00" start="2026-09-26T16:00:35.5888585+07:00" finish="2026-09-26T16:01:34.6361536+07:00" />
  <TestSettings name="default" id="4d498723-a8df-4de9-b483-85a90236c694">
    <Deployment runDeploymentRoot="3AVNN_LEARNPC_2026-09-26_16_00_44" />
  </TestSettings>
  <Results>
    <UnitTestResult executionId="ac526da5-c9bb-436c-b11f-86fef71c5ab8" testId="5348d033-71d0-0a56-b92c-683aaaa2fe18" testName="TagEkyc.IntegrationTests.Tip88C1C1ResolverAssemblyTests.PostSealRecovery_legacy_finalize_capability_cannot_bypass_current_claim" computerName="LEARNPC" duration="00:00:17.1770400" startTime="2026-09-26T16:01:33.0487986+07:00" endTime="2026-09-26T16:01:33.0487989+07:00" testType="13cdc9d9-ddb5-4fa4-a97d-d965ccfc6d4b" outcome="Passed" testListId="8c84fa94-04c1-424b-9868-57a2d4851a1d" relativeResultsDirectory="ac526da5-c9bb-436c-b11f-86fef71c5ab8" />
    <UnitTestResult executionId="3c00d034-75b0-4aec-987e-b89f37008f2c" testId="db8fd640-f506-27dc-b830-448f33347421" testName="TagEkyc.IntegrationTests.RawExportAssemblyPostSealRecoveryMigrationTests.Post_seal_recovery_apply_down_reapply_preserves_catalog_security_and_guards" computerName="LEARNPC" duration="00:00:07.1659705" startTime="2026-09-26T16:00:43.5467244+07:00" endTime="2026-09-26T16:00:43.5467422+07:00" testType="13cdc9d9-ddb5-4fa4-a97d-d965ccfc6d4b" outcome="Failed" testListId="8c84fa94-04c1-424b-9868-57a2d4851a1d" relativeResultsDirectory="3c00d034-75b0-4aec-987e-b89f37008f2c">
      <Output>
        <ErrorInfo>
          <Message>Npgsql.PostgresException : 42601: syntax error at or near "UNION"&#xD;
&#xD;
POSITION: 3074</Message>
          <StackTrace>   at Npgsql.Internal.NpgsqlConnector.ReadMessageLong(Boolean async, DataRowLoadingMode dataRowLoadingMode, Boolean readingNotifications, Boolean isReadingPrependedMessage)&#xD;
   at System.Runtime.CompilerServices.PoolingAsyncValueTaskMethodBuilder`1.StateMachineBox`1.System.Threading.Tasks.Sources.IValueTaskSource&lt;TResult&gt;.GetResult(Int16 token)&#xD;
   at Npgsql.NpgsqlDataReader.NextResult(Boolean async, Boolean isConsuming, CancellationToken cancellationToken)&#xD;
   at Npgsql.NpgsqlDataReader.NextResult(Boolean async, Boolean isConsuming, CancellationToken cancellationToken)&#xD;
   at Npgsql.NpgsqlCommand.ExecuteReader(Boolean async, CommandBehavior behavior, CancellationToken cancellationToken)&#xD;
   at Npgsql.NpgsqlCommand.ExecuteReader(Boolean async, CommandBehavior behavior, CancellationToken cancellationToken)&#xD;
   at Npgsql.NpgsqlCommand.ExecuteScalar(Boolean async, CancellationToken cancellationToken)&#xD;
   at TagEkyc.IntegrationTests.RawExportAssemblyPostSealRecoveryMigrationTests.ReadCatalogAsync(TagEkycDbContext db) in D:\Task\Remote Signing\TagEkyc\tests\TagEkyc.IntegrationTests\RawExportAssemblyPostSealRecoveryMigrationTests.cs:line 116&#xD;
   at TagEkyc.IntegrationTests.RawExportAssemblyPostSealRecoveryMigrationTests.ReadCatalogAsync(TagEkycDbContext db) in D:\Task\Remote Signing\TagEkyc\tests\TagEkyc.IntegrationTests\RawExportAssemblyPostSealRecoveryMigrationTests.cs:line 116&#xD;
   at TagEkyc.IntegrationTests.RawExportAssemblyPostSealRecoveryMigrationTests.Post_seal_recovery_apply_down_reapply_preserves_catalog_security_and_guards() in D:\Task\Remote Signing\TagEkyc\tests\TagEkyc.IntegrationTests\RawExportAssemblyPostSealRecoveryMigrationTests.cs:line 22&#xD;
   at TagEkyc.IntegrationTests.RawExportAssemblyPostSealRecoveryMigrationTests.Post_seal_recovery_apply_down_reapply_preserves_catalog_security_and_guards() in D:\Task\Remote Signing\TagEkyc\tests\TagEkyc.IntegrationTests\RawExportAssemblyPostSealRecoveryMigrationTests.cs:line 42&#xD;
   at TagEkyc.IntegrationTests.RawExportAssemblyPostSealRecoveryMigrationTests.Post_seal_recovery_apply_down_reapply_preserves_catalog_security_and_guards() in D:\Task\Remote Signing\TagEkyc\tests\TagEkyc.IntegrationTests\RawExportAssemblyPostSealRecoveryMigrationTests.cs:line 42&#xD;
--- End of stack trace from previous location ---</StackTrace>
        </ErrorInfo>
      </Output>
    </UnitTestResult>
  </Results>
  <TestDefinitions>
    <UnitTest name="TagEkyc.IntegrationTests.Tip88C1C1ResolverAssemblyTests.PostSealRecovery_legacy_finalize_capability_cannot_bypass_current_claim" storage="d:\task\remote signing\tagekyc\tests\tagekyc.integrationtests\bin\release\net8.0\tagekyc.integrationtests.dll" id="5348d033-71d0-0a56-b92c-683aaaa2fe18">
      <Execution id="ac526da5-c9bb-436c-b11f-86fef71c5ab8" />
      <TestMethod codeBase="D:\Task\Remote Signing\TagEkyc\tests\TagEkyc.IntegrationTests\bin\Release\net8.0\TagEkyc.IntegrationTests.dll" adapterTypeName="executor://xunit/VsTestRunner2/netcoreapp" className="TagEkyc.IntegrationTests.Tip88C1C1ResolverAssemblyTests" name="PostSealRecovery_legacy_finalize_capability_cannot_bypass_current_claim" />
    </UnitTest>
    <UnitTest name="TagEkyc.IntegrationTests.RawExportAssemblyPostSealRecoveryMigrationTests.Post_seal_recovery_apply_down_reapply_preserves_catalog_security_and_guards" storage="d:\task\remote signing\tagekyc\tests\tagekyc.integrationtests\bin\release\net8.0\tagekyc.integrationtests.dll" id="db8fd640-f506-27dc-b830-448f33347421">
      <Execution id="3c00d034-75b0-4aec-987e-b89f37008f2c" />
      <TestMethod codeBase="D:\Task\Remote Signing\TagEkyc\tests\TagEkyc.IntegrationTests\bin\Release\net8.0\TagEkyc.IntegrationTests.dll" adapterTypeName="executor://xunit/VsTestRunner2/netcoreapp" className="TagEkyc.IntegrationTests.RawExportAssemblyPostSealRecoveryMigrationTests" name="Post_seal_recovery_apply_down_reapply_preserves_catalog_security_and_guards" />
    </UnitTest>
  </TestDefinitions>
  <TestEntries>
    <TestEntry testId="5348d033-71d0-0a56-b92c-683aaaa2fe18" executionId="ac526da5-c9bb-436c-b11f-86fef71c5ab8" testListId="8c84fa94-04c1-424b-9868-57a2d4851a1d" />
    <TestEntry testId="db8fd640-f506-27dc-b830-448f33347421" executionId="3c00d034-75b0-4aec-987e-b89f37008f2c" testListId="8c84fa94-04c1-424b-9868-57a2d4851a1d" />
  </TestEntries>
  <TestLists>
    <TestList name="Results Not in a List" id="8c84fa94-04c1-424b-9868-57a2d4851a1d" />
    <TestList name="All Loaded Results" id="19431567-8539-422a-85d7-44ee4e166bda" />
  </TestLists>
  <ResultSummary outcome="Failed">
    <Counters total="2" executed="2" passed="1" failed="1" error="0" timeout="0" aborted="0" inconclusive="0" passedButRunAborted="0" notRunnable="0" notExecuted="0" disconnected="0" warning="0" completed="0" inProgress="0" pending="0" />
    <Output>
      <StdOut>[xUnit.net 00:00:00.00] xUnit.net VSTest Adapter v2.5.3.1+6b60a9e56a (64-bit .NET 8.0.22)&#xD;
[xUnit.net 00:00:00.30]   Discovering: TagEkyc.IntegrationTests&#xD;
[xUnit.net 00:00:00.44]   Discovered:  TagEkyc.IntegrationTests&#xD;
[xUnit.net 00:00:00.44]   Starting:    TagEkyc.IntegrationTests&#xD;
[xUnit.net 00:00:07.65]       Npgsql.PostgresException : 42601: syntax error at or near "UNION"&#xD;
[xUnit.net 00:00:07.65]       &#xD;
[xUnit.net 00:00:07.65]       POSITION: 3074&#xD;
[xUnit.net 00:00:07.65]       Stack Trace:&#xD;
[xUnit.net 00:00:07.66]            at Npgsql.Internal.NpgsqlConnector.ReadMessageLong(Boolean async, DataRowLoadingMode dataRowLoadingMode, Boolean readingNotifications, Boolean isReadingPrependedMessage)&#xD;
[xUnit.net 00:00:07.66]            at System.Runtime.CompilerServices.PoolingAsyncValueTaskMethodBuilder`1.StateMachineBox`1.System.Threading.Tasks.Sources.IValueTaskSource&lt;TResult&gt;.GetResult(Int16 token)&#xD;
[xUnit.net 00:00:07.66]            at Npgsql.NpgsqlDataReader.NextResult(Boolean async, Boolean isConsuming, CancellationToken cancellationToken)&#xD;
[xUnit.net 00:00:07.66]            at Npgsql.NpgsqlDataReader.NextResult(Boolean async, Boolean isConsuming, CancellationToken cancellationToken)&#xD;
[xUnit.net 00:00:07.66]            at Npgsql.NpgsqlCommand.ExecuteReader(Boolean async, CommandBehavior behavior, CancellationToken cancellationToken)&#xD;
[xUnit.net 00:00:07.66]            at Npgsql.NpgsqlCommand.ExecuteReader(Boolean async, CommandBehavior behavior, CancellationToken cancellationToken)&#xD;
[xUnit.net 00:00:07.66]            at Npgsql.NpgsqlCommand.ExecuteScalar(Boolean async, CancellationToken cancellationToken)&#xD;
[xUnit.net 00:00:07.66]         D:\Task\Remote Signing\TagEkyc\tests\TagEkyc.IntegrationTests\RawExportAssemblyPostSealRecoveryMigrationTests.cs(116,0): at TagEkyc.IntegrationTests.RawExportAssemblyPostSealRecoveryMigrationTests.ReadCatalogAsync(TagEkycDbContext db)&#xD;
[xUnit.net 00:00:07.66]         D:\Task\Remote Signing\TagEkyc\tests\TagEkyc.IntegrationTests\RawExportAssemblyPostSealRecoveryMigrationTests.cs(116,0): at TagEkyc.IntegrationTests.RawExportAssemblyPostSealRecoveryMigrationTests.ReadCatalogAsync(TagEkycDbContext db)&#xD;
[xUnit.net 00:00:07.66]         D:\Task\Remote Signing\TagEkyc\tests\TagEkyc.IntegrationTests\RawExportAssemblyPostSealRecoveryMigrationTests.cs(22,0): at TagEkyc.IntegrationTests.RawExportAssemblyPostSealRecoveryMigrationTests.Post_seal_recovery_apply_down_reapply_preserves_catalog_security_and_guards()&#xD;
[xUnit.net 00:00:07.66]         D:\Task\Remote Signing\TagEkyc\tests\TagEkyc.IntegrationTests\RawExportAssemblyPostSealRecoveryMigrationTests.cs(42,0): at TagEkyc.IntegrationTests.RawExportAssemblyPostSealRecoveryMigrationTests.Post_seal_recovery_apply_down_reapply_preserves_catalog_security_and_guards()&#xD;
[xUnit.net 00:00:07.66]         D:\Task\Remote Signing\TagEkyc\tests\TagEkyc.IntegrationTests\RawExportAssemblyPostSealRecoveryMigrationTests.cs(42,0): at TagEkyc.IntegrationTests.RawExportAssemblyPostSealRecoveryMigrationTests.Post_seal_recovery_apply_down_reapply_preserves_catalog_security_and_guards()&#xD;
[xUnit.net 00:00:07.66]         --- End of stack trace from previous location ---&#xD;
[xUnit.net 00:00:58.68]   Finished:    TagEkyc.IntegrationTests&#xD;
</StdOut>
    </Output>
    <RunInfos>
      <RunInfo computerName="LEARNPC" outcome="Error" timestamp="2026-09-26T16:00:43.5435125+07:00">
        <Text>[xUnit.net 00:00:07.65]     TagEkyc.IntegrationTests.RawExportAssemblyPostSealRecoveryMigrationTests.Post_seal_recovery_apply_down_reapply_preserves_catalog_security_and_guards [FAIL]</Text>
      </RunInfo>
    </RunInfos>
  </ResultSummary>
</TestRun>