<?xml version="1.0" encoding="utf-8"?>
<TestRun id="19a16767-5942-4d64-9674-01c455d377b5" name="3AVNN@LEARNPC 2026-09-24 10:04:12" runUser="LEARNPC\3AVNN" xmlns="http://microsoft.com/schemas/VisualStudio/TeamTest/2010">
  <Times creation="2026-09-24T10:04:12.7741920+07:00" queuing="2026-09-24T10:04:12.7741924+07:00" start="2026-09-24T10:03:59.0858033+07:00" finish="2026-09-24T10:04:12.7789026+07:00" />
  <TestSettings name="default" id="2176ba95-5728-49fc-b60c-ae6e2643d90f">
    <Deployment runDeploymentRoot="3AVNN_LEARNPC_2026-09-24_10_04_12" />
  </TestSettings>
  <Results>
    <UnitTestResult executionId="82dded92-95a4-466e-aa04-7425b7b809ba" testId="cc806e37-84b4-2077-696c-769ca41f777e" testName="TagEkyc.IntegrationTests.Tip88C1C5RecipientManagementTests.C504_credential_response_does_not_expose_policy_authority" computerName="LEARNPC" duration="00:00:00.0010000" startTime="2026-09-24T10:04:12.4759291+07:00" endTime="2026-09-24T10:04:12.4759517+07:00" testType="13cdc9d9-ddb5-4fa4-a97d-d965ccfc6d4b" outcome="Failed" testListId="8c84fa94-04c1-424b-9868-57a2d4851a1d" relativeResultsDirectory="82dded92-95a4-466e-aa04-7425b7b809ba">
      <Output>
        <ErrorInfo>
          <Message>Npgsql.PostgresException : P0001: RAW_EXPORT_DELIVERY_CREDENTIAL_FUNCTION_NOT_UPDATED:raw_export_revoke_recipient_credential</Message>
          <StackTrace>   at Npgsql.Internal.NpgsqlConnector.ReadMessageLong(Boolean async, DataRowLoadingMode dataRowLoadingMode, Boolean readingNotifications, Boolean isReadingPrependedMessage)&#xD;
   at System.Runtime.CompilerServices.PoolingAsyncValueTaskMethodBuilder`1.StateMachineBox`1.System.Threading.Tasks.Sources.IValueTaskSource&lt;TResult&gt;.GetResult(Int16 token)&#xD;
   at Npgsql.NpgsqlDataReader.NextResult(Boolean async, Boolean isConsuming, CancellationToken cancellationToken)&#xD;
   at Npgsql.NpgsqlDataReader.NextResult(Boolean async, Boolean isConsuming, CancellationToken cancellationToken)&#xD;
   at Npgsql.NpgsqlCommand.ExecuteReader(Boolean async, CommandBehavior behavior, CancellationToken cancellationToken)&#xD;
   at Npgsql.NpgsqlCommand.ExecuteReader(Boolean async, CommandBehavior behavior, CancellationToken cancellationToken)&#xD;
   at Npgsql.NpgsqlCommand.ExecuteNonQuery(Boolean async, CancellationToken cancellationToken)&#xD;
   at Microsoft.EntityFrameworkCore.Storage.RelationalCommand.ExecuteNonQueryAsync(RelationalCommandParameterObject parameterObject, CancellationToken cancellationToken)&#xD;
   at Microsoft.EntityFrameworkCore.Storage.RelationalCommand.ExecuteNonQueryAsync(RelationalCommandParameterObject parameterObject, CancellationToken cancellationToken)&#xD;
   at Microsoft.EntityFrameworkCore.Storage.RelationalCommand.ExecuteNonQueryAsync(RelationalCommandParameterObject parameterObject, CancellationToken cancellationToken)&#xD;
   at Microsoft.EntityFrameworkCore.Migrations.Internal.MigrationCommandExecutor.ExecuteNonQueryAsync(IEnumerable`1 migrationCommands, IRelationalConnection connection, CancellationToken cancellationToken)&#xD;
   at Microsoft.EntityFrameworkCore.Migrations.Internal.MigrationCommandExecutor.ExecuteNonQueryAsync(IEnumerable`1 migrationCommands, IRelationalConnection connection, CancellationToken cancellationToken)&#xD;
   at Microsoft.EntityFrameworkCore.Migrations.Internal.MigrationCommandExecutor.ExecuteNonQueryAsync(IEnumerable`1 migrationCommands, IRelationalConnection connection, CancellationToken cancellationToken)&#xD;
   at Microsoft.EntityFrameworkCore.Migrations.Internal.MigrationCommandExecutor.ExecuteNonQueryAsync(IEnumerable`1 migrationCommands, IRelationalConnection connection, CancellationToken cancellationToken)&#xD;
   at Microsoft.EntityFrameworkCore.Migrations.Internal.Migrator.MigrateAsync(String targetMigration, CancellationToken cancellationToken)&#xD;
   at Npgsql.EntityFrameworkCore.PostgreSQL.Migrations.Internal.NpgsqlMigrator.MigrateAsync(String targetMigration, CancellationToken cancellationToken)&#xD;
   at TagEkyc.IntegrationTests.PostgresPersistenceFixture.ResetDatabaseAsync() in D:\Task\Remote Signing\TagEkyc\tests\TagEkyc.IntegrationTests\PostgresPersistenceFixture.cs:line 54&#xD;
   at TagEkyc.IntegrationTests.PostgresPersistenceFixture.ResetDatabaseAsync() in D:\Task\Remote Signing\TagEkyc\tests\TagEkyc.IntegrationTests\PostgresPersistenceFixture.cs:line 55&#xD;
   at TagEkyc.IntegrationTests.PostgresPersistenceFixture.InitializeAsync() in D:\Task\Remote Signing\TagEkyc\tests\TagEkyc.IntegrationTests\PostgresPersistenceFixture.cs:line 34&#xD;
   at TagEkyc.IntegrationTests.PostgresPersistenceFixture.InitializeAsync() in D:\Task\Remote Signing\TagEkyc\tests\TagEkyc.IntegrationTests\PostgresPersistenceFixture.cs:line 39</StackTrace>
        </ErrorInfo>
      </Output>
    </UnitTestResult>
  </Results>
  <TestDefinitions>
    <UnitTest name="TagEkyc.IntegrationTests.Tip88C1C5RecipientManagementTests.C504_credential_response_does_not_expose_policy_authority" storage="d:\task\remote signing\tagekyc\tests\tagekyc.integrationtests\bin\debug\net8.0\tagekyc.integrationtests.dll" id="cc806e37-84b4-2077-696c-769ca41f777e">
      <Execution id="82dded92-95a4-466e-aa04-7425b7b809ba" />
      <TestMethod codeBase="D:\Task\Remote Signing\TagEkyc\tests\TagEkyc.IntegrationTests\bin\Debug\net8.0\TagEkyc.IntegrationTests.dll" adapterTypeName="executor://xunit/VsTestRunner2/netcoreapp" className="TagEkyc.IntegrationTests.Tip88C1C5RecipientManagementTests" name="C504_credential_response_does_not_expose_policy_authority" />
    </UnitTest>
  </TestDefinitions>
  <TestEntries>
    <TestEntry testId="cc806e37-84b4-2077-696c-769ca41f777e" executionId="82dded92-95a4-466e-aa04-7425b7b809ba" testListId="8c84fa94-04c1-424b-9868-57a2d4851a1d" />
  </TestEntries>
  <TestLists>
    <TestList name="Results Not in a List" id="8c84fa94-04c1-424b-9868-57a2d4851a1d" />
    <TestList name="All Loaded Results" id="19431567-8539-422a-85d7-44ee4e166bda" />
  </TestLists>
  <ResultSummary outcome="Failed">
    <Counters total="1" executed="1" passed="0" failed="1" error="0" timeout="0" aborted="0" inconclusive="0" passedButRunAborted="0" notRunnable="0" notExecuted="0" disconnected="0" warning="0" completed="0" inProgress="0" pending="0" />
    <Output>
      <StdOut>[xUnit.net 00:00:00.00] xUnit.net VSTest Adapter v2.5.3.1+6b60a9e56a (64-bit .NET 8.0.22)&#xD;
[xUnit.net 00:00:00.45]   Discovering: TagEkyc.IntegrationTests&#xD;
[xUnit.net 00:00:00.62]   Discovered:  TagEkyc.IntegrationTests&#xD;
[xUnit.net 00:00:00.63]   Starting:    TagEkyc.IntegrationTests&#xD;
[xUnit.net 00:00:13.05]       Npgsql.PostgresException : P0001: RAW_EXPORT_DELIVERY_CREDENTIAL_FUNCTION_NOT_UPDATED:raw_export_revoke_recipient_credential&#xD;
[xUnit.net 00:00:13.05]       Stack Trace:&#xD;
[xUnit.net 00:00:13.05]            at Npgsql.Internal.NpgsqlConnector.ReadMessageLong(Boolean async, DataRowLoadingMode dataRowLoadingMode, Boolean readingNotifications, Boolean isReadingPrependedMessage)&#xD;
[xUnit.net 00:00:13.05]            at System.Runtime.CompilerServices.PoolingAsyncValueTaskMethodBuilder`1.StateMachineBox`1.System.Threading.Tasks.Sources.IValueTaskSource&lt;TResult&gt;.GetResult(Int16 token)&#xD;
[xUnit.net 00:00:13.05]            at Npgsql.NpgsqlDataReader.NextResult(Boolean async, Boolean isConsuming, CancellationToken cancellationToken)&#xD;
[xUnit.net 00:00:13.05]            at Npgsql.NpgsqlDataReader.NextResult(Boolean async, Boolean isConsuming, CancellationToken cancellationToken)&#xD;
[xUnit.net 00:00:13.05]            at Npgsql.NpgsqlCommand.ExecuteReader(Boolean async, CommandBehavior behavior, CancellationToken cancellationToken)&#xD;
[xUnit.net 00:00:13.05]            at Npgsql.NpgsqlCommand.ExecuteReader(Boolean async, CommandBehavior behavior, CancellationToken cancellationToken)&#xD;
[xUnit.net 00:00:13.05]            at Npgsql.NpgsqlCommand.ExecuteNonQuery(Boolean async, CancellationToken cancellationToken)&#xD;
[xUnit.net 00:00:13.05]            at Microsoft.EntityFrameworkCore.Storage.RelationalCommand.ExecuteNonQueryAsync(RelationalCommandParameterObject parameterObject, CancellationToken cancellationToken)&#xD;
[xUnit.net 00:00:13.05]            at Microsoft.EntityFrameworkCore.Storage.RelationalCommand.ExecuteNonQueryAsync(RelationalCommandParameterObject parameterObject, CancellationToken cancellationToken)&#xD;
[xUnit.net 00:00:13.05]            at Microsoft.EntityFrameworkCore.Storage.RelationalCommand.ExecuteNonQueryAsync(RelationalCommandParameterObject parameterObject, CancellationToken cancellationToken)&#xD;
[xUnit.net 00:00:13.05]            at Microsoft.EntityFrameworkCore.Migrations.Internal.MigrationCommandExecutor.ExecuteNonQueryAsync(IEnumerable`1 migrationCommands, IRelationalConnection connection, CancellationToken cancellationToken)&#xD;
[xUnit.net 00:00:13.05]            at Microsoft.EntityFrameworkCore.Migrations.Internal.MigrationCommandExecutor.ExecuteNonQueryAsync(IEnumerable`1 migrationCommands, IRelationalConnection connection, CancellationToken cancellationToken)&#xD;
[xUnit.net 00:00:13.05]            at Microsoft.EntityFrameworkCore.Migrations.Internal.MigrationCommandExecutor.ExecuteNonQueryAsync(IEnumerable`1 migrationCommands, IRelationalConnection connection, CancellationToken cancellationToken)&#xD;
[xUnit.net 00:00:13.05]            at Microsoft.EntityFrameworkCore.Migrations.Internal.MigrationCommandExecutor.ExecuteNonQueryAsync(IEnumerable`1 migrationCommands, IRelationalConnection connection, CancellationToken cancellationToken)&#xD;
[xUnit.net 00:00:13.05]            at Microsoft.EntityFrameworkCore.Migrations.Internal.Migrator.MigrateAsync(String targetMigration, CancellationToken cancellationToken)&#xD;
[xUnit.net 00:00:13.05]            at Npgsql.EntityFrameworkCore.PostgreSQL.Migrations.Internal.NpgsqlMigrator.MigrateAsync(String targetMigration, CancellationToken cancellationToken)&#xD;
[xUnit.net 00:00:13.05]         D:\Task\Remote Signing\TagEkyc\tests\TagEkyc.IntegrationTests\PostgresPersistenceFixture.cs(54,0): at TagEkyc.IntegrationTests.PostgresPersistenceFixture.ResetDatabaseAsync()&#xD;
[xUnit.net 00:00:13.05]         D:\Task\Remote Signing\TagEkyc\tests\TagEkyc.IntegrationTests\PostgresPersistenceFixture.cs(55,0): at TagEkyc.IntegrationTests.PostgresPersistenceFixture.ResetDatabaseAsync()&#xD;
[xUnit.net 00:00:13.05]         D:\Task\Remote Signing\TagEkyc\tests\TagEkyc.IntegrationTests\PostgresPersistenceFixture.cs(34,0): at TagEkyc.IntegrationTests.PostgresPersistenceFixture.InitializeAsync()&#xD;
[xUnit.net 00:00:13.05]         D:\Task\Remote Signing\TagEkyc\tests\TagEkyc.IntegrationTests\PostgresPersistenceFixture.cs(39,0): at TagEkyc.IntegrationTests.PostgresPersistenceFixture.InitializeAsync()&#xD;
[xUnit.net 00:00:13.19]   Finished:    TagEkyc.IntegrationTests&#xD;
</StdOut>
    </Output>
    <RunInfos>
      <RunInfo computerName="LEARNPC" outcome="Error" timestamp="2026-09-24T10:04:12.4825409+07:00">
        <Text>[xUnit.net 00:00:13.05]     TagEkyc.IntegrationTests.Tip88C1C5RecipientManagementTests.C504_credential_response_does_not_expose_policy_authority [FAIL]</Text>
      </RunInfo>
    </RunInfos>
  </ResultSummary>
</TestRun>